2018/01/29 18:56:58 INFO  - jmeter.util.JMeterUtils: Setting Locale to en_US 
2018/01/29 18:56:58 INFO  - jmeter.JMeter: Loading user properties from: /Users/michael.redman/Dropbox/AppDynamics/Development/JMeter/apache-jmeter-2.13JP1.3.1WD/bin/user.properties 
2018/01/29 18:56:58 INFO  - jmeter.JMeter: Loading system properties from: /Users/michael.redman/Dropbox/AppDynamics/Development/JMeter/apache-jmeter-2.13JP1.3.1WD/bin/system.properties 
2018/01/29 18:56:58 INFO  - jmeter.JMeter: Copyright (c) 1998-2015 The Apache Software Foundation 
2018/01/29 18:56:58 INFO  - jmeter.JMeter: Version 2.13 r1665067 
2018/01/29 18:56:58 INFO  - jmeter.JMeter: java.version=1.8.0_131 
2018/01/29 18:56:58 INFO  - jmeter.JMeter: java.vm.name=Java HotSpot(TM) 64-Bit Server VM 
2018/01/29 18:56:58 INFO  - jmeter.JMeter: os.name=Mac OS X 
2018/01/29 18:56:58 INFO  - jmeter.JMeter: os.arch=x86_64 
2018/01/29 18:56:58 INFO  - jmeter.JMeter: os.version=10.13.2 
2018/01/29 18:56:58 INFO  - jmeter.JMeter: file.encoding=UTF-8 
2018/01/29 18:56:58 INFO  - jmeter.JMeter: Default Locale=English (United States) 
2018/01/29 18:56:58 INFO  - jmeter.JMeter: JMeter  Locale=English (United States) 
2018/01/29 18:56:58 INFO  - jmeter.JMeter: JMeterHome=/Users/michael.redman/Dropbox/AppDynamics/Development/JMeter/apache-jmeter-2.13JP1.3.1WD 
2018/01/29 18:56:58 INFO  - jmeter.JMeter: user.dir  =/Users/michael.redman/Dropbox/AppDynamics/Labs/DataDog/hiring-engineers 
2018/01/29 18:56:58 INFO  - jmeter.JMeter: PWD       =/Users/michael.redman/Dropbox/AppDynamics/Labs/DataDog/hiring-engineers 
2018/01/29 18:56:58 INFO  - jmeter.JMeter: IP: 192.168.1.176 Name: osxltmredman.hsd1.ca.comcast.net FullName: osxltmredman.hsd1.ca.comcast.net 
2018/01/29 18:57:01 INFO  - jmeter.gui.action.LookAndFeelCommand: Using look and feel: com.apple.laf.AquaLookAndFeel [Mac OS X, System] 
2018/01/29 18:57:01 INFO  - jmeter.JMeter: Loaded icon properties from org/apache/jmeter/images/icon.properties 
2018/01/29 18:57:04 INFO  - jmeter.engine.util.CompoundVariable: Note: Function class names must contain the string: '.functions.' 
2018/01/29 18:57:04 INFO  - jmeter.engine.util.CompoundVariable: Note: Function class names must not contain the string: '.gui.' 
2018/01/29 18:57:05 INFO  - jmeter.util.BSFTestElement: Registering JMeter version of JavaScript engine as work-round for BSF-22 
2018/01/29 18:57:06 INFO  - jmeter.protocol.http.sampler.HTTPSamplerBase: Cannot find .className property for htmlParser, using default 
2018/01/29 18:57:06 INFO  - jmeter.protocol.http.sampler.HTTPSamplerBase: Parser for text/html is  
2018/01/29 18:57:06 INFO  - jmeter.protocol.http.sampler.HTTPSamplerBase: Parser for application/xhtml+xml is  
2018/01/29 18:57:06 INFO  - jmeter.protocol.http.sampler.HTTPSamplerBase: Parser for application/xml is  
2018/01/29 18:57:06 INFO  - jmeter.protocol.http.sampler.HTTPSamplerBase: Parser for text/xml is  
2018/01/29 18:57:06 INFO  - jmeter.protocol.http.sampler.HTTPSamplerBase: Parser for text/vnd.wap.wml is org.apache.jmeter.protocol.http.parser.RegexpHTMLParser 
2018/01/29 18:57:06 INFO  - jmeter.gui.util.MenuFactory: Skipping org.apache.jmeter.protocol.http.control.gui.WebServiceSamplerGui 
2018/01/29 18:57:06 INFO  - jmeter.gui.util.MenuFactory: Skipping org.apache.jmeter.protocol.http.modifier.gui.ParamModifierGui 
2018/01/29 18:57:06 INFO  - jorphan.exec.KeyToolUtils: keytool found at 'keytool' 
2018/01/29 18:57:06 INFO  - jmeter.protocol.http.proxy.ProxyControl: HTTP(S) Test Script Recorder SSL Proxy will use keys that support embedded 3rd party resources in file /Users/michael.redman/Dropbox/AppDynamics/Development/JMeter/apache-jmeter-2.13JP1.3.1WD/bin/proxyserver.jks 
2018/01/29 18:57:06 INFO  - jmeter.samplers.SampleResult: Note: Sample TimeStamps are START times 
2018/01/29 18:57:06 INFO  - jmeter.samplers.SampleResult: sampleresult.default.encoding is set to ISO-8859-1 
2018/01/29 18:57:06 INFO  - jmeter.samplers.SampleResult: sampleresult.useNanoTime=true 
2018/01/29 18:57:06 INFO  - jmeter.samplers.SampleResult: sampleresult.nanoThreadSleep=5000 
2018/01/29 18:57:31 INFO  - jmeter.services.FileServer: Default base='/Users/michael.redman/Dropbox/AppDynamics/Labs/DataDog/hiring-engineers' 
2018/01/29 18:57:31 INFO  - jmeter.gui.action.Load: Loading file: /Users/michael.redman/Dropbox/AppDynamics/Labs/DataDog/hiring-engineers/load.jmx 
2018/01/29 18:57:31 INFO  - jmeter.services.FileServer: Set new base='/Users/michael.redman/Dropbox/AppDynamics/Labs/DataDog/hiring-engineers' 
2018/01/29 18:57:31 INFO  - jmeter.save.SaveService: Testplan (JMX) version: 2.2. Testlog (JTL) version: 2.2 
2018/01/29 18:57:31 INFO  - jmeter.save.SaveService: Using SaveService properties file encoding UTF-8 
2018/01/29 18:57:31 INFO  - jmeter.save.SaveService: Using SaveService properties file version 1656252 
2018/01/29 18:57:31 INFO  - jmeter.save.SaveService: Using SaveService properties version 2.8 
2018/01/29 18:57:31 INFO  - jmeter.save.SaveService: All converter versions present and correct 
2018/01/29 18:57:31 INFO  - jmeter.save.SaveService: Loading file: /Users/michael.redman/Dropbox/AppDynamics/Labs/DataDog/hiring-engineers/load.jmx 
2018/01/29 18:57:31 INFO  - jmeter.threads.JMeterThread: jmeterthread.startearlier=true (see jmeter.properties) 
2018/01/29 18:57:31 INFO  - jmeter.threads.JMeterThread: Running PostProcessors in forward order 
2018/01/29 18:57:31 INFO  - jmeter.services.FileServer: Set new base='/Users/michael.redman/Dropbox/AppDynamics/Labs/DataDog/hiring-engineers' 
