[    0.000000] Initializing cgroup ubsys cpuset
[    0.000000] Intializing cgroup subsys cpu
[    0.000000] Initialiing cgroup ubsys cpuacct
[    0.0000] Linux version 4.4.0-12-gneic (buildd@lcy01-amd64-028 (gcc veio 5.4.0 206009(Ubuntu 5.4.0-ubnt1~16.04.9) ) #148-Ubunu SMP Wed May 2 13:00:18 UTC 01 (Ubuntu 4.4.0-124.148-generic 4..117)
[    0.000000] Commad line:BOT_MAGE=/boot/vmlinu4.4.0-124-gneric root=LABEL=cloudimg-rootfs ro console=tty1 console=ttyS0
[    0.000000] KERNEL supported cpus:
[    0.000000]   Intel GenuineIntel
[    0.000000]   AMD AuthenticAMD
[    0.000000]   Centaur CentaurHauls
[   0.00000] x86/pu xtate_ofst[]:  576, xstate_sizes[2]:  256
[    0.0000]x86/fpu Spprting XSAVE feature 0x01: 'x87 floating point registers'
[    0.000000] x86/fpu: Supporting XSAVE feature 0x02: 'SSE registers'
[    0.000000] x86/fpu: Supporting XSAVE feature 0x04: 'AVX registers'
[    0.000000] x86/fpu: Enabled xstate features 0x7, context size is 832 byts, usin 'standard' format.
[   .000000] x86/pu: Using 'lazy' FPU context switches.
[    0.000000] e820: BIOS-provided physical RAM map:
[    0.000000] BIOS-e820: [mem 0x0000000000000000-0x000000000009fbff] usable
[    0.000000] BIOS-e820: [mem 0x000000000009fc00-0x000000000009ffff] reserved
[    0.000000] BIOS-e820: [mem 0x00000000000f0000-0x00000000000fffff] reserved
[    0.000000] BIOS-e820: [mem 0x0000000000100000-0x000000003ffeffff] usable
[    0.000000] BIOS-e820: [mem 0x000000003fff0000-0x000000003fffffff] ACPI data
[    0.000000] BIOS-e820: [mem 0x00000000fec00000-0x00000000fec00fff] reserved
[    0.000000] BIOS-e820: [mem 0x00000000fee00000-0x00000000fee00fff] reserved
[    0.000000] BIOS-e820: [mem 0x00000000fffc0000-0x00000000ffffffff] reserved
[    0.000000] NX (Execute Disable) protection: active
[    0.000000] SMBIOS 2.5 present.
[    0.000000] Hypervisor detected: KV
[    0.000000] e820: last_pfn = 0x3fff0 max_arch_pfn = 0x40000000
[    0.000000] MTRR: Disabled
[    0.000000] x86AT MTRRs disable, kipping AT iniaization too.[   0.00000] CPU MTRsall blank - virtalze syste.
[    0.000000] 86/PAT: Confiurtin [0-7]: W  WT  C-UC  WB  WT  UC- UC  
[    0.000000] found SMMPtable at [mem 0x0009fff0-0x0009ffff] mapped at [ffff88000009fff0]
[    0.000000] Scanning 1area fr low memoryorruption
[    0.000000] RAMDISK: [mem 0x36ad2000-0x37560fff]
[    0.000000] ACPI: Early table checksum verification disabled
[    0.000000] ACPI: RSDP 0x00000000000E0000 000024 (v02 VBOX  )
[    0.00000] CP: XSDT 0x000003FFF0030 00003C v0 VOX   VOXSD 00000001 ASL  00000061)
[    0.000000] ACPI: FACP 0x00000000FF000 0000F4 (v04 VBO  VBXFACP 00000001 ASL  00000061)
[    0.000000] ACPI: DSDT 0x000000003FFF0470 0021FF (v02 VBOX   VBOXIO 00000002 INTL 20100528)
[    0.000000] ACPI: FACS 0x000000003FFF0200 000040
[    0.000000] ACPI: FACS 0x000000003FFF0200 000040
[    0.000000] ACPI: APIC 0000000003FFF0240 00005C (02 VBOX   VBOXAPIC 00000001 ASL  00000061)
[   0.00000 ACPI: SSD 000000003FF2A 0001CC v0 VOX   VBOCPT 0000002 INTL 2010052)[    0.000000] NoNUA onfiguration found
[    0.000000] Faking a node at [mem 0x00000000000000-0x000000003ffeffff]
[   .00000] NOD_DATA(0) allocated [mem 0x3ffeb000-0x3ffeffff]
[    0.000000] kvm-clock: Using msrs 4b564d01 and 4b564d00
[    0.000000] kvm-clock: cpu 0, msr 0:3ffe3001, primary cpu clock
[    0.000000] kvm-clock: using sched offset of 3356631396 cycles
[   0.00000] clocksource: kvm-clock: mask: 0xffffffffffffffff max_cycles 01c42e4dffb, mx_dl_ns: 881590591483 ns
[    .0000] Zone ranges:
[    0.000000]   DMA      [mem 0x0000000000001000-0x00000000fffff]
[   .00000]   DMA32  [mm 0x0000000001000000-0x000000003ffeffff]
[    0.000000]   Noral  empt
[   0.00000  Device   empty
[    0.000000] Movable zone start for each node
[    0.000000] Early memory node ranges
[    0.000000]   node   0: [mem 0x0000000000001000-0x000000000009efff]
[    0.000000]   node   0: [mem 0x0000000000100000-0x000000003ffeffff]
[    0.000000] Initmem setup node 0 [mem 0x0000000000001000-0x000000003ffeffff]
[    0.000000] ACP: PM-Timer IO Por: 0x4008
[    0.000000] IOAPIC[0]: apic_id 2, version 32, address 0xec00000, GSI 0-23
[    0.000000] ACPI: INT_SRC_OVR (bus 0 bus_irq 0 global_irq 2 dfl dfl)
[    0.000000] ACPI: INT_SRC_OVR (bus 0 bus_irq 9 global_irq 9 low level)
[    0.000000] Using ACPI (MADT) for SMP configuration information
[    0.000000] smpboot: Allowing 2 CPUs, 0 hotplug CPUs
[    0.000000] PM: Registered nosave memory: [mem 0x00000000-0x00000fff]
[    0.000000] PM: Registered nosave memory:[mm x0009f000-0x09ffff]
[    0.000000] PM: Registered nosav mmoy: [mem 0x000a0000-0x000effff]
[   000000] PM: egstred nosav mmory: [mem 0x000f0000-0x000fffff]
[    0.000000] e820: [mem 0x40000000-0xfebfffff] available for PCI devices
[    0.000000] Booting paravirtualzed kerel on KVM
[    0.000000] clocksource: refined-jiffie: ask: 0xffffffff max_cycles: 0xffffffff, max_idle_ns: 7645519600211568 ns
[    0.000000] setup_percpu: NR_CPUS:512 nr_cpumask_bits:512 nr_cpu_ids:2 nr_node_ids:1
[    0.000000] PERCPU: Embedded 34 pages/cpu @ffff88003fc00000 s99544 r8192 d31528 u1048576
[    00000] V spinlock hash table entries: 26 orer: 0, 4096byes
[    0.000000] Bult1 onelitsin Noe order, mbiit grouping on.  Total pages: 257912
[    0.000000] Policy zone: DMA32
[    0.000000] Kernel command line: BOOT_IMAGE=/boot/vmlinuz-4.4.0-124-generic root=LABEL=cloudimg-rootfs ro cnsletty1 console=ttS0
[   0.00000 PD hash tale entries: 4096 (order: 3, 32768 bytes)
[    0.000000] Memory: 1001712K/1048120K available (8532K kernel code, 1313K rwdata, 3996K rodata, 1508K init, 1316K bss, 46408K reserved, 0K cma-reserved)
[    0.000000] SLUB: HWalign=64, Order=0-3, MinObjects=0, CPUs=2, Nodes=1
[    0.000000] Kernel/User page tables isolation: enabled
[    0.000000] Hierarchical RCU implementation.
[    0.000000] 	Build-time adjustment of leaf fanout to 64.
[    0.000000] 	RCU restricting CPUs from NR_CPUS=512 to nr_cpu_ids=2.
[    0.000000] RCU: Adjusting geometry for rcu_fanout_leaf=64, nr_cpu_ids=2
[    0.000000] NR_IRQS:33024 nr_irqs:440 16
[    0.000000] Console: colour VGA+ 80x25
[    0.000000] console [tty1] enabled
[    0.000000] console [ttyS0] enabled
[    0.000000] tsc: Detected 1599.999 MHz processor
[    4.537291] Calibrating delay loop (skipped) preset value.. 3199.99 BogoMIPS (lpj=6399996)
[    4.539925] pid_max: default: 32768 minimum: 301
[    4.561987] ACPI: Core revision 20150930
[    4.583165] ACPI: 2 ACPI AML tables successfully acquired and loaded
[    4.590144] Security Framework initialized
[    4.599553] Yama: becoming mindful.
[    4.612301] AppArmor: AppArmor initialized
[    4.625557] Dentry cache hash table entries: 131072 (order: 8, 1048576 bytes)
[    4.643746] Inode-cache hash table entries: 65536 (order: 7, 524288 bytes)
[    4.687673] Mount-cache hash table entries: 2048 (order: 2, 16384 bytes)
[    4.690773] Mountpoint-cache hash table entries: 2048 (order: 2, 16384 bytes)
[    4.729846] Initializing cgroup subsys io
[    4.730945] Initializing cgroup subsys memory
[    4.732120] Initializing cgroup subsys devices
[    4.738464] Initializing cgroup subsys freezer
[    4.753899] Initializing cgroup subsys net_cls
[    4.768188] Initializing cgroup subsys perf_event
[    4.792438] Initializing cgroup subsys net_prio
[    4.805079] Initializing cgroup subsys hugetlb
[    4.828596] Initializing cgroup subsys pids
[    4.830282] CPU: Physical Processor ID: 0
[    4.831775] CPU: Processor Core ID: 0
[    4.833218] FEATURE SPEC_CTRL Not Present
[    4.848216] mce: CPU supports 0 MCE banks
[    4.860899] Last level iTLB entries: 4KB 64, 2MB 8, 4MB 8
[    4.866613] Last level dTLB entries: 4KB 64, 2MB 0, 4MB 0, 1GB 4
[    4.868303] Spectre V2 mitigation: Mitigation: Full generic retpoline
[    4.884889] Spectre V2 mitigation: Speculation control IBPB not-supported IBRS not-supported
[    4.939417] Freeing SMP alternatives memory: 32K
[    4.973848] ftrace: allocating 32202 entries in 126 pages
[    5.083214] smpboot: APIC(0) Converting physical 0 to logical package 0
[    5.106206] smpboot: Max logical packages: 1
[    5.130398] x2apic enabled
[    5.149058] Switched APIC routing to physical x2apic.
[    5.152877] ..TIMER: vector=0x30 apic1=0 pin1=2 apic2=-1 pin2=-1
[   .260890] smpboot: CPU0: Intel(R) Core(TM) i5-5250U CPU @ 1.60GHz (family: 0x6, model: 0x3d, stepping: 0x4)
[    5.366514] Performance Events: unsupported p6 CPU model 61 no PMU driver, software events only.
[    5.405799] KVM setup paravirtual spinlock
[    5.414517] x86: Booting SMP configuration:
[    5.418516] .... node  #0, CPUs:      #1
[    5.435355] kvm-clock: cpu 1, msr 0:3ffe3041, secondary cpu clock
[    5.437640] mce: CPU supports 0 MCE banks
[    5.440463] x86: Booted up 1 node, 2 CPUs
[    5.454418] smpboot: Total of 2 processors activated (6399.99 BogoMIPS)
[    5.490487] devtmpfs: initialized
[    5.509267] evm: security.selinux
[    5.525919] evm: security.SMACK64
[    5.553454] evm: security.SMACK64EXEC
[    5.562370] evm: security.SMACK64TRANSMUTE
[    5.580328] evm: security.SMACK64MMAP
[    5.593533] evm: security.ima
[    5.605589] evm: security.capability
[    5.614234] clocksource: jiffies: mask: 0xffffffff max_cycles: 0xffffffff, max_idle_ns: 7645041785100000 ns
[    5.631206] futex hash table entries: 512 (order: 3, 32768 bytes)
[    5.634260] pinctrl core: initialized pinctrl subsystem
[    5.635864] RTC time:  7:13:51, date: 05/22/18
[    5.647084] NET: Registered protocol family 16
[    5.661173] cpuidle: using governor ladder
[    5.684516] cpuidle: using governor menu
[    5.690224] PCCT header not found.
[    5.694548] ACPI: bus type PCI registered
[    5.697873] acpiphp: ACPI Hot Plug PCI Controller Driver version: 0.5
[    5.707827] PCI: Using configuration type 1 for base access
[    5.726153] ACPI: Added _OSI(Module Device)
[    5.731317] ACPI: Added _OSI(Processor Device)
[    5.732568] ACPI: Added _OSI(3.0 _SCP Extensions)
[    5.733945] ACPI: Added _OSI(Processor Aggregator Device)
[    5.736223] ACPI: Executed 1 blocks of module-level executable AML code
[    5.740738] ACPI: Interpreter enabled
[    5.747309] ACPI: (supports S0 S5)
[    5.748346] ACPI: Using IOAPIC for interrupt routing
[    5.749964] PCI: Using host bridge windows from ACPI; if necessary, use "pci=nocrs" and report a bug
[    5.757664] ACPI: PCI Root Bridge [PCI0] (domain 0000 [bus 00-ff])
[    5.759537] acpi PNP0A03:00: _OSC: OS supports [ASPM ClockPM Segments MSI]
[    5.766825] acpi PNP0A03:00: _OSC: not requesting OS control; OS requires [ExtendedConfig ASPM ClockPM MSI]
[    5.769491] acpi PNP0A03:00: fail to add MMCONFIG information, can't access extended PCI configuration space under this bridge.
[    5.772943] PCI host bridge to bus 0000:00
[    5.774162] pci_bus 0000:00: root bus resource [io  0x0000-0x0cf7 window]
[    5.776030] pci_bus 0000:00: root bus resource [io  0x0d00-0xffff window]
[    5.777873] pci_bus 0000:00: root bus resource [mem 0x000a0000-0x000bffff window]
[    5.780017] pci_bus 0000:00: root bus resource [mem 0x40000000-0xfdffffff window]
[    5.782290] pci_bus 0000:00: root bus resource [bus 00-ff]
[    5.785828] pci 0000:00:01.1: legacy IDE quirk: reg 0x10: [io  0x01f0-0x01f7]
[    5.787730] pci 0000:00:01.1: legacy IDE quirk: reg 0x14: [io  0x03f6]
[    5.790700] pci 0000:00:01.1: legacy IDE quirk: reg 0x18: [io  0x0170-0x0177]
[    5.804223] pci 0000:00:01.1: legacy IDE quirk: reg 0x1c: [io  0x0376]
[    5.828437] pci 0000:00:07.0: quirk: [io  0x4000-0x403f] claimed by PIIX4 ACPI
[    5.830847] pci 0000:00:07.0: quirk: [io  0x4100-0x410f] claimed by PIIX4 SMB
[    5.842130] ACPI: PCI Interrupt Link [LNKA] (IRQs 5 9 10 *11)
[    5.861365] ACPI: PCI Interrupt Link [LNKB] (IRQs 5 9 *10 11)
[    5.876564] ACPI: PCI Interrupt Link [LNKC] (IRQs 5 *9 10 11)
[    5.879029] ACPI: PCI Interrupt Link [LNKD] (IRQs 5 9 10 *11)
[    5.898165] ACPI: Enabled 2 GPEs in block 00 to 07
[    5.900293] vgaarb: setting as boot device: PCI:0000:00:02.0
[    5.901878] vgaarb: device added: PCI:0000:00:02.0,decodes=io+mem,owns=io+mem,locks=none
[    5.904090] vgaarb: loaded
[    5.904955] vgaarb: bridge control possible 0000:00:02.0
[    5.906650] SCSI subsystem initialized
[    5.907860] ACPI: bus type USB registered
[    5.909087] usbcore: registered new interface driver usbfs
[    5.910597] usbcore: registered new interface driver hub
[    5.912023] usbcore: registered new device driver usb
[    5.916463] PCI: Using ACPI for IRQ routing
[    5.919428] NetLabel: Initializing
[    5.926263] NetLabel:  domain hash size = 128
[    5.927546] NetLabel:  protocols = UNLABELED CIPSOv4
[    5.929330] NetLabel:  unlabeled traffic allowed by default
[    5.931292] amd_nb: Cannot enumerate AMD northbridges
[    5.948328] clocksource: Switched to clocksource kvm-clock
[    5.962372] AppArmor: AppArmor Filesystem Enabled
[    5.964079] pnp: PnP ACPI init
[    5.966290] pnp: PnP ACPI: found 3 devices
[   .979534] clocksource: acpi_pm: mask: 0xffffff max_cycles: 0xffffff, max_idle_ns: 2085701024 ns
[    6.031344] NET: Registered protocol family 2

[    6.032792]TC etalished hash table entries: 8192 (order: 4, 65536 bytes)
[    6.142545] TCP bind hash table entries: 8192 (order: 5, 131072 bytes)
[    6.144156] TCP: Hash tables configured (established 8192 bind 8192)
[    6.145734] UDP hash table entries: 512 (order: 2, 16384 bytes)
[   .1729] UDP-Lit hh abe entries: 512 (order: 2, 16384 bytes)
[    6.381026] NET: Registered protocol family 1
[    6.382180] pci 0000:00:00.0: Limiting direct PCI/PCI transfers
[    6.383738] pci 0000:00:01.0: Activating ISA DMA hang workarounds
[    6.385381] Unpacking initramfs...

[    8.416947] Frein iitd memory: 10812K

[    8.533313] RAPL PMU detected, API unit is 2^-32 Joules, 4 fixed counters 10737418240 ms ovfl timer
[    8.589514] hw unit of domain pp0-core 2^-0 Joules
[    8.605073] hw unit of domain package 2^-0 Joules
[    8.623742] hw unit of domain dram 2^-0 Joules
[    8.637229] hw unit of domain pp1-gpu 2^-0 Joules
[    8.638552] platform rtc_cmos: registered platform RTC device (no PNP device found)
[    8.641973] Scanning for low memory corruption every 60 seconds
[    8.662058] audit: initializing netlink subsys (disabled)
[    8.684789] audit: type=2000 audit(1526973233.481:1): initialized
[    8.698422] Initialise system trusted keyring
[    8.699828] HugeTLB registered 2 MB page size, pre-allocated 0 pages
[    8.729745] zbud: loaded
[    8.738875] VFS: Disk quotas dquot_6.6.0
[    8.745559] VFS: Dquot-cache hash table entries: 512 (order 0, 4096 bytes)
[    8.770070] squashfs: version 4.0 (2009/01/31) Phillip Lougher
[    8.772626] fuse init (API version 7.23)
[    8.793636] eytye igke rgitered
[    9.009358] Allocating IMA MOK and blacklist keyrings.

[    9.013448] Key type asymmetric registered
[    9.020438] Asymmetric key parser 'x509' registered
[    9.025382] Block layer SCSI generic (bsg) driver version 0.4 loaded (major 249)
[    9.040512] io scheduler noop registered
[    9.066587] io scheduler deadline registered (default)
[    9.097428] io scheduler cfq registered
[    9.109231] pci_hotplug: PCI Hot Plug PCI Core version: 0.5
[    9.110643] pciehp: PCI Express Hot Plug Controller Driver version: 0.4
[    9.112809] ACPI: AC Adapter [AC] (off-line)
[    9.127608] input: Power Button as /devices/LNXSYSTM:00/LNXPWRBN:00/input/input0
[    9.130009] ACPI: Power Button [PWRF]
[    9.131101] input: Sleep Button as /devices/LNXSYSTM:00/LNXSLPBN:00/input/input1
[    9.133427] ACPI: Sleep Button [SLPF]
[    9.135008] GHES: HEST is not enabled!
[    9.136205] ACPI: Battery Slot [BAT0] (battery present)
[    9.195285] Serial: 8250/16550 driver, 32 ports, IRQ sharing enabled
[    9.236593] 00:02: ttyS0 at I/O 0x3f8 (irq = 4, base_baud = 115200) is a 16550A
[    9.263531] Linux agpgart interface v0.103
[    9.266660] loop: module loaded
[    9.268185] scsi host0: ata_piix
[    9.269220] scsi host1: ata_piix
[    9.270069] ata1: PATA max UDMA/33 cmd 0x1f0 ctl 0x3f6 bmdma 0xd000 irq 14
[    9.271448] ata2: PATA max UDMA/33 cmd 0x170 ctl 0x376 bmdma 0xd008 irq 15
[    9.273083] libphy: Fixed MDIO Bus: probed
[    9.285372] tun: Universal TUN/TAP device driver, 1.6
[    9.3157] un: (C 1999-2004 Max Krasnyask <axk@qualcomm.com>

[    9.522916] PPP generic driver version 2.4.2
[    9.545229] ehci_hcd: USB 2.0 'Enhanced' Host Controller (EHCI) Driver
[    9.577903] ehci-pci: EHCI PCI platform driver
[    9.579107] ehci-platform: EHCI generic platform driver
[    9.580446] ohci_hcd: USB 1.1 'Open' Host Controller (OHCI) Driver
[    9.582024] ohci-pci: OHCI PCI platform driver
[    9.583354] ohci-platform: OHCI generic platform driver
[    9.584689] uhci_hcd: USB Universal Host Controller Interface driver
[    9.586356] i8042: PNP: PS/2 Controller [PNP0303:PS2K,PNP0f03:PS2M] at 0x60,0x64 irq 1,12
[    9.639643] serio: i8042 KBD port at 0x60,0x64 irq 1
[    9.641082] tsc: Refined TSC clocksource calibration: 1600.902 MHz
[    9.641085] clocksource: tsc: mask: 0xffffffffffffffff max_cycles: 0x1713791404d, max_idle_ns: 440795263436 ns
[    9.685600] serio: i8042 AUX port at 0x60,0x64 irq 12
[    9.718305] mousedev: PS/2 mouse device common for all mice
[    9.758928] rtc_cmos rtc_cmos: rtc core: registered rtc_cmos as rtc0
[    9.798295] rtc_cmos rtc_cmos: alarms up to one day, 114 bytes nvram
[    9.841778] input: AT Translated Set 2 keyboard as /devices/platform/i8042/serio0/input/input2
[    9.898171] i2c /dev entries driver
[    9.928045] device-mapper: uevent: version 1.0.3
[    9.942004] device-mapper: ioctl: 4.34.0-ioctl (2015-10-28) initialised: dm-devel@redhat.com
[    9.981453] ledtrig-cpu: registered to indicate activity on CPUs
[   10.000203] NET: Registered protocol family 10
[   10.013993] NET: Registered protocol family 17
[   10.029098] Key type dns_resolver registered
[   10.040117] registered taskstats version 1
[   10.042927] Loading compiled-in X.509 certificates
[   10.054029] Loaded X.509 cert 'Build time autogenerated kernel key: 97a7db5071cab428e7f67f96f51ed8d32b3fc527'
[   10.089141] zswap: loaded using pool lzo/zbud
[   10.112078] Key type trusted registered
[   10.117485] Key type encrypted registered
[   10.121945] AppArmor: AppArmor sha1 policy hashing enabled
[   10.123584] ima: No TPM chip found, activating TPM-bypass!
[   10.129163] evm: HMAC attrs: 0x1
[   10.130488]   Magic number: 2:555:218
[   10.137587] rtc_cmos rtc_cmos: setting system clock to 2018-05-22 07:13:55 UTC (1526973235)
[   10.151457] BIOS EDD facility v0.16 2004-Jun-25, 0 devices found
[   10.170786] EDD information not available.
[   10.186123] Freeing unused kernel memory: 1508K
[   10.190422] Write protecting the kernel read-only data: 14336k
[   10.207993] Freeing unused kernel memory: 1696K
[   10.221576] Freeing unused kernel memory: 100K
Loading, please wait...
starting version 229
[   10.249870] random: systemd-udevd: uninitialized urandom read (16 bytes read, 5 bits of entropy available)
[   10.250543] random: udevadm: uninitialized urandom read (16 bytes read, 5 bits of entropy available)
[   10.250580] random: udevadm: uninitialized urandom read (16 bytes read, 5 bits of entropy available)
[   10.263043] random: udevadm: uninitialized urandom read (16 bytes read, 5 bits of entropy available)
[   10.263091] random: udevadm: uninitialized urandom read (16 bytes read, 5 bits of entropy available)
[   10.263238] random: udevadm: uninitialized urandom read (16 bytes read, 5 bits of entropy available)
[   10.263296] random: udevadm: uninitialized urandom read (16 bytes read, 5 bits of entropy available)
[   10.263352] random: udevadm: uninitialized urandom read (16 bytes read, 5 bits of entropy available)
[   10.263424] random: udevadm: uninitialized urandom read (16 bytes read, 5 bits of entropy available)
[   10.263492] random: udevadm: uninitialized urandom read (16 bytes read, 5 bits of entropy available)
[   10.360722] e1000: Intel(R) PRO/1000 Network Driver - version 7.3.21-k8-NAPI
[   10.388871] e1000: Copyright (c) 1999-2006 Intel Corporation.
[   10.409775] Fusion MPT base driver 3.04.20
[   10.411019] Copyright (c) 1999-2008 LSI Corporation
[   10.424876] Fusion MPT SPI Host driver 3.04.20
[   10.432052] AVX2 version of gcm_enc/dec engaged.
[   10.434920] AES CTR mode by8 optimization enabled
[   10.635082] input: ImExPS/2 Generic Explorer Mouse as /devices/platform/i8042/serio1/input/input4
[   10.784067] e1000 0000:00:03.0 eth0: (PCI:33MHz:32-bit) 02:a3:be:24:b1:4f
[   10.808211] e1000 0000:00:03.0 eth0: Intel(R) PRO/1000 Network Connection
[   10.834816] e1000 0000:00:03.0 enp0s3: renamed from eth0
[   10.858697] mptbase: ioc0: Initiating bringup
[   11.180750] ioc0: LSI53C1030 A0: Capabilities={Initiator}
[   12.292316] scsi host2: ioc0: LSI53C1030 A0, FwRev=00000000h, Ports=1, MaxQ=256, IRQ=20
[   12.808731] scsi 2:0:0:0: Direct-Access     VBOX     HARDDISK         1.0  PQ: 0 ANSI: 5
[   12.822890] scsi target2:0:0: Beginning Domain Validation
[   12.839146] scsi target2:0:0: Domain Validation skipping write tests
[   12.840467] scsi target2:0:0: Ending Domain Validation
[   12.852929] scsi target2:0:0: asynchronous
[   12.860873] scsi 2:0:1:0: Direct-Access     VBOX     HARDDISK         1.0  PQ: 0 ANSI: 5
[   13.434040] scsi target2:0:1: Beginning Domain Validation
[   13.457960] scsi target2:0:1: Domain Validation skipping write tests
[   13.459277] scsi target2:0:1: Ending Domain Validation
[   13.460428] scsi target2:0:1: asynchronous
[   13.470165] sd 2:0:0:0: Attached scsi generic sg0 type 0
[   13.478047] sd 2:0:0:0: [sda] 20971520 512-byte logical blocks: (10.7 GB/10.0 GiB)
[   13.481070] sd 2:0:0:0: [sda] Write Protect is off
[   13.484691] sd 2:0:0:0: [sda] Incomplete mode parameter data
[   13.486247] sd 2:0:0:0: [sda] Assuming drive cache: write through
[   13.488505] sd 2:0:1:0: Attached scsi generic sg1 type 0
[   13.490156] sd 2:0:1:0: [sdb] 20480 512-byte logical blocks: (10.5 MB/10.0 MiB)
[   13.498327] sd 2:0:1:0: [sdb] Write Protect is off
[   13.527588] sd 2:0:1:0: [sdb] Incomplete mode parameter data
[   13.657964] sd 2:0:1:0: [sdb] Assuming drive cache: write through
[   14.442634]  sda: sda1
[   14.446617] sd 2:0:0:0: [sda] Attached SCSI disk
[   14.455933] sd 2:0:1:0: [sdb] Attached SCSI disk
Begin: Loading essential drivers[   15.903587] md: linear personality registered for level -1
 ... [   15.941567] md: multipath personality registered for level -4
[   15.963299] md: raid0 personality registered for level 0
[   15.982455] md: raid1 personality registered for level 1
[   16.064356] raid6: sse2x1   gen()  8264 MB/s
[   16.150519] raid6: sse2x1   xor()  6424 MB/s
[   16.241027] raid6: sse2x2   gen() 10105 MB/s
[   16.332930] raid6: sse2x2   xor()  6664 MB/s
[   16.412797] raid6: sse2x4   gen() 12484 MB/s
[   16.493440] raid6: sse2x4   xor()  7607 MB/s
[   16.568359] raid6: avx2x1   gen() 15365 MB/s
[   16.644626] raid6: avx2x2   gen() 18400 MB/s
[   16.749014] raid6: avx2x4   gen() 20304 MB/s
[   16.754596] raid6: using algorithm avx2x4 gen() 20304 MB/s
[   16.773990] raid6: using avx2x2 recovery algorithm
[   16.809363] xor: automatically using best checksumming function:
[   16.860394]    avx       : 32569.000 MB/sec
[   16.865116] async_tx: api initialized (async)
[   16.888489] md: raid6 personality registered for level 6
[   16.896405] md: raid5 personality registered for level 5
[   16.901070] md: raid4 personality registered for level 4
[   16.920804] md: raid10 personality registered for level 10
done.
Begin: Running /scripts/init-premount ...[   16.958827] Btrfs loaded
 done.
Begin: Mounting root file system ... Begin: Running /scripts/local-top ... done.
Begin: Running /scripts/local-premount ... Scanning for Btrfs filesystems
done.
Warning: fsck not present, so skipping root file system
[   17.039218] EXT4-fs (sda1): mounted filesystem with ordered data mode. Opts: (null)
done.
Begin: Running /scripts/local-bottom ... done.
Begin: Running /scripts/init-bottom ... done.
[   1731621]ysem[1: systed 29 running in syemmode. (+PAM +AUDIT +SELINUX +IMA +APPARMOR +SMACK +SYSVNIT UTP LICRPTETUP +GCRYPT +GNUTLS +ACL +XZ -LZ4 +SECCOMP +BLKID +ELFUTILS KMD ID)[   17.9627] systed[]:Detected virtualiatonoracle.
[   18.238177] systemd[1]: Detected architecture x86-64.

Welcome to [1mUbuntu 16.04.4 LTS[0m!

[   18.466235] systed[]:Se hstame to <ubuntu>.
[   18.640212 sstmd1] Iitalzig achie D rom random genatr.
[  19.052214] systemd[1]: Installed transient /etc/machine-id file.

[  1.38019] anom nnbocin pool is initialized
[  1.8028] sysmd1] St p utmont Arbitrary Executable File Formats File System Automount Point.

[[0;32m  OK  [0m] Set up automount Arbitrary Executab...ats File System Automount Point.
[  20.182412] systemd[1]: Listening on Syslog Socket.
[[0;32m  OK  [0m] Listening on Syslog Socket.
[   2.24192]systemd[1]: Started Forward Password Requests to Wall Directory Watch.
[[0;32m  OK  [0m] Started Forward Password Requests to Wall Directory Watch.
[  2.6748]syted[]:Litein on udeCotrl ckt.

[[0;32m  OK  [0m] Listening on udev Control Socket.
[   21.207913] systemd1] Reached target System Time Synchronized.
[[0;32m  OK  [0m] Reached target System Time Synchronized.
[   21.665488] systemd[1]: Listening on LVM2 metadata daemon socket.
[[0;32m  OK  [0m] Listening on LVM2 metadata daemon socket.
[  2.7182]syted[]:Cratd lice Sstm lice.
[[0;32m  OK  [0m] Created slice System Slice.
[   22.132367] systemd[1]: Reached target Encrypted Volumes.
[[0;32m  OK  [0m] Reached target Encrypted Volumes.
[   22.135419] systemd[1]: Listening on Device-mapper event daemon FIFOs.
[[0;32m  OK  [0m] Listening on Device-mapper event daemon FIFOs.
[ 226665] ysem[1: isenngonudev Kernel Socket.
[[0;32m  OK  [0m] Listening on udev Kernel Socket.
[   23.600521] systemd[1]: Reached target User and Group Name Lookups.
[[0;32m  OK  [0m] Reached target User and Group Name Lookups.
[   23.604198] systemd[1]: Listening on Journal Audit Socket.
[[0;32m  OK  [0m] Listening on Journal Audit Socket.
[   23.606885] systemd[1]: Listening on LVM2 poll daemon socket.
[[0;32m  OK  [0m] Listening on LVM2 poll daemon socket.
[   23.617528] systemd[1]: Listening on Journal Socket (/dev/log).
[[0;32m  OK  [0m] Listening on Journal Socket (/dev/log).
[   23.621052] systemd[1]: Listening on /dev/initctl Compatibility Named Pipe.
[[0;32m  OK  [0m] Listening on /dev/initctl Compatibility Named Pipe.
[  2.6809]sytemd1]: Crete sice syste-seralx2getyslce.

[[0;32m  OK  [0m] Created slice system-serial\x2dgetty.slice.
[  2.1939]sytemd1] SaredTrggr eslvconf update for networkd DNS.
[[0;32m  OK  [0m] Started Trigger resolvconf update for networkd DNS.
[   24.585736] systemd[1]: Created slice User and Session Slice.
[[0;32m  OK  [0m] Created slice User and Session Slice.
[   24.628198] systemd[1]: Reached target Slices.
[[0;32m  OK  [0m] Reached target Slices.
[   24.632603] systemd[1]: Reached target Swap.
[[0;32m  OK  [0m] Reached target Swap.
[   24.636166] systemd[1]: Listening on Journal Socket.
[[0;32m  OK  [0m] Listening on Journal Socket.
[   24.652624] systemd[1]: Starting Load Kernel Modules...
         Starting Load Kernel Modules...
[   24.670347] systemd[1]: Starting Journal Service...
         Startin[   24.742619] Loading iSCSI transport class v2.0-870.
g Journal Service...
[   24.773432] iscsi: registered transport (tcp)
[   24.792560] systemd[1]: Mounting POSIX Message Queue File System...
         Mounting POSIX Message Queue File System...
[   24.801374] systemd[1]: Starting Nameserver information manager...
         Starting Nameserver information manager...
[   24.805295] systemd[1]: Mounting Huge Pages File System...
         Mounting Huge Pages File System...
[   24.811749] systemd[1]: Mounting Debug File System...
         Mounting Debug File System...
[   24.822549] systemd[1]: Starting Uncomplicated firewall...
         Starting Uncomplicated firewall...
[   24.830635] systemd[1]: Starting Remount Root and Kernel File Systems...
         Starting Remount Root and Kernel File Systems...
[   24.838718] EXT4-fs (sda1): re-mounted. Opts: (null)
[   24.853324] iscsi: registered transport (iser)
[   24.865176] systemd[1]: Starting Set console keymap...
         Starting Set console keymap...
[   24.885496] systemd[1]: Starting Create list of required static device nodes for the current kernel...
         Starting Create list of required st... nodes for the current kernel...
[   24.949081] systemd[1]: Starting Monitoring of LVM2 mirrors, snapshots etc. using dmeventd or progress polling...
         Starting Monitoring of LVM2 mirrors... dmeventd or progress polling...
[   25.033929] systemd[1]: Mounted Huge Pages File System.
[[0;32m  OK  [0m] Mounted Huge Pages File System.
[   25.075775] systemd[1]: Mounted POSIX Message Queue File System.
[[0;32m  OK  [0m] Mounted POSIX Message Queue File System.
[   25.136932] systemd[1]: Mounted Debug File System.
[[0;32m  OK  [0m] Mounted Debug File System.
[   25.189086] systemd[1]: Started Journal Service.
[[0;32m  OK  [0m] Started Journal Service.
[[0;32m  OK  [0m] Started Load Kernel Modules.
[[0;32m  OK  [0m] Started Uncomplicated firewall.
[[0;32m  OK  [0m] Started Remount Root and Kernel File Systems.
[[0;32m  OK  [0m] Started Set console keymap.
[[0;32m  OK  [0m] Started Create list of required sta...ce nodes for the current kernel.
[[0;32m  OK  [0m] Started Nameserver information manager.
[[0;32m  OK  [0m] Started LVM2 metadata daemon.
         Starting Create Static Device Nodes in /dev...
         Starting Load/Save Random Seed...
         Starting udev Coldplug all Devices...
         Mounting FUSE Control File System...
         Starting Apply Kernel Variables...
         Starting Flush Journal to Persistent Storage...
[[0;32m  OK  [0m] Mounted FUSE Control File System.
[[0;32m  OK  [0m] Started Create Static Device Nodes in /dev.
[[0;32m  OK  [0m] Started Load/Save Random Seed.
[[0;32m  OK  [0m] Started Apply Kernel Variables.
[[0;32m  OK  [0m] Started udev Coldplug all Devices.
[[0;32m  OK  [0m] Started Flush Journal to Persistent Storage.
         Starting udev Kernel Device Manager...
[[0;32m  OK  [0m] Started udev Kernel Device Manager.
[[0;32m  OK  [0m] Started Dispatch Password Requests to Console Directory Watch.
[[0;32m  OK  [0m] Started Monitoring of LVM2 mirrors,...ng dmeventd or progress polling.
[[0;32m  OK  [0m] Reached target Local File Systems (Pre).
[[0;32m  OK  [0m] Reached target Local File Systems.
         Starting Commit a transient machine-id on disk...
         Starting LSB: AppArmor initialization...
         Starting Set console font and keymap...
         Starting Tell Plymouth To Write Out Runtime Data...
         Starting Initial cloud-init job (pre-networking)...
         Starting Create Volatile Files and Directories...
[[0;32m  OK  [0m] Started Commit a transient machine-id on disk.
[[0;32m  OK  [0m] Started Tell Plymouth To Write Out Runtime Data.
[[0;32m  OK  [0m] Started Create Volatile Files and Directories.
         Starting Update UTMP about System Boot/Shutdown...
[[0;32m  OK  [0m] Found device /dev/ttyS0.
[[0;32m  OK  [0m] Started Update UTMP about System Boot/Shutdown.
[[0;32m  OK  [0m] Listening on Load/Save RF Kill Switch Status /dev/rfkill Watch.
[[0;32m  OK  [0m] Started LSB: AppArmor initialization.
[   22.108098] cloud-init[490]: Cloud-init v. 18.2 running 'init-local' at Tue, 22 May 2018 07:14:12 +0000. Up 21.62 seconds.
[[0;32m  OK  [0m] Started Initial cloud-init job (pre-networking).
[[0;32m  OK  [0m] Reached target Network (Pre).
         Starting Raise network interfaces...
[[0;32m  OK  [0m] Started Set console font and keymap.
[[0;32m  OK  [0m] Created slice system-getty.slice.
[[0;32m  OK  [0m] Started Raise network interfaces.
[[0;32m  OK  [0m] Reached target Network.
         Starting Initial cloud-init job (metadata service crawler)...
[   23.785257] cloud-init[908]: Cloud-init v. 18.2 running 'init' at Tue, 22 May 2018 07:14:13 +0000. Up 23.19 seconds.
[   23.848796] cloud-init[908]: ci-info: +++++++++++++++++++++++++++++++++++++Net device info++++++++++++++++++++++++++++++++++++++
[   23.862961] cloud-init[908]: ci-info: +--------+------+----------------------------+---------------+-------+-------------------+
[   23.869933] cloud-init[908]: ci-info: | Device |  Up  |          Address           |      Mask     | Scope |     Hw-Address    |
[[0;32m  OK  [0m] Started Initial cloud-init job (metadata service crawler).
[   23.963093] cloud-init[908]: ci-info: +--------+------+----------------------------+---------------+-------+-------------------+
[   24.019116] cloud-init[908]: ci-info: | enp0s3 | True |         10.0.2.15          | 255.255.255.0 |   .   | 02:a3:be:24:b1:4f |
[   24.088429] cloud-init[908]: ci-info: | enp0s3 | True | fe80::a3:beff:fe24:b14f/64 |       .       |  link | 02:a3:be:24:b1:4f |
[   24.157167] cloud-init[908]: ci-info: |   lo   | True |         127.0.0.1          |   255.0.0.0   |   .   |         .         |
[[0;32m  OK  [0m] Reached target Cloud-config availability.
[[0;32m  OK  [0m] Reached target System Initialization.
[[0;32m  OK  [0m] Listening on ACPID Listen Socket.
[   24.211571] cloud-init[908]: ci-info: |   lo   | True |          ::1/128           |       .       |  host |         .         |
[   24.396780] cloud-init[908]: ci-info: +--------+------+----------------------------+---------------+-------+-------------------+
[[0;32m  OK  [0m] Started ACPI Events Check.
[[0;32m  OK  [0m] Reached target Paths.
[[0;32m  OK  [0m] Started Daily apt download activities.
[   24.479428] cloud-init[908]: ci-info: +++++++++++++++++++++++++++Route IPv4 info++++++++++++++++++++++++++++
[   24.577057] cloud-init[908]: ci-info: +-------+-------------+----------+---------------+-----------+-------+
[[0;32m  OK  [0m] Started Daily apt upgrade and clean activities.
[[   24.577785] cloud-init[908]: ci-info: | Route | Destination | Gateway  |    Genmask    | Interface | Flags |
[   24.729878] cloud-init[908]: ci-info: +-------+-------------+----------+---------------+-----------+-------+
[   24.730933] cloud-init[908]: ci-info: |   0   |   0.0.0.0   | 10.0.2.2 |    0.0.0.0    |   enp0s3  |   UG  |
[   24.732631] cloud-init[908]: ci-info: |   1   |   10.0.2.0  | 0.0.0.0  | 255.255.255.0 |   enp0s3  |   U   |
[   24.733186] cloud-init[908]: ci-info: +-------+-------------+----------+---------------+-----------+-------+
[   24.733508] cloud-init[908]: Generating public/private rsa key pair.
[   24.733783] cloud-init[908]: Your identification has been saved in /etc/ssh/ssh_host_rsa_key.
[0;32m  OK  [0m] Listening on UUID daemon activation socket.
[   24.734710] cloud-init[908]: Your public key has been saved in /etc/ssh/ssh_host_rsa_key.pub.
         Starting LXD - unix socket.
[   24.899762] cloud-init[908]: The key fingerprint is:
[   24.925062] cloud-init[908]: SHA256:FDiOQVmwm7M2QPoyI82wsDAow+slHFj/HW5WNU0x7Rk root@ubuntu-xenial
[[0;32m  OK  [0m] Started Daily Cleanup of Temporary Directories.
[[   24.925485] cloud-init[908]: The key's randomart image is:
[   25.010149] cloud-init[908]: +---[RSA 2048]----+
[   25.010484] [0;32m  OK  [0mcloud-init] [908]: Reached target Timers.|   .o+...     +o |

[   25.069069] cloud-init[908]: |    o.o  .   o E.|
[   25.069626] cloud-init[908]: |  o .+ ..   o ..o|
         Starting Socket activation for snappy daemon.
[   25.070081] cloud-init[908]: |++ ..o..   . . ..|
[   25.179684] cloud-init[908]: |@o. =   S .      |
[   25.180290] cloud-init[908]: |=Xo. + o o       |
[   25.181204] cloud-init[908]: |B++.+ . =        |
[[0;32m  OK  [0m] Listening on D-Bus System Message Bus Socket.
[[   25.183469] cloud-init[908]: |o+o. . o         |
[   25.214502] cloud-init[908]: | .               |
[   25.214819] cloud-init[908]: +----[SHA256]-----+
[0;32m  OK  [0m] Reached target Network is Online.
[   25.216578] cloud-init[908]: Generating public/private dsa key pair.
[   25.369435] cloud-init[908]: Your identification has been saved in /etc/ssh/ssh_host_dsa_key.
[   25.369978] cloud-init[908]: Your public key has been saved in /etc/ssh/ssh_host_dsa_key.pub.
         Starting iSCSI initiator daemon (iscsid)...
[   25.370795] cloud-init[908]: The key fingerprint is:
[   25.541023] cloud-init[908]: SHA256:/K8MZzV9zjQymNFx04htgfIRHtLDNg4Ar/ro4A2XagA root@ubuntu-xenial
[   25.541728] cloud-init[908]: The key's randomart image is:
[   25.543659] cloud-init[908]: +---[DSA 1024]----+
[   25.545276] cloud-init[908]: |      .....oo*.=.|
[   25.545871] cloud-init[908]: |       .  oo@.* o|
[[0;32m  OK  [0m] Listening on LXD - unix socket.
[[   25.546766] cloud-init[908]: |        .  B.*   |
[   25.685482] cloud-init[908]: |E      o    *.   |
[   25.685811] cloud-init[908]: |.     . S  ooo..o|
[   25.687043] cloud-init[908]: |.    o   . . .o=.|
[   25.687628] cloud-init[908]: | .o +   . +     o|
[0;32m  OK  [0m] Listening on Socket activation for snappy daemon.
[   25.688304] cloud-init[908]: | ..* o   = .     |
[   25.838639] cloud-init[908]: | .o.+ .   o..    |
[   25.873008] cloud-init[908]: +----[SHA256]-----+
[   25.873754] cloud-init[908]: Generating public/private ecdsa key pair.
[   25.874228] cloud-init[908]: Your identification has been saved in /etc/ssh/ssh_host_ecdsa_key.
[   25.874621] cloud-init[908]: Your public key has been saved in /etc/ssh/ssh_host_ecdsa_key.pub.
[[0;32m  OK  [0m] Started iSCSI initiator daemon (iscsid).
[   25.875114] cloud-init[908]: The key fingerprint is:
[   26.020699] cloud-init[908]: SHA256:6F1b25BxqwozRTM/FyjE42Lrr3Vok2PYE6RnEOK3mII root@ubuntu-xenial
[   26.021159] cloud-init[908]: The key's randomart image is:
         Starting Login to default iSCSI targets...
[[0;32m  OK  [0m] Reached target Sockets.
[[0;32m  OK  [0m] Reached target Basic System.
[   26.021470] cloud-init[908]: +---[ECDSA 256]---+
[   26.128496]          Starting System Logging Service...
cloud-init         Starting Login Service...
[908]: |      . ...      |
[[0;32m  OK  [0m] Started ACPI event daemon.
[   26.132178] [[0;32m  OK  [0m] Started Deferred execution scheduler.
cloud-init[908]: |     . . oo  .   |
[   26.145762]          Starting Pollinate to seed the pseudo random number generator...
         Starting Accounts Service...
cloud-init[908]: |      . o.*.o o  |
[   26.157686]          Starting Snappy daemon...
cloud-init[908]: |   .   =o*.= + o |
         Starting Virtualbox guest utils...
[   26.176496] cloud-init[908]: |  E . +.So* * o  |
[   26.205649] [[0;32m  OK  [0m] Started Regular background program processing daemon.
[[0;32m  OK  [0m] Started FUSE filesystem for LXC.
         Starting Apply the settings specified in cloud-config...
         Starting LSB: Record successful boot for GRUB...
cloud-init[908]: |     o ..B * B   |
[   26.216365] cloud-init[[0;32m  OK  [0m] Started D-Bus System Message Bus.
[908]: |      ..* % + .  |
[   26.228951] cloud-init[908]: |        .B *     |
[   26.236009] cloud-init[908]: |        .oo      |
[   26.241182] cloud-init[908]: +----[SHA256]-----+
[   26.246550] cloud-init[908]: Generating public/private ed25519 key pair.
[   26.255278] cloud-init[908]: Your identification has been saved in /etc/ssh/ssh_host_ed25519_key.
[   26.259963] cloud-init[908]: Your public key has been saved in /etc/ssh/ssh_host_ed25519_key.pub.
[   26.267292] cloud-init[908]: The key fingerprint is:
[   26.275152] cloud-init[908]: SHA256:R5759QZ6xnUGUN9wI5iMWGswpyhZOy1dYPSNkMVwYrI root@ubuntu-xenial
[   26.281562] cloud-init[908]: The key's randomart image is:
[   26.296499] cloud-init[908]: +--[ED25519 256]--+
[   26.299137] cloud-init[908]: |     o.@O*o +oo..|
[   26.323169] [[0;32m  OK  [0m] Started Unattended Upgrades Shutdown.
cloud-init[908]: |    o Xo@o++ ..+o|
[   26.326680] cloud-init[908]: |   o E + =..  . o|
[   26.329067] cloud-init[908]: |    . o .o o   . |
[   26.332568] cloud-init[908]: |        S =   o +|
[   26.335337] cloud-init[908]: |         . . + =.|
[   26.344511]          Starting LSB: MD monitoring daemon...
         Starting /etc/rc.local Compatibility...
         Starting LXD - container startup/shutdown...
[[0;32m  OK  [0m] Started System Logging Service.
cloud-init[908]: |            o + o|
[   26.355465] cloud-init[908]: |             o . |
[[0;32m  OK  [0m] Started /etc/rc.local Compatibility.
[[0;32m  OK  [0m] Started Snappy daemon.
[   26.361642] cloud-init[908]: |                 |
[   26.370469] cloud-init[908]: +----[SHA256]-----+
[[0;32m  OK  [0m] Started LXD - container startup/shutdown.
[[0;32m  OK  [0m] Started Login to default iSCSI targets.
[[0;32m  OK  [0m] Started LSB: Record successful boot for GRUB.
[[0;32m  OK  [0m] Started LSB: MD monitoring daemon.
[[0;32m  OK  [0m] Started Login Service.
         Starting Authenticate and Authorize Users to Run Privileged Tasks...
[[0;32m  OK  [0m] Reached target Remote File Systems (Pre).
[[0;32m  OK  [0m] Reached target Remote File Systems.
         Starting LSB: Set the CPU Frequency Scaling governor to "ondemand"...
         Starting LSB: automatic crash report generation...
         Starting LSB: daemon to balance interrupts for SMP systems...
         Starting Permit User Sessions...
[[0;32m  OK  [0m] Started Authenticate and Authorize Users to Run Privileged Tasks.
[[0;32m  OK  [0m] Started Permit User Sessions.
[[0;32m  OK  [0m] Started Accounts Service.
[[0;32m  OK  [0m] Started Virtualbox guest utils.
         Starting Terminate Plymouth Boot Screen...
         Starting Hold until boot process finishes up...
[[0;32m  OK  [0m] Started LSB: Set the CPU Frequency Scaling governor to "ondemand".
[[0;32m  OK  [0m] Started LSB: automatic crash report generation.
[[0;32m  OK  [0m] Started LSB: daemon to balance interrupts for SMP systems.
[[0;32m  OK  [0m] Started Terminate Plymouth Boot Screen.
[[0;32m  OK  [0m] Started Hold until boot process finishes up.
[[0;32m  OK  [0m] Started Getty on tty1.
[[0;32m  OK  [0m] Started Serial Getty on ttyS0.
[[0;32m  OK  [0m] Reached target Login Prompts.
         Starting Set console scheme...
[[0;32m  OK  [0m] Started Set console scheme.
[   26.966559] cloud-init[1050]: Generating locales (this might take a while)...
[[0;32m  OK  [0m] Started Pollinate to seed the pseudo random number generator.
         Starting OpenBSD Secure Shell server...
[[0;32m  OK  [0m] Started OpenBSD Secure Shell server.
[[0;32m  OK  [0m] Reached target Multi-User System.
[[0;32m  OK  [0m] Reached target Graphical Interface.
         Starting Update UTMP about System Runlevel Changes...
[[0;32m  OK  [0m] Started Update UTMP about System Runlevel Changes.
[   27.920469] cloud-init[1050]:   en_US.UTF-8... done
[   27.922536] cloud-init[1050]: Generation complete.
[   28.475719] cloud-init[1050]: Cloud-init v. 18.2 running 'modules:config' at Tue, 22 May 2018 07:14:17 +0000. Up 26.83 seconds.
[[0;32m  OK  [0m] Started Apply the settings specified in cloud-config.
         Starting Execute cloud user/final scripts...
ci-info: no authorized ssh keys fingerprints found for user ubuntu.
<14>May 22 07:14:19 ec2: 
<14>May 22 07:14:19 ec2: #############################################################
<14>May 22 07:14:19 ec2: -----BEGIN SSH HOST KEY FINGERPRINTS-----
<14>May 22 07:14:19 ec2: 1024 SHA256:/K8MZzV9zjQymNFx04htgfIRHtLDNg4Ar/ro4A2XagA root@ubuntu-xenial (DSA)
<14>May 22 07:14:19 ec2: 256 SHA256:6F1b25BxqwozRTM/FyjE42Lrr3Vok2PYE6RnEOK3mII root@ubuntu-xenial (ECDSA)
<14>May 22 07:14:19 ec2: 256 SHA256:R5759QZ6xnUGUN9wI5iMWGswpyhZOy1dYPSNkMVwYrI root@ubuntu-xenial (ED25519)
<14>May 22 07:14:19 ec2: 2048 SHA256:FDiOQVmwm7M2QPoyI82wsDAow+slHFj/HW5WNU0x7Rk root@ubuntu-xenial (RSA)
<14>May 22 07:14:19 ec2: -----END SSH HOST KEY FINGERPRINTS-----
<14>May 22 07:14:19 ec2: #############################################################
-----BEGIN SSH HOST KEY KEYS-----
ecdsa-sha2-nistp256 AAAAE2VjZHNhLXNoYTItbmlzdHAyNTYAAAAIbmlzdHAyNTYAAABBBDLRXuN3hBdGk2wIYveGCvcDPLCF9/ig3sSFHHa7bvvSkSIkJl7tpXXAMM+6b9twdKkdFQR76pQ31naoIVB4KJM= root@ubuntu-xenial
ssh-ed25519 AAAAC3NzaC1lZDI1NTE5AAAAINrQybg6FL6bQcvrZaRTyWNPYcFZRVXRlmeJolyK39gR root@ubuntu-xenial
ssh-rsa AAAAB3NzaC1yc2EAAAADAQABAAABAQDoaS5Xhb+hrebjuKKrHqrmEGOeQ1D+WOu712FLUX8NpM+GvOx4hyi4Hwl+u2cQuDUdcG37flAv62GarCETdZSTl7ITvmVgCTbiv8gXBv2bYGBUTcJhaFZgyxZWbYdFJkdUgFVT8y9yOW0wEv42Dg2AM7tnqp7IcxO2THeYhKUSwF1h6CGgzwwisG0QQmSf3sZXLZQxNxb2R+mpdHIJ1xvo74zBXZuuHxX+Gb6p4pwElsP4YDy0utwIfUrpe5RdQBYT7OQE6LiNcfsBA6AHDwGzUUPp1Iw1LCd6ASPlxZ2cULN19cT/WmWwv3VCt0nM7sF5gWvmcWfpknqqOne7mAQ9 root@ubuntu-xenial
-----END SSH HOST KEY KEYS-----
[   29.499253] cloud-init[1275]: Cloud-init v. 18.2 running 'modules:final' at Tue, 22 May 2018 07:14:19 +0000. Up 28.91 seconds.
[   29.530495] cloud-init[1275]: ci-info: no authorized ssh keys fingerprints found for user ubuntu.
[   29.533118] cloud-init[1275]: Cloud-init v. 18.2 finished at Tue, 22 May 2018 07:14:20 +0000. Datasource DataSourceNoCloud [seed=/dev/sdb][dsmode=net].  Up 29.49 seconds
[[0;32m  OK  [0m] Started Execute cloud user/final scripts.
[[0;32m  OK  [0m] Reached target Cloud-init target.

Ubuntu 16.04.4 LTS ubuntu-xenial ttyS0

ubuntu-xenial login: [23325.411690] e1000 0000:00:03.0 enp0s3: Detected Tx Unit Hang
[23325.411690]   Tx Queue             <0>
[23325.411690]   TDH                  <62>
[23325.411690]   TDT                  <64>
[23325.411690]   next_to_use          <64>
[23325.411690]   next_to_clean        <62>
[23325.411690] buffer_info[next_to_clean]
[23325.411690]   time_stamp           <10057cdda>
[23325.411690]   next_to_watch        <63>
[23325.411690]   jiffies              <10057cf42>
[23325.411690]   next_to_watch.status <0>
[23327.416025] e1000 0000:00:03.0 enp0s3: Detected Tx Unit Hang
[23327.416025]   Tx Queue             <0>
[23327.416025]   TDH                  <62>
[23327.416025]   TDT                  <64>
[23327.416025]   next_to_use          <64>
[23327.416025]   next_to_clean        <62>
[23327.416025] buffer_info[next_to_clean]
[23327.416025]   time_stamp           <10057cdda>
[23327.416025]   next_to_watch        <63>
[23327.416025]   jiffies              <10057d137>
[23327.416025]   next_to_watch.status <0>
[23329.421607] e1000 0000:00:03.0 enp0s3: Detected Tx Unit Hang
[23329.421607]   Tx Queue             <0>
[23329.421607]   TDH                  <62>
[23329.421607]   TDT                  <64>
[23329.421607]   next_to_use          <64>
[23329.421607]   next_to_clean        <62>
[23329.421607] buffer_info[next_to_clean]
[23329.421607]   time_stamp           <10057cdda>
[23329.421607]   next_to_watch        <63>
[23329.421607]   jiffies              <10057d32c>
[23329.421607]   next_to_watch.status <0>
[23331.424870] e1000 0000:00:03.0 enp0s3: Detected Tx Unit Hang
[23331.424870]   Tx Queue             <0>
[23331.424870]   TDH                  <62>
[23331.424870]   TDT                  <64>
[23331.424870]   next_to_use          <64>
[23331.424870]   next_to_clean        <62>
[23331.424870] buffer_info[next_to_clean]
[23331.424870]   time_stamp           <10057cdda>
[23331.424870]   next_to_watch        <63>
[23331.424870]   jiffies              <10057d521>
[23331.424870]   next_to_watch.status <0>
[23333.427956] e1000 0000:00:03.0 enp0s3: Detected Tx Unit Hang
[23333.427956]   Tx Queue             <0>
[23333.427956]   TDH                  <62>
[23333.427956]   TDT                  <64>
[23333.427956]   next_to_use          <64>
[23333.427956]   next_to_clean        <62>
[23333.427956] buffer_info[next_to_clean]
[23333.427956]   time_stamp           <10057cdda>
[23333.427956]   next_to_watch        <63>
[23333.427956]   jiffies              <10057d716>
[23333.427956]   next_to_watch.status <0>
[23333.482699] e1000 0000:00:03.0 enp0s3: Reset adapter
         Stopping Session 5 of user vagrant.
         Stopping Session 2 of ue         Stopping LXD - container startup/shutdown...
         Stopping System Logging Service...
         Stopping LSB: daemon to balance interrupts for SMP systems...
         Stopping Deferred execution scheduler...
         Stopping LSB: Record successful boot for GRUB...
[[0;32m  OK  [0m] Stopped target Timers.
[[0;32m  OK  [0m] Stopped Daily apt upgrade and clean activities.
[[0;32m  OK  [0m] Stopped Daily Cleanup of Temporary Directories.
[[0;32m  OK  [0m] Stopped Daily apt download activities.
[[0;32m  OK  [0m] Stopped target System Time Synchronized.
         Stopping Accounts Service...
         Stopping Run a flaskapp service...
[[0;32m  OK  [0m] Unmounted /var/lib/lxcfs.
[[0;32m  OK  [0m] Stopped System Logging Service.
[[0;32m  OK  [0m] Stopped ACPI event daemon.
[[0;32m  OK  [0m] Stopped Deferred execution scheduler.
[[0;32m  OK  [0m] Stopped Accounts Service.
[[0;32m  OK  [0m] Stopped Snappy daemon.
[[0;32m  OK  [0m] Stopped Regular background program processing daemon.
[[0;32m  OK  [0m] Stopped Authenticate and Authorize Users to Run Privileged Tasks.
[[0;32m  OK  [0m] Stopped Getty on tty1.
[[0;32m  OK  [0m] Stopped Serial Getty on ttyS0.
[[0;32m  OK  [0m] Stopped OpenBSD Secure Shell server.
[[0;32m  OK  [0m] Stopped User Manager for UID 1000.
[[0;32m  OK  [0m] Stopped Session 2 of user vagrant.
[[0;32m  OK  [0m] Stopped Daemon for generating UUIDs.
[[0;32m  OK  [0m] Stopped Run a flaskapp service.
[[0;32m  OK  [0m] Stopped Session 5 of user vagrant.
[[0;32m  OK  [0m] Stopped D-Bus System Message Bus.
[[0;32m  OK  [0m] Stopped Unattended Upgrades Shutdown.
[[0;32m  OK  [0m] Stopped FUSE filesystem for LXC.
[[0;32m  OK  [0m] Stopped LXD - container startup/shutdown.
[[0;32m  OK  [0m] Stopped LSB: MD monitoring daemon.
[[0;32m  OK  [0m] Stopped LSB: automatic crash report generation.
[[0;32m  OK  [0m] Stopped Virtualbox guest utils.
[[0;32m  OK  [0m] Stopped LSB: Set the CPU Frequency Scaling governor to "ondemand".
[[0;32m  OK  [0m] Stopped LSB: daemon to balance interrupts for SMP systems.
[[0;32m  OK  [0m] Stopped LSB: Record successful boot for GRUB.
         Stopping "Datadog Trace Agent (APM)"...
[[0;32m  OK  [0m] Removed slice User Slice of vagrant.
         Stopping Login Service...
[[0;32m  OK  [0m] Removed slice system-serial\x2dgetty.slice.
         Stopping Permit User Sessions...
[[0;32m  OK  [0m] Stopped /etc/rc.local Compatibility.
[[0;32m  OK  [0m] Removed slice system-getty.slice.
[[0;32m  OK  [0m] Stopped Login Service.
[[0;32m  OK  [0m] Stopped "Datadog Trace Agent (APM)".
[[0;32m  OK  [0m] Stopped Permit User Sessions.
[[0;32m  OK  [0m] Stopped PostgreSQL Cluster 9.5-main.
[[0;32m  OK  [0m] Removed slice system-postgresql.slice.
[[0;32m  OK  [0m] Stopped target Remote File Systems.
[[0;32m  OK  [0m] Stopped target Remote File Systems (Pre).
         Stopping Login to default iSCSI targets...
         Stopping "Datadog Agent"...
[[0;32m  OK  [0m] Stopped target User and Group Name Lookups.
[[0;32m  OK  [0m] Stopped "Datadog Agent".
[[0;32m  OK  [0m] Stopped target Basic System.
[[0;32m  OK  [0m] Stopped target Slices.
[[0;32m  OK  [0m] Removed slice User and Session Slice.
[[0;32m  OK  [0m] Stopped target Paths.
[[0;32m  OK  [0m] Stopped Forward Password Requests to Wall Directory Watch.
[[0;32m  OK  [0m] Stopped ACPI Events Check.
[[0;32m  OK  [0m] Stopped Dispatch Password Requests to Console Directory Watch.
[[0;32m  OK  [0m] Stopped target Sockets.
[[0;32m  OK  [0m] Closed D-Bus System Message Bus Socket.
[[0;32m  OK  [0m] Closed ACPID Listen Socket.
[[0;32m  OK  [0m] Closed LXD - unix socket.
[[0;32m  OK  [0m] Closed Socket activation for snappy daemon.
[[0;32m  OK  [0m] Closed UUID daemon activation socket.
[[0;32m  OK  [0m] Closed Syslog Socket.
[[0;32m  OK  [0m] Stopped target System Initialization.
[[0;32m  OK  [0m] Stopped target Swap.
         Stopping Load/Save Random Seed...
[[0;32m  OK  [0m] Stopped Commit a transient machine-id on disk.
[[0;32m  OK  [0m] Stopped target Encrypted Volumes.
         Stopping Update UTMP about System Boot/Shutdown...
[[0;32m  OK  [0m] Stopped Load/Save Random Seed.
[[0;32m  OK  [0m] Stopped Update UTMP about System Boot/Shutdown.
[[0;32m  OK  [0m] Stopped Login to default iSCSI targets.
         Stopping iSCSI initiator daemon (iscsid)...
[[0;32m  OK  [0m] Stopped Create Volatile Files and Directories.
[[0;32m  OK  [0m] Stopped iSCSI initiator daemon (iscsid).
[[0;32m  OK  [0m] Stopped target Network is Online.
[[0;32m  OK  [0m] Stopped Initial cloud-init job (metadata service crawler).
[[0;32m  OK  [0m] Stopped target Network.
         Stopping Raise network interfaces...
[[0;32m  OK  [0m] Stopped Raise network interfaces.
[[0;32m  OK  [0m] Stopped Apply Kernel Variables.
[[0;32m  OK  [0m] Stopped Load Kernel Modules.
[[0;32m  OK  [0m] Stopped target Local File Systems.
         Unmounting /vagrant...
         Unmounting /run/user/1000...
         Unmounting /vagrant_data...
[[0;32m  OK  [0m] Stopped target Network (Pre).
[[0;32m  OK  [0m] Stopped Initial cloud-init job (pre-networking).
[[0;32m  OK  [0m] Unmounted /vagrant.
[[0;32m  OK  [0m] Unmounted /run/user/1000.
[[0;32m  OK  [0m] Unmounted /vagrant_data.
[[0;32m  OK  [0m] Reached target Unmount All Filesystems.
[[0;32m  OK  [0m] Stopped target Local File Systems (Pre).
         Stopping Monitoring of LVM2 mirrors... dmeventd or progress polling...
[[0;32m  OK  [0m] Stopped Remount Root and Kernel File Systems.
[[0;32m  OK  [0m] Stopped Create Static Device Nodes in /dev.
[[0;32m  OK  [0m] Reached target Shutdown.
[72361.042956] reboot: Restarting system
[    0.0000 Initializing cgroupsusy cpuset
[    0.000000] Initializing cgou sbsys cpu
[  0.00000] Inialzing cgroup subsys cpact
[    0.000000] Linuxvesin 4.4.0-127-generi (builddlc01-amd64-023) (gcc version 5.4.0 20160609 (butu5.4.0-6ubuntu1~16.09)) #153-Unt SMP Sat May 9 0:58:46 UTC 2018 (Ubuntu 4.4.0-127.153-generic 4.4.128)
[    0.000000] Command line: BOOT_IMAGE=/boot/vmlinuz-4.4.0-127-generic root=UUID=bbd644b0-b529-40fa-8b06-40f70b78951ro consoe=ty console=ttyS0
[    0.000000] KERNEL supported cpus:
[    0.000000]   Intel GenuineIntel
[    0.000000]   AMD AuthenticAMD
[    0.00000]  Centaur CentaurHauls
[   0.000000] x86/fpu: xstate_offset[2]:  576, xtae_sizes]: 256
[    0.000000] x86/fpu: Supporting XSAVE feature 0x01: 'x87 floating point registers'
[    0.000000] x86/fpu: Supporting XSAVE feature 0x02: 'SSE registers'
[    0.000000] x86/fpu: Supporting XSAVE feature 0x04: 'AVX registers'
[    0.000000] x86/fpu: Enabled xstate features 0x7, context size is 832 bytes, using 'standard' format.
[    0.000000] x86/fpu: Using 'lazy' FPU context swiches.
[    0.000000] e820: BIOS-provided physical RAM map:
[    0.000000] BIOS-e820: [mem 0x0000000000000000-0x000000000009fbff] usable
[    0.000000] BIOS-e820: [mem 0x000000000009fc00-x0000000009fff rserved
[    0.000000] BIOS-e820: [me 00000000000f0000-0x00000000fffff] reserved
   0000000] BIOS-e820: me 0000000000010000-000000003ffeffff] usable
[   .000000] BIOS-82: mem 0x000000003fff0000-0x000000003ffff] ACPI data
[   .000000] BIOS-e820: [em 0x0000000fc0000-0x0000000fec00ff] resered
[   0.000000 BOSe820: [mem 0x00000000fee00000-0x00000000fee00fff] reserved
[    0.000000] BIOS-e820: me 000000000fffc0000-0x000000fffffff] reserved
[    0.000000] NX (Execute Disable) protection: active
[    0.000000] SMBIOS 2.5 preen.
[    0.000000] Hyperviordetecte KM
[  0.000000] e820: last_pfn = 0x3fff0 max_arch_pfn = 0x400000000
[    0.000000] MTRR: Disabled
[    0.00000] x86/PAT: MTRRs disabled, skipping PAT initialization too.
[    0.000000] CPU MTRRs all blank - virtualized system.
[    0.000000] x86/PAT: Configuration [0-7]: WB  WT  UC- UC  WB  WT  UC- UC  
[    0.000000] found SMP MP-table at [mem 0x0009fff0-0x0009ffff] mapped at [ffff88000009fff0]
[    0.000000] Scanning 1 areas for low memory corruption
[    0.000000] RAMDISK: [mem 0x361f2000-0x370f0fff]
[    0.000000] ACPI: Early table checksum verification disabled
[    0.000000] ACPI: RSDP 0x00000000000E0000 000024 (v02 VBOX  )
[    0.000000] ACPI: XSDT 0x000000003FFF0030 00003C (v01 VBOX   VBOXXSDT 00000001 ASL  00000061)
[    0.000000] ACPI: FACP 0x000000003FFF00F0 0000F4 (v04 VBOX   VBOXFACP 00000001 ASL  00000061)
[    0.000000] API DDT 00000003FFF0470 0021FF (v02 VBOX  BOBIOS 0000000 ITL 2010528)
[   0.0000] ACPI:ACS 0x000000003FFF0200 000040
[    0.000000] ACPI: FACS 0x000000003FFF0200 000040
[    0.000000] ACPI: APIC 0x000000003FFF0240 00005C (v02 VBOX   VBOXAPIC 0000000 ASL  00006)
[    0.000000 API SSDT 0x0000003FF02A0 001C (v01 VBOX   VBOXCPUT 00000002 INTL 20100528)
[    0.000000] No NUMA configuration found
[    0.0000 Faking a node at [mem 0x0000000000000-0x00000000fffff]
[    00000] ODE_DAA() allocated [mem 0xffb000-0x3ffefff
[    0.000000] kvm-clock: Using msrs 4b564d01 and 4b564d00
[    0.00000 kvm-clock: cp 0 mr 0:3ffe301 pimary cpu clock
[    0.000000] kvm-clock: using sched offset of 72368232785835 cycles
[    0.000000] clocksource: kvm-clock: mask: 0xffffffffffffff max_cycles: 0x1cd4e4ff, max_idle_ns 8150591483 ns
[   .00000] Zone rge:
[    0.000000] DMA      [mem 0x0000000000000-0x00000000fffff]
[   .00000]   DMA32    [mem 0x00000000010000-x000000003efff]
[    .0000]   Normal epty
[   .00000]   Dic   empty
[    0.000000] Movlezone start fr ach node
[    0000000] Early memory node anes
[    .00000]   node   0: [mem 0x0000000000001000-0x000000000009efff]
[    0.000000]   node   0: [mem 0x0000000000100000-0x000000003ffeffff]
[    0.000000] Initmem setup node 0 [mem 0x0000000000001000-0x000000003ffeffff]
[    0.000000] ACPI: PM-Timer IO Port: 0x408[    0.00000 IAPIC[0]: apiic_id 2, version 32, address 0xfec00000, GSI 0-23
[    0.000000] ACPI: INT_SRC_OVR (bus 0 bus_irq 0 global_irq 2 dfl dfl)
[    0.000000] ACPI: INT_SRC_OVR (bus 0 bus_irq 9 global_irq 9 low level)
[    0.000000] Using ACPI (MADT) for SMP configuration informtin
[    0.000000] smpboot: Allowing 2 CPUs, 0 hotplug CPUs
[    0.000000] PM: Registered nosave memory: [mem 0x00000000-0x00000fff]
[    0.000000] PM: Registered nosave memory: [mem 0x0009f000-0x0009ffff]
[    0.000000] PM: Registered nosave memory: [mem 0x000a0000-0x00efff
[    0.000000] PM: Regisre nosae emry: [mem 0x000f0000-0x00fff]
[    0.000000] e20 [mem 0x40000-0xfebfffff] available for PCI devices
[    0.000000] Booting paravirtualized kerrnel onKV
    0.0000]clocksource: refined-jifis:mask: 0xffffff mx_cycles: 0xffffffff, max_idl_n: 64551960021156 n
    0.000000] setup_percpu: _CUS:512 nr_cpumak_it:512 nr_cpu_ids:2 nr_nodeid:1
[    0.000000] PERCPU: Emeded34 pages/cpu @ffff88003fc00000 s99544 r8192 d31528 u1048576
[    0.000000] PV qspinlock hash table entries: 256 (order: 0, 4096 bytes)
[    0.0000] Built 1 zoniss in Node orer mbility grouping on.  Total pages: 257912
[    0.000000] Policy zone: DMA32
[    0.000000] Kernel command line: BOOT_IMAGE=/boot/vmlinuz-4.4.0-127-generic root=UUID=bbd644b0-b529-40fa-8b06-40f70b789c51 ro console=tty1 console=ttyS0
[    0.000000] PID hash table entries: 4096 (order: 3, 32768 bytes)
[    0.000000] Memory: 997164K/1048120K available (8537K kernel code, 313K rwdata, 400 rodata, 1512K init, 1316K bss, 50956K reserved, 0K cma-reserved)
[    0.000000] SLUB: HWalign=64, Order=0-3, MinObjects=0, CPUs=2, Nodes=1
[    0.000000] Kernel/User page tables isolation: enabled
[    0.000000] Hierarchical RCU implementation.
[    0.000000] 	Build-time adjustment of leaf fanout to 64.
[    0.000000] 	RCU restricting CPUs from NR_CPUS=512 to nr_cpu_ids=2.
[    0.000000] RCU: Adjusting geometry for rcu_fanout_leaf=64, nr_cpu_ids=2
[    0.000000] NR_IRQS:33024 nr_irqs:440 16
[    0.000000] Console: colour VA+80x25
[   0.000000] onole [tty1] enabled
[    0.000000] cnsle [ttS0] enabled[   0.000000] tsc: Detected 1599.999 MHz processor
[    5.936807] Calibrating delay loop (skipped) preset value.. 3199.99 BogoMIPS (lpj=6399996)
[    5.954448] pid_max: default: 32768 minimum: 301
[    5.965125] ACPI: Core revision 20150930
[    5.995065] ACPI: 2 ACPI AML tables successfully acquired and loaded
[    6.006474] Security Framework initialized
[    6.007728] Yama: becoming mindful.
[    6.025669] AppArmor: AppArmor initialized
[    6.060414] Dentry cache hash table entries: 131072 (order: 8, 1048576 bytes)
[    6.102104] Inode-cache hash table entries: 65536 (order: 7, 524288 bytes)
[    6.122769] Mount-cache hash table entries: 2048 (order: 2, 16384 bytes)
[    6.166788] Mountpoint-cache hash table entries: 2048 (order: 2, 16384 bytes)
[    6.177640] Initializing cgroup subsys io
[    6.200029] Initializing cgroup subsys memory
[    6.201629] Initializing cgroup subsys devices
[    6.202917] Initializing cgroup subsys freezer
[    6.204086] Initializing cgroup subsys net_cls
[    6.225798] Initializing cgroup subsys perf_event
[    6.260863] Initializing cgroup subsys net_prio
[    6.286103] Initializing cgroup subsys hugetlb
[    6.307613] Initializing cgroup subsys pids
[    6.342517] CPU: Physical Processor ID: 0
[    6.344368] CPU: Processor Core ID: 0
[    6.350793] mce: CPU supports 0 MCE banks
[    6.352001] Last level iTLB entries: 4KB 64, 2MB 8, 4MB 8
[    6.353508] Last level dTLB entries: 4KB 64, 2MB 0, 4MB 0, 1GB 4
[    6.355109] Spectre V2 : Mitigation: Full generic retpoline
[    6.356706] Spectre V2 : Speculation control IBPB not-supported IBRS not-supported
[    6.358550] Speculative Store Bypass: Vulnerable
[    6.397189] Freeing SMP alternatives memory: 32K
[    6.423602] ftrace: allocating 32237 entries in 126 pages
[    6.495365] smpboot: APIC(0) Converting physical 0 to logical package 0
[    6.538131] smpboot: Max logical packages: 1
[    6.542997] x2apic enabled
[    6.558894] Switched APIC routing to physical x2apic.
[    6.579287] ..TIMER: vector=0x30 apic1=0 pin1=2 apic2=-1 pin2=-1
[    6.696857] smpboot: CPU0: Intel(R) Core(TM) i5-5250U CPU @ 1.60GHz (family: 0x6, model: 0x3d, stepping: 0x4)
[    6.742224] Performance Events: unsupported p6 CPU model 61 no PMU driver, software events only.
[    6.744641] KVM setup paravirtual spinlock
[    6.752258] x86: Booting SMP configuration:
[    6.760242] .... node  #0, CPUs:      #1
[    6.773912] kvm-clock: cpu 1, msr 0:3ffe3041, secondary cpu clock
[    6.778124] mce: CPU supports 0 MCE banks
[    6.780942] x86: Booted up 1 node, 2 CPUs
[    6.786454] smpboot: Total of 2 processors activated (6399.99 BogoMIPS)
[    6.800133] devtmpfs: initialized
[    6.803404] evm: security.selinux
[    6.805605] evm: security.SMACK64
[    6.825399] evm: security.SMACK64EXEC
[    6.826492] evm: security.SMACK64TRANSMUTE
[    6.827760] evm: security.SMACK64MMAP
[    6.828996] evm: security.ima
[    6.835456] evm: security.capability
[    6.847988] clocksource: jiffies: mask: 0xffffffff max_cycles: 0xffffffff, max_idle_ns: 7645041785100000 ns
[    6.856508] futex hash table entries: 512 (order: 3, 32768 bytes)
[    6.863970] pinctrl core: initialized pinctrl subsystem
[    6.865675] RTC time:  3:19:57, date: 05/23/18
[    6.867283] NET: Registered protocol family 16
[    6.880348] cpuidle: using governor ladder
[    6.909065] cpuidle: using governor menu
[    6.921106] PCCT header not found.
[    6.951329] ACPI: bus type PCI registered
[    6.965639] acpiphp: ACPI Hot Plug PCI Controller Driver version: 0.5
[    6.967701] PCI: Using configuration type 1 for base access
[    6.986326] ACPI: Added _OSI(Module Device)
[    7.000187] ACPI: Added _OSI(Processor Device)
[    7.010782] ACPI: Added _OSI(3.0 _SCP Extensions)
[    7.033105] ACPI: Added _OSI(Processor Aggregator Device)
[    7.039405] ACPI: Executed 1 blocks of module-level executable AML code
[    7.053243] ACPI: Interpreter enabled
[    7.060145] ACPI: (supports S0 S5)
[    7.073232] ACPI: Using IOAPIC for interrupt routing
[    7.080968] PCI: Using host bridge windows from ACPI; if necessary, use "pci=nocrs" and report a bug
[    7.110360] ACPI: PCI Root Bridge [PCI0] (domain 0000 [bus 00-ff])
[    7.113573] acpi PNP0A03:00: _OSC: OS supports [ASPM ClockPM Segments MSI]
[    7.115386] acpi PNP0A03:00: _OSC: not requesting OS control; OS requires [ExtendedConfig ASPM ClockPM MSI]
[    7.118184] acpi PNP0A03:00: fail to add MMCONFIG information, can't access extended PCI configuration space under this bridge.
[    7.121586] PCI host bridge to bus 0000:00
[    7.122803] pci_bus 0000:00: root bus resource [io  0x0000-0x0cf7 window]
[    7.124625] pci_bus 0000:00: root bus resource [io  0x0d00-0xffff window]
[    7.126420] pci_bus 0000:00: root bus resource [mem 0x000a0000-0x000bffff window]
[    7.128576] pci_bus 0000:00: root bus resource [mem 0x40000000-0xfdffffff window]
[    7.130749] pci_bus 0000:00: root bus resource [bus 00-ff]
[    7.134433] pci 0000:00:01.1: legacy IDE quirk: reg 0x10: [io  0x01f0-0x01f7]
[    7.136552] pci 0000:00:01.1: legacy IDE quirk: reg 0x14: [io  0x03f6]
[    7.138308] pci 0000:00:01.1: legacy IDE quirk: reg 0x18: [io  0x0170-0x0177]
[    7.151797] pci 0000:00:01.1: legacy IDE quirk: reg 0x1c: [io  0x0376]
[    7.175231] pci 0000:00:07.0: quirk: [io  0x4000-0x403f] claimed by PIIX4 ACPI
[    7.177406] pci 0000:00:07.0: quirk: [io  0x4100-0x410f] claimed by PIIX4 SMB
[    7.188232] ACPI: PCI Interrupt Link [LNKA] (IRQs 5 9 10 *11)
[    7.190920] ACPI: PCI Interrupt Link [LNKB] (IRQs 5 9 *10 11)
[    7.198620] ACPI: PCI Interrupt Link [LNKC] (IRQs 5 *9 10 11)
[    7.214406] ACPI: PCI Interrupt Link [LNKD] (IRQs 5 9 10 *11)
[    7.217029] ACPI: Enabled 2 GPEs in block 00 to 07
[    7.229278] vgaarb: setting as boot device: PCI:0000:00:02.0
[    7.236455] vgaarb: device added: PCI:0000:00:02.0,decodes=io+mem,owns=io+mem,locks=none
[    7.244469] vgaarb: loaded
[    7.245525] vgaarb: bridge control possible 0000:00:02.0
[    7.247518] SCSI subsystem initialized
[    7.265361] ACPI: bus type USB registered
[    7.272710] usbcore: registered new interface driver usbfs
[    7.297532] usbcore: registered new interface driver hub
[    7.312434] usbcore: registered new device driver usb
[    7.324776] PCI: Using ACPI for IRQ routing
[    7.332926] NetLabel: Initializing
[    7.354143] NetLabel:  domain hash size = 128
[    7.355580] NetLabel:  protocols = UNLABELED CIPSOv4
[    7.357044] NetLabel:  unlabeled traffic allowed by default
[    7.358812] amd_nb: Cannot enumerate AMD northbridges
[    7.368288] clocksource: Switched to clocksource kvm-clock
[    7.379991] AppArmor: ApAmoFiesstm nabled
[    7.591129 pnp: PnP CP iit

[   7.723780] pnp: PnPACI:oud  dvies

[   7.9320] clocksource: acpi_pm: mask: 0xffffff max_cycle: xffff,ma_idle_ns: 2085701024 ns
[    8.221020] NET: Registered protocol family 2

[    8.222421] TCP established hash table entries: 8192 (order: 4, 65536 bytes)
[    8.232595] TCP bind hash table ntie: 92(oer 5 1102 yts)
[   86285] CP: Hash tables cnfigured (established 8192 bind 8192)
[    8.787588] UDP hash table entries: 512 (order: 2, 16384 bytes)
[    8.789098] UDP-Lite hash table entries: 512 (order: 2, 16384 bytes)
[    8.790740] NET: Registered protocol family 1
[    8.7194] pci 00:0:00.0:Liiting irctPC/PI rasfrs
[   9.21246 pi 00:00:01.0: Activating ISA DMA hag oraruns[   .5562] Unpacking initramfs..
[    9.964236] Freeing initrd memory: 15356K
[    9.971559] RAPL PMU detected, API unit is 2^-32 Joules, 4 fixed counters 10737418240 ms ovfl timer
[    9.975683] hw unit of domain pp0-core 2^-0 Joules
[   10.013845] hw unit of domain package 2^-0 Joules
[   10.031563] hw unit of domain dram 2^-0 Joules
[   10.032903] hw unit of domain pp1-gpu 2^-0 Joules
[   10.034207] platform rtc_cmos: registered platform RTC device (no PNP device found)
[   10.046991] Scanning for low memory corruption every 60 seconds
[   10.060771] audit: initializing netlink subsys (disabled)
[   10.070719] audit: type=2000 audit(1527208459.145:1): initialized
[   10.094146] Initialise system trusted keyring
[   10.113504] HugeTLB registered 2 MB page size, pre-allocated 0 pages
[   10.133580] zbud: loaded
[   10.143053] VFS: Disk quotas dquot_6.6.0
[   10.185390] VFS: Dquot-cache hash table entries: 512 (order 0, 4096 bytes)
[   10.223804] squashfs: version 4.0 (2009/01/31) Phillip Lougher
[   10.291338] fuse init (API version 7.23)
[   10.310619] Key type big_key registered
[   10.311804] Allocating IMA MOK and blacklist keyrings.
[   10.333526] Key type asymmetric registered
[   10.334522] Asymmetric key parser 'x509' registered
[   10.337795] Block layer SCSI generic (bsg) driver version 0.4 loaded (major 249)
[   10.370700] io scheduler noop registered
[   10.389674] io scheduler deadline registered (default)
[   10.411395] io scheduler cfq registered
[   10.430602] pci_hotplug: PCI Hot Plug PCI Core version: 0.5
[   10.456886] pciehp: PCI Express Hot Plug Controller Driver version: 0.4
[   10.490862] ACPI: AC Adapter [AC] (on-line)
[   10.514597] input: Power Button as /devices/LNXSYSTM:00/LNXPWRBN:00/input/input0
[   10.537634] ACPI: Power Button [PWRF]
[   10.551828] input: Sleep Button as /devices/LNXSYSTM:00/LNXSLPBN:00/input/input1
[   10.586346] ACPI: Sleep Button [SLPF]
[   10.588403] GHES: HEST is not enabled!
[   10.589111] ACPI: Battery Slot [BAT0] (battery present)
[   10.594046] Serial: 8250/16550 driver, 32 ports, IRQ sharing enabled
[  1.65489] 00:02: ttyS0 at IO 0x3f8 (ir= 4, bae_au = 115200) is a 16550A

[   10.902502] Linux agpgart interface v0.103
[   10.929470] loop: module loaded
[   10.957297] scsi host0: ata_piix
[   10.981014] scsi host1: ata_piix
[   10.986850] ata1: PATA max UDMA/33 cmd 0x1f0 ctl 0x3f6 bmdma 0xd000 irq 14
[   11.036819] ata2: PATA max UDMA/33 cmd 0x170 ctl 0x376 bmdma 0xd008 irq 15
[   11.091001] tsc: Refined TSC clocksource calibration: 1600.484 MHz
[   11.092454] libphy: Fixed MDIO Bus: probed
[   11.092456] tun: Universal TUN/TAP device driver, 1.6
[   11.092457] tun: (C) 1999-2004 Max Krasnyansky <maxk@qualcomm.com>
[   11.092509] PPP generic driver version 2.4.2
[   11.092563] ehci_hcd: USB 2.0 'Enhanced' Host Controller (EHCI) Driver
[   11.092567] ehci-pci: EHCI PCI platform driver
[   11.092585] ehci-platform: EHCI generic platform driver
[   11.092592] ohci_hcd: USB 1.1 'Open' Host Controller (OHCI) Driver
[   11.092595] ohci-pci: OHCI PCI platform driver
[   11.092603] ohci-platform: OHCI generic platform driver
[   11.092610] uhci_hcd: USB Universal Host Controller Interface driver
[   11.092671] i8042: PNP: PS/2 Controller [PNP0303:PS2K,PNP0f03:PS2M] at 0x60,0x64 irq 1,12
[   11.093175] serio: i8042 KBD port at 0x60,0x64 irq 1
[   11.093180] serio: i8042 AUX port at 0x60,0x64 irq 12
[   11.093289] mousedev: PS/2 mouse device common for all mice
[   11.093560] input: AT Translated Set 2 keyboard as /devices/platform/i8042/serio0/input/input2
[   11.093942] rtc_cmos rtc_cmos: rtc core: registered rtc_cmos as rtc0
[   11.094004] rtc_cmos rtc_cmos: alarms up to one day, 114 bytes nvram
[   11.094010] i2c /dev entries driver
[   11.094070] device-mapper: uevent: version 1.0.3
[   11.094127] device-mapper: ioctl: 4.34.0-ioctl (2015-10-28) initialised: dm-devel@redhat.com
[   11.094146] ledtrig-cpu: registered to indicate activity on CPUs
[   11.094793] NET: Registered protocol family 10
[   11.094947] NET: Registered protocol family 17
[   11.094958] Key type dns_resolver registered
[   11.095263] registered taskstats version 1
[   11.095286] Loading compiled-in X.509 certificates
[   11.096129] Loaded X.509 cert 'Build time autogenerated kernel key: 9f6f572a3ee0cb468eb8db4aa61815bc74ef6adb'
[   11.096151] zswap: loaded using pool lzo/zbud
[   11.098094] Key type trusted registered
[   11.100961] Key type encrypted registered
[   11.100968] AppArmor: AppArmor sha1 policy hashing enabled
[   11.100971] ima: No TPM chip found, activating TPM-bypass!
[   11.100993] evm: HMAC attrs: 0x1
[   11.101268]   Magic number: 2:309:311
[   11.102590] rtc_cmos rtc_cmos: setting system clock to 2018-05-23 03:20:01 UTC (1527045601)
[   11.102742] BIOS EDD facility v0.16 2004-Jun-25, 0 devices found
[   11.102743] EDD information not available.
[  1.8002]clckouce tc: mask: 0xffffffffffffff max_cycles: 0x1711ee39100, max_idle_ns: 440795269379 ns
 [   12.177347] Freeing unused kernel memory: 1512K
[   12.675711] Write protecting the kernel read-only data: 14336k
[   12.681492] Freeing unused kernel memory: 1692K
[   12.704848] Freeing unused kernel memory: 96K
Loading, please wait...
starting version[   12.746190] random: systemd-udevd: uninitialized urandom read (16 bytes read, 7 bits of entropy available)
 229
[   12.746669] random: udevadm: uninitialized urandom read (16 bytes read, 7 bits of entropy available)
[   12.746689] random: udevadm: uninitialized urandom read (16 bytes read, 7 bits of entropy available)
[   12.756420] random: udevadm: uninitialized urandom read (16 bytes read, 7 bits of entropy available)
[   12.756552] random: udevadm: uninitialized urandom read (16 bytes read, 7 bits of entropy available)
[   12.756702] random: udevadm: uninitialized urandom read (16 bytes read, 7 bits of entropy available)
[   12.756756] random: udevadm: uninitialized urandom read (16 bytes read, 7 bits of entropy available)
[   12.756807] random: udevadm: uninitialized urandom read (16 bytes read, 7 bits of entropy available)
[   12.756861] random: udevadm: uninitialized urandom read (16 bytes read, 7 bits of entropy available)
[   12.756997] random: udevadm: uninitialized urandom read (16 bytes read, 7 bits of entropy available)
[   12.904907] e1000: Intel(R) PRO/1000 Network Driver - version 7.3.21-k8-NAPI
[   12.906970] e1000: Copyright (c) 1999-2006 Intel Corporation.
[   12.909595] Fusion MPT base driver 3.04.20
[   12.910949] Copyright (c) 1999-2008 LSI Corporation
[   12.919751] Fusion MPT SPI Host driver 3.04.20
[   12.935540] AVX2 version of gcm_enc/dec engaged.
[   12.937933] AES CTR mode by8 optimization enabled
[   13.151692] input: ImExPS/2 Generic Explorer Mouse as /devices/platform/i8042/serio1/input/input4
[   13.278458] e1000 0000:00:03.0 eth0: (PCI:33MHz:32-bit) 02:a3:be:24:b1:4f
[   13.301922] e1000 0000:00:03.0 eth0: Intel(R) PRO/1000 Network Connection
[   13.321874] mptbase: ioc0: Initiating bringup
[   13.322787] e1000 0000:00:03.0 enp0s3: renamed from eth0
[   13.657917] ioc0: LSI53C1030 A0: Capabilities={Initiator}
[   14.683845] scsi host2: ioc0: LSI53C1030 A0, FwRev=00000000h, Ports=1, MaxQ=256, IRQ=20
[   15.675898] scsi 2:0:0:0: Direct-Access     VBOX     HARDDISK         1.0  PQ: 0 ANSI: 5
[   15.701303] scsi target2:0:0: Beginning Domain Validation
[   15.721007] scsi target2:0:0: Domain Validation skipping write tests
[   15.750846] scsi target2:0:0: Ending Domain Validation
[   15.771491] scsi target2:0:0: asynchronous
[   15.869305] scsi 2:0:1:0: Direct-Access     VBOX     HARDDISK         1.0  PQ: 0 ANSI: 5
[   15.882543] scsi target2:0:1: Beginning Domain Validation
[   15.886402] scsi target2:0:1: Domain Validation skipping write tests
[   16.034563] scsi target2:0:1: Ending Domain Validation
[   16.053278] scsi target2:0:1: asynchronous
[   16.080488] sd 2:0:0:0: [sda] 20971520 512-byte logical blocks: (10.7 GB/10.0 GiB)
[   16.082428] sd 2:0:0:0: [sda] Write Protect is off
[   16.083552] sd 2:0:0:0: Attached scsi generic sg0 type 0
[   16.084761] sd 2:0:0:0: [sda] Incomplete mode parameter data
[   16.093368] sd 2:0:0:0: [sda] Assuming drive cache: write through
[   16.105593] sd 2:0:1:0: [sdb] 20480 512-byte logical blocks: (10.5 MB/10.0 MiB)
[   16.105603] sd 2:0:1:0: Attached scsi generic sg1 type 0
[   16.120441] sd 2:0:1:0: [sdb] Write Protect is off
[   16.126650] sd 2:0:1:0: [sdb] Incomplete mode parameter data
[   16.145440] sd 2:0:1:0: [sdb] Assuming drive cache: write through
[   16.148621]  sda: sda1
[   16.189915] sd 2:0:0:0: [sda] Attached SCSI disk
[   16.193300] sd 2:0:1:0: [sdb] Attached SCSI disk
Begin: Loading essential drivers[   17.625694] md: linear personality registered for level -1
 ... [   17.690832] md: multipath personality registered for level -4
[   17.695270] md: raid0 personality registered for level 0
[   17.699840] md: raid1 personality registered for level 1
[   17.772565] raid6: sse2x1   gen()  8091 MB/s
[   17.848563] raid6: sse2x1   xor()  5561 MB/s
[   17.928511] raid6: sse2x2   gen()  9339 MB/s
[   18.024511] raid6: sse2x2   xor()  6858 MB/s
[   18.104573] raid6: sse2x4   gen() 11541 MB/s
[   18.176589] raid6: sse2x4   xor()  8103 MB/s
[   18.264903] raid6: avx2x1   gen() 14736 MB/s
[   18.348545] raid6: avx2x2   gen() 18701 MB/s
[   18.432559] raid6: avx2x4   gen() 18397 MB/s
[   18.449014] raid6: using algorithm avx2x2 gen() 18701 MB/s
[   18.481199] raid6: using avx2x2 recovery algorithm
[   18.498931] xor: automatically using best checksumming function:
[   18.572332]    avx       : 17013.000 MB/sec
[   18.592132] async_tx: api initialized (async)
[   18.609752] md: raid6 personality registered for level 6
[   18.630968] md: raid5 personality registered for level 5
[   18.653046] md: raid4 personality registered for level 4
[   18.675817] md: raid10 personality registered for level 10
done.
Begin: Running /scripts/init-premount ... done.
Begin: Mounting root file system ... Begin: Running /scripts/local-top ... done.
Begin: Running /scripts/local-premount ... [   18.715988] Btrfs loaded
Scanning for Btrfs filesystems
done.
Warning: fsck not present, so sk[   18.777065] EXT4-fs (sda1): mounted filesystem with ordered data mode. Opts: (null)
ipping root file system
done.
Begin: Running /scripts/local-bottom ... done.
Begin: Running /scripts/init-bottom ... done.
[   19.040156] systemd[1]: systemd 229 running in system mode. (+PAM +AUDIT +SELINUX +IMA +APPARMOR +SMACK +SYSVINIT +UTMP +LIBCRYPTSETUP +GCRYPT +GNUTLS +ACL +XZ -LZ4 +SECCOMP +BLKID +ELFUTILS +KMOD -IDN)
[   19.102966] systemd[1]: Detected virtualization oracle.
[   19.104561] systemd[1]: Detected architecture x86-64.

Welcome to [1mUbuntu 16.04.4 LTS[0m!

[  1.1120] systemd[1]:Set hostname to <service-db-a-1>.

[   19.664177] systemd[1]: [/lib/systemd/system/datadog-agent-process.service:5] Unknown lvalue 'StartLimitIntervalSec' in section 'Unit'
[   19.721461] systemd[1]: [/lib/systemd/system/datadog-agent.service:5] Unknown lvalue 'StartLimitIntervalSec' in section 'Unit'
[   19.742921] systemd[1]: [/lib/systemd/system/datadog-agent-trace.service:5] Unknown lvalue 'StartLimitIntervalSec' in section 'Unit'
[   19.775404] random: nonblocking pool is initialized
[   19.819103] systemd[1]: Started Trigger resolvconf update for networkd DNS.
[[0;32m  OK  [0m] Started Trigger resolvconf update for networkd DNS.
[   19.867169] systemd[1]: Listening on Journal Audit Socket.
[[0;32m  OK  [0m] Listening on Journal Audit Socket.
[   19.874963] systemd[1]: Listening on udev Kernel Socket.
[[0;32m  OK  [0m] Listening on udev Kernel Socket.
[   19.878009] systemd[1]: Started Forward Password Requests to Wall Directory Watch.
[[0;32m  OK  [0m] Started Forward Password Requests to Wall Directory Watch.
[  1.94221] ysemd[1]: Created slice System Slice.

[[0;32m  OK  [0m] Created slice System Slice.
[   20.070616] systemd[1]: Created slice system-postgresql.slice.
[[0;32m  OK  [0m] Created slice system-postgresql.slice.
[   20.131952] systemd[1]: Listening on Device-mapper event daemon FIFOs.
[[0;32m  OK  [0m] Listening on Device-mapper event daemon FIFOs.
[  2.1382]systemd[1]: Listening on udev ControlSoke.
[[0;32m  OK  [0m] Listening on udev Control Socket.
[  2.48526] ystemd[1]: Reached target User and Group Name Lookups.

[[0;32m  OK  [0m] Reached target User and Group Name Lookups.
[   20.590526] systemd[1]: Listening on LVM2 poll daemon socket.
[[0;32m  OK  [0m] Listening on LVM2 poll daemon socket.
[  20.641078] syem[1]: Listening on Sysog Socket.

[[0;32m  OK  [0m] Listening on Syslog Socket.
[   20.83654] systed[]:Litein o Journal Socket (/dev/log).

[[0;32m  OK  [0m] Listening on Journal Socket (/dev/log).
[   21.10239]syted[]:Crated slicesytem-sril\dgtt.sic.
[[0;32m  OK  [0m] Created slice system-serial\x2dgetty.slice.
[  2.6621114] systemd[1]: Reahe trget Swap
[[0;32m  OK  [0m] Reached target Swap.
[   21.807982] systemd[1]: Created slice User and Session Slice.
[[0;32m  OK  [0m] Created slice User and Session Slice.
[   21.812281] systemd[1]: Reached target Slices.
[[0;32m  OK  [0m] Reached target Slices.
[   21.861336] systemd[1]: Reached target System Time Synchronized.
[[0;32m  OK  [0m] Reached target System Time Synchronized.
[  2.8920]syted[]:Se u atoout rbtrry Excuabe il Frmats File Syste Atoout oit.

[[0;32m  OK  [0m] Set up automount Arbitrary Executab...ats File System Automount Point.
[   22.741793] systmd1] Lstening on /de/iittlCopaibliy Named Pipe.
[[0;32m  OK  [0m] Listening on /dev/initctl Compatibility Named Pipe.
[   23.075495] systemd[1]: Listening on LVM2 metadata daemon socket.
[[0;32m  OK  [0m] Listening on LVM2 metadata daemon socket.
[   23.100863] systemd[1]: Reached target Encrypted Volumes.
[[0;32m  OK  [0m] Reached target Encrypted Volumes.
[   23.630319] systemd[1]: istening on Jrnal Socket.
[[0;32m  OK  [0m] Listening on Journal Socket.
[   23.849168] systemd[1]: Starting Nameserver information manager...
         Starting Nameserver information manager...
[   23.909013] systemd[1]: Starting Journal Service...
         Starting Journal Service...
[   23.918290] systemd[1]: Starting Monitoring of LVM2 mirrors, snapshots etc. using dmeventd or progress polling...
         Starting Monitoring of LVM2 mirrors... dmeventd or progress polling...
[   23.989135] systemd[1]: Mounting Huge Pages File System...
         Mounting Huge Pages File System...
[   24.010269] systemd[1]: Starting Set console keymap...
         Starting Set console keymap...
[   24.052989] systemd[1]: Starting Create list of required static device nodes for the current kernel...
         Starting Create list of required st... nodes for the current kernel...
[   24.125346] systemd[1]: Starting Load Kernel Modules...
         Startin[   24.139193] Loading iSCSI transport class v2.0-870.
g Load Kernel Modules...
[   24.211773] systemd[1]: Mounting POSIX Message Queue File System...
         Mounting POSIX Message Queue File System...
[   24.223172] systemd[1]: Starting Uncomplicated firewall...
         Startin[   24.227305] iscsi: registered transport (tcp)
g Uncomplicated firewall...
[   24.253946] systemd[1]: Starting Remount Root and Kernel File Systems...
         Starting Remount Root and Kernel File Systems...
[   24.260428] systemd[1]: Mounting Debug File System...
[   24.262225] EXT4-fs (sda1): re-mounted. Opts: (null)
         Mounting Debug File System...
[   24.763000] systemd[1]: Mounted Huge Pages File System.
[[0;32m  OK  [0m] Mounted Huge Pages File System.
[   24.766208] systemd[1]: Mounted POSIX Message Queue File System.
[[0;32m  OK  [0m] Mounted POSIX Message Queue File System.
[   24.769805] systemd[1]: Mounted Debug File System.
[[0;32m  OK  [0m] Mounted Debug File System.
[   24.788865] systemd[1]: Started Journal Service.
[[0;32m  OK  [0m] Started Jour[   24.802104] iscsi: registered transport (iser)
nal Service.
[[0;32m  OK  [0m] Started Set console keymap.
[[0;32m  OK  [0m] Started Create list of required sta...ce nodes for the current kernel.
[[0;32m  OK  [0m] Started Load Kernel Modules.
[[0;32m  OK  [0m] Started Uncomplicated firewall.
[[0;32m  OK  [0m] Started Remount Root and Kernel File Systems.
[[0;32m  OK  [0m] Started Nameserver information manager.
[[0;32m  OK  [0m] Started LVM2 metadata daemon.
         Starting udev Coldplug all Devices...
         Starting Load/Save Random Seed...
         Starting Apply Kernel Variables...
         Mounting FUSE Control File System...
         Starting Create Static Device Nodes in /dev...
         Starting Flush Journal to Persistent Storage...
[[0;32m  OK  [0m] Mounted FUSE Control File System.
[[0;32m  OK  [0m] Started Load/Save Random Seed.
[[0;32m  OK  [0m] Started Apply Kernel Variables.
[[0;32m  OK  [0m] Started udev Coldplug all Devices.
[[0;32m  OK  [0m] Started Create Static Device Nodes in /dev.
[[0;32m  OK  [0m] Started Flush Journal to Persistent Storage.
         Starting udev Kernel Device Manager...
[[0;32m  OK  [0m] Started udev Kernel Device Manager.
[[0;32m  OK  [0m] Started Dispatch Password Requests to Console Directory Watch.
[[0;32m  OK  [0m] Started Monitoring of LVM2 mirrors,...ng dmeventd or progress polling.
[[0;32m  OK  [0m] Reached target Local File Systems (Pre).
[[0;32m  OK  [0m] Reached target Local File Systems.
         Starting Tell Plymouth To Write Out Runtime Data...
         Starting Initial cloud-init job (pre-networking)...
         Starting Create Volatile Files and Directories...
         Starting LSB: AppArmor initialization...
         Starting Set console font and keymap...
[[0;32m  OK  [0m] Started Tell Plymouth To Write Out Runtime Data.
[[0;32m  OK  [0m] Started Create Volatile Files and Directories.
[[0;32m  OK  [0m] Found device /dev/ttyS0.
         Starting Update UTMP about System Boot/Shutdown...
[[0;32m  OK  [0m] Started Update UTMP about System Boot/Shutdown.
[[0;32m  OK  [0m] Started LSB: AppArmor initialization.
[[0;32m  OK  [0m] Listening on Load/Save RF Kill Switch Status /dev/rfkill Watch.
[[0;32m  OK  [0m] Found device 82540EM Gigabit Ethern...r (PRO/1000 MT Desktop Adapter).
[   19.938560] cloud-init[509]: Cloud-init v. 18.2 running 'init-local' at Wed, 23 May 2018 03:20:16 +0000. Up 19.54 seconds.
[[0;32m  OK  [0m] Started Initial cloud-init job (pre-networking).
[[0;32m  OK  [0m] Started Set console font and keymap.
[[0;32m  OK  [0m] Created slice system-getty.slice.
[[0;32m  OK  [0m] Reached target Network (Pre).
[[0;32m  OK  [0m] Started ifup for enp0s3.
         Starting Raise network interfaces...
[[0;32m  OK  [0m] Started Raise network interfaces.
[[0;32m  OK  [0m] Reached target Network.
         Starting Initial cloud-init job (metadata service crawler)...
[   21.213269] cloud-init[961]: Cloud-init v. 18.2 running 'init' at Wed, 23 May 2018 03:20:18 +0000. Up 20.73 seconds.
[   21.250066] cloud-init[961]: ci-info: +++++++++++++++++++++++++++++++++++++Net device info++++++++++++++++++++++++++++++++++++++
[   21.254622] cloud-init[961]: ci-info: +--------+------+----------------------------+---------------+-------+-------------------+
[   21.287616] cloud-init[961]: ci-info: | Device |  Up  |          Address           |      Mask     | Scope |     Hw-Address    |
[   21.288446] cloud-init[961]: ci-info: +--------+------+----------------------------+---------------+-------+-------------------+
[   21.288914] cloud-init[961]: ci-info: | enp0s3 | True |         10.0.2.15          | 255.255.255.0 |   .   | 02:a3:be:24:b1:4f |
[[0;32m  OK  [0m] Started Initial cloud-init job (metadata service crawler).
[   21.289249] cloud-init[961]: ci-info: | enp0s3 | True | fe80::a3:beff:fe24:b14f/64 |       .       |  link | 02:a3:be:24:b1:4f |
[   21.469124] cloud-init[961]: ci-info: |   lo   | True |         127.0.0.1          |   255.0.0.0   |   .   |         .         |
[   21.469679] cloud-init[961]: ci-info: |   lo   | True |          ::1/128           |       .       |  host |         .         |
[   21.471331] cloud-init[961]: ci-info: +--------+------+----------------------------+---------------+-------+-------------------+
[[0;32m  OK  [0m] Reached target Network is Online.
[   21.472561] cloud-init[961]: ci-info: +++++++++++++++++++++++++++Route IPv4 info++++++++++++++++++++++++++++
[   21.654038] cloud-init[961]: ci-info: +-------+-------------+----------+---------------+-----------+-------+
[   21.654768] cloud-init[961]: ci-info: | Route | Destination | Gateway  |    Genmask    | Interface | Flags |
         Starting iSCSI initiator daemon (iscsid)...
[[   21.655006] cloud-init[961]: ci-info: +-------+-------------+----------+---------------+-----------+-------+
[   21.878660] cloud-init[961]: ci-info: |   0   |   0.0.0.0   | 10.0.2.2 |    0.0.0.0    |   enp0s3  |   UG  |
[0;32m  OK  [0m] Reached target Cloud-config availability.
[[   21.879625] cloud-init[961]: ci-info: |   1   |   10.0.2.0  | 0.0.0.0  | 255.255.255.0 |   enp0s3  |   U   |
[   22.033667] cloud-init[961]: ci-info: +-------+-------------+----------+---------------+-----------+-------+
[0;32m  OK  [0m] Reached target System Initialization.
         Starting Socket activation for snappy daemon.
[[0;32m  OK  [0m] Listening on UUID daemon activation socket.
[[0;32m  OK  [0m] Listening on ACPID Listen Socket.
[[0;32m  OK  [0m] Listening on D-Bus System Message Bus Socket.
[[0;32m  OK  [0m] Started Daily Cleanup of Temporary Directories.
[[0;32m  OK  [0m] Started ACPI Events Check.
[[0;32m  OK  [0m] Reached target Paths.
         Starting LXD - unix socket.
[[0;32m  OK  [0m] Started Daily apt download activities.
[[0;32m  OK  [0m] Started Daily apt upgrade and clean activities.
[[0;32m  OK  [0m] Reached target Timers.
[[0;32m  OK  [0m] Listening on Socket activation for snappy daemon.
[[0;32m  OK  [0m] Listening on LXD - unix socket.
[[0;32m  OK  [0m] Started iSCSI initiator daemon (iscsid).
         Starting Login to default iSCSI targets...
[[0;32m  OK  [0m] Reached target Sockets.
[[0;32m  OK  [0m] Reached target Basic System.
[[0;32m  OK  [0m] Started Unattended Upgrades Shutdown.
         Starting /etc/rc.local Compatibility...
         Starting System Logging Service...
         Starting PostgreSQL Cluster 9.5-main...
         Starting LSB: MD monitoring daemon...
         Starting Virtualbox guest utils...
[[0;32m  OK  [0m] Started "Datadog Agent".
[[0;32m  OK  [0m] Started "Datadog Process Agent".
[[0;32m  OK  [0m] Started "Datadog Trace Agent (APM)".
[[0;32m  OK  [0m] Started D-Bus System Message Bus.
[[0;32m  OK  [0m] Started Deferred execution scheduler.
[[0;32m  OK  [0m] Started ACPI event daemon.
         Starting LSB: Record successful boot for GRUB...
[[0;32m  OK  [0m] Started Run a flaskapp service.
[[0;32m  OK  [0m] Started FUSE filesystem for LXC.
         Starting OpenBSD Secure Shell server...
         Starting Accounts Service...
[[0;32m  OK  [0m] Started Regular background program processing daemon.
         Starting Login Service...
         Starting Apply the settings specified in cloud-config...
         Starting LXD - container startup/shutdown...
         Starting Snappy daemon...
[[0;32m  OK  [0m] Started System Logging Service.
[[0;32m  OK  [0m] Started /etc/rc.local Compatibility.
[[0;32m  OK  [0m] Started OpenBSD Secure Shell server.
[[0;32m  OK  [0m] Started Login to default iSCSI targets.
[[0;32m  OK  [0m] Started LSB: MD monitoring daemon.
[[0;32m  OK  [0m] Started LSB: Record successful boot for GRUB.
         Starting Authenticate and Authorize Users to Run Privileged Tasks...
[[0;32m  OK  [0m] Reached target Remote File Systems (Pre).
[[0;32m  OK  [0m] Reached target Remote File Systems.
         Starting LSB: Start/stop sysstat's sadc...
         Starting LSB: automatic crash report generation...
         Starting Permit User Sessions...
         Starting LSB: daemon to balance interrupts for SMP systems...
         Starting LSB: Set the CPU Frequency Scaling governor to "ondemand"...
[[0;32m  OK  [0m] Started LXD - container startup/shutdown.
[[0;32m  OK  [0m] Started Permit User Sessions.
[[0;32m  OK  [0m] Started Login Service.
[[0;32m  OK  [0m] Started Authenticate and Authorize Users to Run Privileged Tasks.
[[0;32m  OK  [0m] Started Snappy daemon.
[[0;32m  OK  [0m] Started Virtualbox guest utils.
[[0;32m  OK  [0m] Started Accounts Service.
[[0;32m  OK  [0m] Started LSB: Start/stop sysstat's sadc.
[[0;32m  OK  [0m] Started LSB: automatic crash report generation.
         Starting Hold until boot process finishes up...
         Starting Terminate Plymouth Boot Screen...
[[0;32m  OK  [0m] Started LSB: daemon to balance interrupts for SMP systems.
[[0;32m  OK  [0m] Started LSB: Set the CPU Frequency Scaling governor to "ondemand".
[[0;32m  OK  [0m] Started Hold until boot process finishes up.
[[0;32m  OK  [0m] Started Terminate Plymouth Boot Screen.
         Starting Set console scheme...
[[0;32m  OK  [0m] Started Getty on tty1.
[[0;32m  OK  [0m] Started Serial Getty on ttyS0.
[[0;32m  OK  [0m] Reached target Login Prompts.
[[0;32m  OK  [0m] Started Set console scheme.
[   24.234826] cloud-init[1097]: Cloud-init v. 18.2 running 'modules:config' at Thu, 24 May 2018 04:28:38 +0000. Up 24.04 seconds.
[[0;32m  OK  [0m] Started Apply the settings specified in cloud-config.
[[0;32m  OK  [0m] Started Daemon for generating UUIDs.
[[0;32m  OK  [0m] Started PostgreSQL Cluster 9.5-main.
         Starting PostgreSQL RDBMS...
[[0;32m  OK  [0m] Started PostgreSQL RDBMS.
[[0;32m  OK  [0m] Reached target Multi-User System.
         Starting Execute cloud user/final scripts...
[[0;32m  OK  [0m] Reached target Graphical Interface.
         Starting Update UTMP about System Runlevel Changes...
[[0;32m  OK  [0m] Started Update UTMP about System Runlevel Changes.
[   26.482836] cloud-init[1286]: Cloud-init v. 18.2 running 'modules:final' at Thu, 24 May 2018 04:28:40 +0000. Up 26.29 seconds.
[   26.491530] cloud-init[1286]: Cloud-init v. 18.2 finished at Thu, 24 May 2018 04:28:41 +0000. Datasource DataSourceNoCloud [seed=/dev/sdb][dsmode=net].  Up 26.47 seconds
[[0;32m  OK  [0m] Started Execute cloud user/final scripts.
         Starting Daily apt download activities...
[[0;32m  OK  [0m] Reached target Cloud-init target.

Ubuntu 16.04.4 LTS service-db-a-1 ttyS0

service-db-a-1 login: [ 6437.581489] e1000 0000:00:03.0 enp0s3: Detected Tx Unit Hang
[ 6437.581489]   Tx Queue             <0>
[ 6437.581489]   TDH                  <af>
[ 6437.581489]   TDT                  <b1>
[ 6437.581489]   next_to_use          <b1>
[ 6437.581489]   next_to_clean        <af>
[ 6437.581489] buffer_info[next_to_clean]
[ 6437.581489]   time_stamp           <1001762c0>
[ 6437.581489]   next_to_watch        <b0>
[ 6437.581489]   jiffies              <1001763cf>
[ 6437.581489]   next_to_watch.status <0>
[ 6439.585337] e1000 0000:00:03.0 enp0s3: Detected Tx Unit Hang
[ 6439.585337]   Tx Queue             <0>
[ 6439.585337]   TDH                  <af>
[ 6439.585337]   TDT                  <b1>
[ 6439.585337]   next_to_use          <b1>
[ 6439.585337]   next_to_clean        <af>
[ 6439.585337] buffer_info[next_to_clean]
[ 6439.585337]   time_stamp           <1001762c0>
[ 6439.585337]   next_to_watch        <b0>
[ 6439.585337]   jiffies              <1001765c4>
[ 6439.585337]   next_to_watch.status <0>
[ 6441.587257] e1000 0000:00:03.0 enp0s3: Detected Tx Unit Hang
[ 6441.587257]   Tx Queue             <0>
[ 6441.587257]   TDH                  <af>
[ 6441.587257]   TDT                  <b1>
[ 6441.587257]   next_to_use          <b1>
[ 6441.587257]   next_to_clean        <af>
[ 6441.587257] buffer_info[next_to_clean]
[ 6441.587257]   time_stamp           <1001762c0>
[ 6441.587257]   next_to_watch        <b0>
[ 6441.587257]   jiffies              <1001767b9>
[ 6441.587257]   next_to_watch.status <0>
[ 6441.886833] e1000 0000:00:03.0 enp0s3: Reset adapter
[13111.696976] e1000 0000:00:03.0 enp0s3: Detected Tx Unit Hang
[13111.696976]   Tx Queue             <0>
[13111.696976]   TDH                  <72>
[13111.696976]   TDT                  <74>
[13111.696976]   next_to_use          <74>
[13111.696976]   next_to_clean        <72>
[13111.696976] buffer_info[next_to_clean]
[13111.696976]   time_stamp           <10030d950>
[13111.696976]   next_to_watch        <73>
[13111.696976]   jiffies              <10030dc9a>
[13111.696976]   next_to_watch.status <0>
[13113.898667] e1000 0000:00:03.0 enp0s3: Detected Tx Unit Hang
[13113.898667]   Tx Queue             <0>
[13113.898667]   TDH                  <72>
[13113.898667]   TDT                  <74>
[13113.898667]   next_to_use          <74>
[13113.898667]   next_to_clean        <72>
[13113.898667] buffer_info[next_to_clean]
[13113.898667]   time_stamp           <10030d950>
[13113.898667]   next_to_watch        <73>
[13113.898667]   jiffies              <10030dec0>
[13113.898667]   next_to_watch.status <0>
[13115.702397] e1000 0000:00:03.0 enp0s3: Reset adapter
