[    0.000000] Initializing cgroup subsys cpuset
[    0.000000] Initializing cgroup subsys cpu
[    0.000000] Initializing cgroup subsys cpuacct
[    0.000000] Linux version 4.4.0-137-generic (buildd@lgw01-amd64-037) (gcc version 5.4.0 20160609 (Ubuntu 5.4.0-6ubuntu1~16.04.10) ) #163-Ubuntu SMP Mon Sep 24 13:14:43 UTC 2018 (Ubuntu 4.4.0-137.163-generic 4.4.144)
[    0.000000] Command line: BOOT_IMAGE=/boot/vmlinuz-4.4.0-137-generic root=LABEL=cloudimg-rootfs ro console=tty1 console=ttyS0
[    0.000000] KERNEL supported cpus:
[    0.000000]   Intel GenuineIntel
[    0.000000]   AMD AuthenticAMD
[    0.000000]   Centaur CentaurHauls
[    0.000000] x86/fpu: xstate_offset[2]:  576, xstate_sizes[2]:  256
[    0.000000] x86/fpu: Supporting XSAVE feature 0x01: 'x87 floating point registers'
[    0.000000] x86/fpu: Supporting XSAVE feature 0x02: 'SSE registers'
[    0.000000] x86/fpu: Supporting XSAVE feature 0x04: 'AVX registers'
[    0.000000] x86/fpu: Enabled xstate features 0x7, context size is 832 bytes, using 'standard' format.
[    0.000000] e820: BIOS-provided physical RAM map:
[    0.000000] BIOS-e820: [mem 0x0000000000000000-0x000000000009fbff] usable
[    0.000000] BIOS-e820: [mem 0x000000000009fc00-0x000000000009ffff] reserved
[    0.000000] BIOS-e820: [mem 0x00000000000f0000-0x00000000000fffff] reserved
[    0.000000] BIOS-e820: [mem 0x0000000000100000-0x000000003ffeffff] usable
[    0.000000] BIOS-e820: [mem 0x000000003fff0000-0x000000003fffffff] ACPI data
[    0.000000] BIOS-e820: [mem 0x00000000fec00000-0x00000000fec00fff] reserved
[    0.000000] BIOS-e820: [mem 0x00000000fee00000-0x00000000fee00fff] reserved
[    0.000000] BIOS-e820: [mem 0x00000000fffc0000-0x00000000ffffffff] reserved
[    0.000000] NX (Execute Disable) protection: active
[    0.000000] SMBIOS 2.5 present.
[    0.000000] Hypervisor detected: KVM
[    0.000000] e820: last_pfn = 0x3fff0 max_arch_pfn = 0x400000000
[    0.000000] MTRR: Disabled
[    0.000000] x86/PAT: MTRRs disabled, skipping PAT initialization too.
[    0.000000] CPU MTRRs all blank - virtualized system.
[    0.000000] x86/PAT: Configuration [0-7]: WB  WT  UC- UC  WB  WT  UC- UC  
[    0.000000] found SMP MP-table at [mem 0x0009fff0-0x0009ffff] mapped at [ffff88000009fff0]
[    0.000000] Scanning 1 areas for low memory corruption
[    0.000000] RAMDISK: [mem 0x3630a000-0x3717cfff]
[    0.000000] ACPI: Early table checksum verification disabled
[    0.000000] ACPI: RSDP 0x00000000000E0000 000024 (v02 VBOX  )
[    0.000000] ACPI: XSDT 0x000000003FFF0030 00003C (v01 VBOX   VBOXXSDT 00000001 ASL  00000061)
[    0.000000] ACPI: FACP 0x000000003FFF00F0 0000F4 (v04 VBOX   VBOXFACP 00000001 ASL  00000061)
[    0.000000] ACPI: DSDT 0x000000003FFF0470 0021FF (v02 VBOX   VBOXBIOS 00000002 INTL 20100528)
[    0.000000] ACPI: FACS 0x000000003FFF0200 000040
[    0.000000] ACPI: FACS 0x000000003FFF0200 000040
[    0.000000] ACPI: APIC 0x000000003FFF0240 00005C (v02 VBOX   VBOXAPIC 00000001 ASL  00000061)
[    0.000000] ACPI: SSDT 0x000000003FFF02A0 0001CC (v01 VBOX   VBOXCPUT 00000002 INTL 20100528)
[    0.000000] No NUMA configuration found
[    0.000000] Faking a node at [mem 0x0000000000000000-0x000000003ffeffff]
[    0.000000] NODE_DATA(0) allocated [mem 0x3ffeb000-0x3ffeffff]
[    0.000000] kvm-clock: Using msrs 4b564d01 and 4b564d00
[    0.000000] kvm-clock: cpu 0, msr 0:3ffe3001, primary cpu clock
[    0.000000] kvm-clock: using sched offset of 3506219214 cycles
[    0.000000] clocksource: kvm-clock: mask: 0xffffffffffffffff max_cycles: 0x1cd42e4dffb, max_idle_ns: 881590591483 ns
[    0.000000] Zone ranges:
[    0.000000]   DMA      [mem 0x0000000000001000-0x0000000000ffffff]
[    0.000000]   DMA32    [mem 0x0000000001000000-0x000000003ffeffff]
[    0.000000]   Normal   empty
[    0.000000]   Device   empty
[    0.000000] Movable zone start for each node
[    0.000000] Early memory node ranges
[    0.000000]   node   0: [mem 0x0000000000001000-0x000000000009efff]
[    0.000000]   node   0: [mem 0x0000000000100000-0x000000003ffeffff]
[    0.000000] Initmem setup node 0 [mem 0x0000000000001000-0x000000003ffeffff]
[    0.000000] ACPI: PM-Timer IO Port: 0x4008
[    0.000000] IOAPIC[0]: apic_id 2, version 32, address 0xfec00000, GSI 0-23
[    0.000000] ACPI: INT_SRC_OVR (bus 0 bus_irq 0 global_irq 2 dfl dfl)
[    0.000000] ACPI: INT_SRC_OVR (bus 0 bus_irq 9 global_irq 9 high level)
[    0.000000] Using ACPI (MADT) for SMP configuration information
[    0.000000] smpboot: Allowing 2 CPUs, 0 hotplug CPUs
[    0.000000] PM: Registered nosave memory: [mem 0x00000000-0x00000fff]
[    0.000000] PM: Registered nosave memory: [mem 0x0009f000-0x0009ffff]
[    0.000000] PM: Registered nosave memory: [mem 0x000a0000-0x000effff]
[    0.000000] PM: Registered nosave memory: [mem 0x000f0000-0x000fffff]
[    0.000000] e820: [mem 0x40000000-0xfebfffff] available for PCI devices
[    0.000000] Booting paravirtualized kernel on KVM
[    0.000000] clocksource: refined-jiffies: mask: 0xffffffff max_cycles: 0xffffffff, max_idle_ns: 7645519600211568 ns
[    0.000000] setup_percpu: NR_CPUS:512 nr_cpumask_bits:512 nr_cpu_ids:2 nr_node_ids:1
[    0.000000] PERCPU: Embedded 34 pages/cpu @ffff88003fc00000 s99608 r8192 d31464 u1048576
[    0.000000] PV qspinlock hash table entries: 256 (order: 0, 4096 bytes)
[    0.000000] Built 1 zonelists in Node order, mobility grouping on.  Total pages: 257912
[    0.000000] Policy zone: DMA32
[    0.000000] Kernel command line: BOOT_IMAGE=/boot/vmlinuz-4.4.0-137-generic root=LABEL=cloudimg-rootfs ro console=tty1 console=ttyS0
[    0.000000] PID hash table entries: 4096 (order: 3, 32768 bytes)
[    0.000000] Memory: 997708K/1048120K available (8555K kernel code, 1314K rwdata, 4004K rodata, 1528K init, 1316K bss, 50412K reserved, 0K cma-reserved)
[    0.000000] SLUB: HWalign=64, Order=0-3, MinObjects=0, CPUs=2, Nodes=1
[    0.000000] Kernel/User page tables isolation: enabled
[    0.000000] Hierarchical RCU implementation.
[    0.000000] 	Build-time adjustment of leaf fanout to 64.
[    0.000000] 	RCU restricting CPUs from NR_CPUS=512 to nr_cpu_ids=2.
[    0.000000] RCU: Adjusting geometry for rcu_fanout_leaf=64, nr_cpu_ids=2
[    0.000000] NR_IRQS:33024 nr_irqs:440 16
[    0.000000] Console: colour VGA+ 80x25
[    0.000000] console [tty1] enabled
[    0.000000] console [ttyS0] enabled
[    0.000000] tsc: Detected 2899.998 MHz processor
[    2.572443] Calibrating delay loop (skipped) preset value.. 5799.99 BogoMIPS (lpj=11599992)
[    2.627905] pid_max: default: 32768 minimum: 301
[    2.637162] ACPI: Core revision 20150930
[    2.645849] ACPI: 2 ACPI AML tables successfully acquired and loaded
[    2.696526] Security Framework initialized
[    2.728012] Yama: becoming mindful.
[    2.735792] AppArmor: AppArmor initialized
[    2.763350] Dentry cache hash table entries: 131072 (order: 8, 1048576 bytes)
[    2.781516] Inode-cache hash table entries: 65536 (order: 7, 524288 bytes)
[    2.803333] Mount-cache hash table entries: 2048 (order: 2, 16384 bytes)
[    2.846228] Mountpoint-cache hash table entries: 2048 (order: 2, 16384 bytes)
[    2.905858] Initializing cgroup subsys io
[    2.927040] Initializing cgroup subsys memory
[    2.949354] Initializing cgroup subsys devices
[    2.981154] Initializing cgroup subsys freezer
[    2.991049] Initializing cgroup subsys net_cls
[    3.026587] Initializing cgroup subsys perf_event
[    3.059677] Initializing cgroup subsys net_prio
[    3.107101] Initializing cgroup subsys hugetlb
[    3.121495] Initializing cgroup subsys pids
[    3.123845] mce: CPU supports 0 MCE banks
[    3.159145] Last level iTLB entries: 4KB 64, 2MB 8, 4MB 8
[    3.166069] Last level dTLB entries: 4KB 64, 2MB 0, 4MB 0, 1GB 4
[    3.181677] Spectre V2 : Mitigation: Full generic retpoline
[    3.215377] Spectre V2 : Spectre v2 mitigation: Speculation control IBPB not-supported IBRS not-supported
[    3.248660] Spectre V2 : Spectre v2 / SpectreRSB mitigation: Filling RSB on context switch
[    3.263244] Speculative Store Bypass: Vulnerable
[    3.307647] Freeing SMP alternatives memory: 32K
[    3.348622] ftrace: allocating 32265 entries in 127 pages
[    3.432956] smpboot: APIC(0) Converting physical 0 to logical package 0
[    3.496742] smpboot: Max logical packages: 1
[    3.507916] x2apic enabled
[    3.518301] Switched APIC routing to physical x2apic.
[    3.531135] ..TIMER: vector=0x30 apic1=0 pin1=2 apic2=-1 pin2=-1
[    3.650642] smpboot: CPU0: Intel(R) Core(TM) i5-5287U CPU @ 2.90GHz (family: 0x6, model: 0x3d, stepping: 0x4)
[    3.684150] Performance Events: unsupported p6 CPU model 61 no PMU driver, software events only.
[    3.692406] KVM setup paravirtual spinlock
[    3.702857] x86: Booting SMP configuration:
[    3.717784] .... node  #0, CPUs:      #1
[    3.731348] kvm-clock: cpu 1, msr 0:3ffe3041, secondary cpu clock
[    3.749720] mce: CPU supports 0 MCE banks
[    3.762409] x86: Booted up 1 node, 2 CPUs
[    3.792522] smpboot: Total of 2 processors activated (11599.99 BogoMIPS)
[    3.803067] devtmpfs: initialized
[    3.817584] evm: security.selinux
[    3.822413] evm: security.SMACK64
[    3.833498] evm: security.SMACK64EXEC
[    3.836066] evm: security.SMACK64TRANSMUTE
[    3.838710] evm: security.SMACK64MMAP
[    3.841605] evm: security.ima
[    3.842663] evm: security.capability
[    3.856874] clocksource: jiffies: mask: 0xffffffff max_cycles: 0xffffffff, max_idle_ns: 7645041785100000 ns
[    3.879189] futex hash table entries: 512 (order: 3, 32768 bytes)
[    3.880927] pinctrl core: initialized pinctrl subsystem
[    3.882314] RTC time:  6:07:59, date: 10/24/18
[    3.884452] NET: Registered protocol family 16
[    3.894731] cpuidle: using governor ladder
[    3.918822] cpuidle: using governor menu
[    3.938994] PCCT header not found.
[    3.962272] ACPI: bus type PCI registered
[    3.963479] acpiphp: ACPI Hot Plug PCI Controller Driver version: 0.5
[    3.986825] PCI: Using configuration type 1 for base access
[    4.016003] ACPI: Added _OSI(Module Device)
[    4.025630] ACPI: Added _OSI(Processor Device)
[    4.045009] ACPI: Added _OSI(3.0 _SCP Extensions)
[    4.052293] ACPI: Added _OSI(Processor Aggregator Device)
[    4.058017] ACPI: Executed 1 blocks of module-level executable AML code
[    4.073847] ACPI: Interpreter enabled
[    4.080598] ACPI: (supports S0 S5)
[    4.081643] ACPI: Using IOAPIC for interrupt routing
[    4.083046] PCI: Using host bridge windows from ACPI; if necessary, use "pci=nocrs" and report a bug
[    4.104368] ACPI: PCI Root Bridge [PCI0] (domain 0000 [bus 00-ff])
[    4.124243] acpi PNP0A03:00: _OSC: OS supports [ASPM ClockPM Segments MSI]
[    4.138564] acpi PNP0A03:00: _OSC: not requesting OS control; OS requires [ExtendedConfig ASPM ClockPM MSI]
[    4.193698] acpi PNP0A03:00: fail to add MMCONFIG information, can't access extended PCI configuration space under this bridge.
[    4.273639] PCI host bridge to bus 0000:00
[    4.287020] pci_bus 0000:00: root bus resource [io  0x0000-0x0cf7 window]
[    4.321851] pci_bus 0000:00: root bus resource [io  0x0d00-0xffff window]
[    4.355271] pci_bus 0000:00: root bus resource [mem 0x000a0000-0x000bffff window]
[    4.381043] pci_bus 0000:00: root bus resource [mem 0x40000000-0xffdfffff window]
[    4.435397] pci_bus 0000:00: root bus resource [bus 00-ff]
[    4.467341] pci 0000:00:01.1: legacy IDE quirk: reg 0x10: [io  0x01f0-0x01f7]
[    4.525169] pci 0000:00:01.1: legacy IDE quirk: reg 0x14: [io  0x03f6]
[    4.558595] pci 0000:00:01.1: legacy IDE quirk: reg 0x18: [io  0x0170-0x0177]
[    4.591258] pci 0000:00:01.1: legacy IDE quirk: reg 0x1c: [io  0x0376]
[    4.673378] pci 0000:00:07.0: quirk: [io  0x4000-0x403f] claimed by PIIX4 ACPI
[    4.701239] pci 0000:00:07.0: quirk: [io  0x4100-0x410f] claimed by PIIX4 SMB
[    4.718960] ACPI: PCI Interrupt Link [LNKA] (IRQs 5 9 10 *11)
[    4.732051] ACPI: PCI Interrupt Link [LNKB] (IRQs 5 9 10 *11)
[    4.734380] ACPI: PCI Interrupt Link [LNKC] (IRQs 5 9 *10 11)
[    4.759654] ACPI: PCI Interrupt Link [LNKD] (IRQs 5 *9 10 11)
[    4.777340] ACPI: Enabled 2 GPEs in block 00 to 07
[    4.781593] vgaarb: setting as boot device: PCI:0000:00:02.0
[    4.784848] vgaarb: device added: PCI:0000:00:02.0,decodes=io+mem,owns=io+mem,locks=none
[    4.787980] vgaarb: loaded
[    4.792091] vgaarb: bridge control possible 0000:00:02.0
[    4.794095] SCSI subsystem initialized
[    4.796903] ACPI: bus type USB registered
[    4.805206] usbcore: registered new interface driver usbfs
[    4.821769] usbcore: registered new interface driver hub
[    4.847860] usbcore: registered new device driver usb
[    4.857019] PCI: Using ACPI for IRQ routing
[    4.889257] NetLabel: Initializing
[    4.904191] NetLabel:  domain hash size = 128
[    4.906369] NetLabel:  protocols = UNLABELED CIPSOv4
[    4.910802] NetLabel:  unlabeled traffic allowed by default
[    4.914838] amd_nb: Cannot enumerate AMD northbridges
[    4.923184] clocksource: Switched to clocksource kvm-clock
[    4.936225] AppArmor: AppArmor Filesystem Enabled
[    4.943013] pnp: PnP ACPI init
[    4.944956] pnp: PnP ACPI: found 3 devices
[    4.964225] clocksource: acpi_pm: mask: 0xffffff max_cycles: 0xffffff, max_idle_ns: 2085701024 ns
[    4.975409] NET: Registered protocol family 2
[    4.977832] TCP established hash table entries: 8192 (order: 4, 65536 bytes)
[    4.985712] TCP bind hash table entries: 8192 (order: 5, 131072 bytes)
[    4.990668] TCP: Hash tables configured (established 8192 bind 8192)
[    4.992238] UDP hash table entries: 512 (order: 2, 16384 bytes)
[    4.993824] UDP-Lite hash table entries: 512 (order: 2, 16384 bytes)
[    4.995579] NET: Registered protocol family 1
[    4.996930] pci 0000:00:00.0: Limiting direct PCI/PCI transfers
[    4.998712] pci 0000:00:01.0: Activating ISA DMA hang workarounds
[    5.006886] Unpacking initramfs...
[    5.406581] Freeing initrd memory: 14796K
[    5.444371] RAPL PMU detected, API unit is 2^-32 Joules, 4 fixed counters 10737418240 ms ovfl timer
[    5.448077] hw unit of domain pp0-core 2^-0 Joules
[    5.452104] hw unit of domain package 2^-0 Joules
[    5.455072] hw unit of domain dram 2^-0 Joules
[    5.456437] hw unit of domain pp1-gpu 2^-0 Joules
[    5.466001] platform rtc_cmos: registered platform RTC device (no PNP device found)
[    5.478125] Scanning for low memory corruption every 60 seconds
[    5.486118] audit: initializing netlink subsys (disabled)
[    5.507447] audit: type=2000 audit(1540361281.286:1): initialized
[    5.511614] Initialise system trusted keyring
[    5.526936] HugeTLB registered 2 MB page size, pre-allocated 0 pages
[    5.559634] zbud: loaded
[    5.565235] VFS: Disk quotas dquot_6.6.0
[    5.570198] VFS: Dquot-cache hash table entries: 512 (order 0, 4096 bytes)
[    5.592170] squashfs: version 4.0 (2009/01/31) Phillip Lougher
[    5.599609] fuse init (API version 7.23)
[    5.617866] Key type big_key registered
[    5.621754] Allocating IMA MOK and blacklist keyrings.
[    5.628799] Key type asymmetric registered
[    5.636376] Asymmetric key parser 'x509' registered
[    5.681392] Block layer SCSI generic (bsg) driver version 0.4 loaded (major 249)
[    5.693709] io scheduler noop registered
[    5.697689] io scheduler deadline registered (default)
[    5.698990] io scheduler cfq registered
[    5.704064] pci_hotplug: PCI Hot Plug PCI Core version: 0.5
[    5.705868] pciehp: PCI Express Hot Plug Controller Driver version: 0.4
[    5.708727] ACPI: AC Adapter [AC] (on-line)
[    5.713877] input: Power Button as /devices/LNXSYSTM:00/LNXPWRBN:00/input/input0
[    5.716394] ACPI: Power Button [PWRF]
[    5.726994] input: Sleep Button as /devices/LNXSYSTM:00/LNXSLPBN:00/input/input1
[    5.730198] ACPI: Sleep Button [SLPF]
[    5.731870] GHES: HEST is not enabled!
[    5.733240] ACPI: Battery Slot [BAT0] (battery present)
[    5.738298] Serial: 8250/16550 driver, 32 ports, IRQ sharing enabled
[    5.766924] 00:02: ttyS0 at I/O 0x3f8 (irq = 4, base_baud = 115200) is a 16550A
[    5.782392] Linux agpgart interface v0.103
[    5.791438] loop: module loaded
[    5.806457] scsi host0: ata_piix
[    5.809477] scsi host1: ata_piix
[    5.817647] ata1: PATA max UDMA/33 cmd 0x1f0 ctl 0x3f6 bmdma 0xd000 irq 14
[    5.842568] ata2: PATA max UDMA/33 cmd 0x170 ctl 0x376 bmdma 0xd008 irq 15
[    5.855423] libphy: Fixed MDIO Bus: probed
[    5.857202] tun: Universal TUN/TAP device driver, 1.6
[    5.858787] tun: (C) 1999-2004 Max Krasnyansky <maxk@qualcomm.com>
[    5.874560] PPP generic driver version 2.4.2
[    5.877848] ehci_hcd: USB 2.0 'Enhanced' Host Controller (EHCI) Driver
[    5.880801] ehci-pci: EHCI PCI platform driver
[    5.882142] ehci-platform: EHCI generic platform driver
[    5.896039] ohci_hcd: USB 1.1 'Open' Host Controller (OHCI) Driver
[    5.897479] ohci-pci: OHCI PCI platform driver
[    5.911532] ohci-platform: OHCI generic platform driver
[    5.920066] uhci_hcd: USB Universal Host Controller Interface driver
[    5.926007] i8042: PNP: PS/2 Controller [PNP0303:PS2K,PNP0f03:PS2M] at 0x60,0x64 irq 1,12
[    5.928637] serio: i8042 KBD port at 0x60,0x64 irq 1
[    5.935677] serio: i8042 AUX port at 0x60,0x64 irq 12
[    5.937390] mousedev: PS/2 mouse device common for all mice
[    5.940749] input: AT Translated Set 2 keyboard as /devices/platform/i8042/serio0/input/input2
[    5.947691] rtc_cmos rtc_cmos: rtc core: registered rtc_cmos as rtc0
[    5.947767] rtc_cmos rtc_cmos: alarms up to one day, 114 bytes nvram
[    5.947777] i2c /dev entries driver
[    5.947852] device-mapper: uevent: version 1.0.3
[    5.947918] device-mapper: ioctl: 4.34.0-ioctl (2015-10-28) initialised: dm-devel@redhat.com
[    5.947942] ledtrig-cpu: registered to indicate activity on CPUs
[    5.969271] NET: Registered protocol family 10
[    5.969540] NET: Registered protocol family 17
[    5.969555] Key type dns_resolver registered
[    5.969885] registered taskstats version 1
[    5.969900] Loading compiled-in X.509 certificates
[    5.970703] Loaded X.509 cert 'Build time autogenerated kernel key: 20acc96b50ca7641011eace69d32209215a9b56f'
[    5.970739] zswap: loaded using pool lzo/zbud
[    5.973774] Key type trusted registered
[    5.977055] Key type encrypted registered
[    5.977064] AppArmor: AppArmor sha1 policy hashing enabled
[    5.977066] ima: No TPM chip found, activating TPM-bypass!
[    5.977071] ima: Allocated hash algorithm: sha1
[    5.977081] evm: HMAC attrs: 0x1
[    5.977562]   Magic number: 6:527:115
[    5.984161] rtc_cmos rtc_cmos: setting system clock to 2018-10-24 06:08:01 UTC (1540361281)
[    5.984322] BIOS EDD facility v0.16 2004-Jun-25, 0 devices found
[    5.984323] EDD information not available.
[    6.097573] Freeing unused kernel memory: 1528K
[    6.119499] Write protecting the kernel read-only data: 14336k
[    6.123579] Freeing unused kernel memory: 1672K
[    6.141035] Freeing unused kernel memory: 92K
Loading, please wait...
starting version[    6.160736] random: systemd-udevd: uninitialized urandom read (16 bytes read, 5 bits of entropy available)
 229
[    6.161345] random: udevadm: uninitialized urandom read (16 bytes read, 5 bits of entropy available)
[    6.161382] random: udevadm: uninitialized urandom read (16 bytes read, 5 bits of entropy available)
[    6.179053] random: udevadm: uninitialized urandom read (16 bytes read, 5 bits of entropy available)
[    6.179104] random: udevadm: uninitialized urandom read (16 bytes read, 5 bits of entropy available)
[    6.179363] random: udevadm: uninitialized urandom read (16 bytes read, 5 bits of entropy available)
[    6.179459] random: udevadm: uninitialized urandom read (16 bytes read, 5 bits of entropy available)
[    6.179552] random: udevadm: uninitialized urandom read (16 bytes read, 5 bits of entropy available)
[    6.179639] random: udevadm: uninitialized urandom read (16 bytes read, 5 bits of entropy available)
[    6.179724] random: udevadm: uninitialized urandom read (16 bytes read, 5 bits of entropy available)
[    6.523878] tsc: Refined TSC clocksource calibration: 2901.871 MHz
[    6.523881] clocksource: tsc: mask: 0xffffffffffffffff max_cycles: 0x29d42aa2690, max_idle_ns: 440795336412 ns
[    6.615536] e1000: Intel(R) PRO/1000 Network Driver - version 7.3.21-k8-NAPI
[    6.628683] e1000: Copyright (c) 1999-2006 Intel Corporation.
[    6.654461] Fusion MPT base driver 3.04.20
[    6.670000] Copyright (c) 1999-2008 LSI Corporation
[    6.682864] Fusion MPT SPI Host driver 3.04.20
[    6.731026] AVX version of gcm_enc/dec engaged.
[    6.734340] AES CTR mode by8 optimization enabled
[    6.948054] input: ImExPS/2 Generic Explorer Mouse as /devices/platform/i8042/serio1/input/input4
[    7.237950] e1000 0000:00:03.0 eth0: (PCI:33MHz:32-bit) 02:20:67:8c:d5:af
[    7.245603] e1000 0000:00:03.0 eth0: Intel(R) PRO/1000 Network Connection
[    7.659937] e1000 0000:00:08.0 eth1: (PCI:33MHz:32-bit) 08:00:27:8b:2b:0f
[    7.667691] e1000 0000:00:08.0 eth1: Intel(R) PRO/1000 Network Connection
[    7.672686] mptbase: ioc0: Initiating bringup
[    7.700548] e1000 0000:00:03.0 enp0s3: renamed from eth0
[    7.735862] e1000 0000:00:08.0 enp0s8: renamed from eth1
[    7.832797] ioc0: LSI53C1030 A0: Capabilities={Initiator}
[    8.034645] scsi host2: ioc0: LSI53C1030 A0, FwRev=00000000h, Ports=1, MaxQ=256, IRQ=20
[    8.185269] scsi 2:0:0:0: Direct-Access     VBOX     HARDDISK         1.0  PQ: 0 ANSI: 5
[    8.265894] scsi target2:0:0: Beginning Domain Validation
[    8.302518] scsi target2:0:0: Domain Validation skipping write tests
[    8.383015] scsi target2:0:0: Ending Domain Validation
[    8.429408] scsi target2:0:0: asynchronous
[    8.461783] scsi 2:0:1:0: Direct-Access     VBOX     HARDDISK         1.0  PQ: 0 ANSI: 5
[    8.484015] scsi target2:0:1: Beginning Domain Validation
[    8.533218] scsi target2:0:1: Domain Validation skipping write tests
[    8.586574] scsi target2:0:1: Ending Domain Validation
[    8.623000] scsi target2:0:1: asynchronous
[    8.658342] sd 2:0:0:0: [sda] 20971520 512-byte logical blocks: (10.7 GB/10.0 GiB)
[    8.661682] sd 2:0:0:0: Attached scsi generic sg0 type 0
[    8.662842] sd 2:0:0:0: [sda] Write Protect is off
[    8.666167] sd 2:0:1:0: Attached scsi generic sg1 type 0
[    8.667610] sd 2:0:0:0: [sda] Incomplete mode parameter data
[    8.667612] sd 2:0:0:0: [sda] Assuming drive cache: write through
[    8.690974] sd 2:0:1:0: [sdb] 20480 512-byte logical blocks: (10.5 MB/10.0 MiB)
[    8.739440] sd 2:0:1:0: [sdb] Write Protect is off
[    8.767193] sd 2:0:1:0: [sdb] Incomplete mode parameter data
[    8.790073] sd 2:0:1:0: [sdb] Assuming drive cache: write through
[    8.792951]  sda: sda1
[    8.801769] sd 2:0:0:0: [sda] Attached SCSI disk
[    8.815377] sd 2:0:1:0: [sdb] Attached SCSI disk
Begin: Loading e[   10.188020] md: linear personality registered for level -1
ssential drivers ... [   10.208055] md: multipath personality registered for level -4
[   10.241485] md: raid0 personality registered for level 0
[   10.271238] md: raid1 personality registered for level 1
[   10.359581] raid6: sse2x1   gen()  8466 MB/s
[   10.459479] raid6: sse2x1   xor()  2938 MB/s
[   10.539223] raid6: sse2x2   gen() 11074 MB/s
[   10.623346] raid6: sse2x2   xor()  7425 MB/s
[   10.707216] raid6: sse2x4   gen() 12427 MB/s
[   10.775267] raid6: sse2x4   xor()  8923 MB/s
[   10.780463] raid6: using algorithm sse2x4 gen() 12427 MB/s
[   10.781991] raid6: .... xor() 8923 MB/s, rmw enabled
[   10.790141] raid6: using ssse3x2 recovery algorithm
[   10.806609] xor: automatically using best checksumming function:
[   10.859186]    avx       : 39482.000 MB/sec
[   10.901429] async_tx: api initialized (async)
[   10.928636] md: raid6 personality registered for level 6
[   10.932491] md: raid5 personality registered for level 5
[   10.933893] md: raid4 personality registered for level 4
[   10.958512] md: raid10 personality registered for level 10
done.
Begin: Running /scripts/init-premount ... done.
Begin: Mounting root file system ... Begin: Running /scripts/local-top ... done.
Begin: Running /scripts/local-premount ... [   11.036080] Btrfs loaded
Scanning for Btrfs filesystems
done.
Warning: fsck no[   11.086647] EXT4-fs (sda1): mounted filesystem with ordered data mode. Opts: (null)
t present, so skipping root file system
done.
Begin: Running /scripts/local-bottom ... done.
Begin: Running /scripts/init-bottom ... done.
[   11.274554] systemd[1]: systemd 229 running in system mode. (+PAM +AUDIT +SELINUX +IMA +APPARMOR +SMACK +SYSVINIT +UTMP +LIBCRYPTSETUP +GCRYPT +GNUTLS +ACL +XZ -LZ4 +SECCOMP +BLKID +ELFUTILS +KMOD -IDN)
[   11.359625] systemd[1]: Detected virtualization oracle.
[   11.372170] systemd[1]: Detected architecture x86-64.

Welcome to [1mUbuntu 16.04.5 LTS[0m!

[   11.437576] systemd[1]: Set hostname to <ubuntu-xenial>.
[   11.707768] systemd[1]: [/lib/systemd/system/datadog-agent.service:5] Unknown lvalue 'StartLimitIntervalSec' in section 'Unit'
[   11.720057] systemd[1]: [/lib/systemd/system/datadog-agent-trace.service:5] Unknown lvalue 'StartLimitIntervalSec' in section 'Unit'
[   11.790593] systemd[1]: [/lib/systemd/system/datadog-agent-process.service:5] Unknown lvalue 'StartLimitIntervalSec' in section 'Unit'
[   11.823878] systemd[1]: Listening on LVM2 metadata daemon socket.
[[0;32m  OK  [0m] Listening on LVM2 metadata daemon socket.
[   11.850782] systemd[1]: Reached target User and Group Name Lookups.
[[0;32m  OK  [0m] Reached target User and Group Name Lookups.
[   11.908070] systemd[1]: Listening on /dev/initctl Compatibility Named Pipe.
[[0;32m  OK  [0m] Listening on /dev/initctl Compatibility Named Pipe.
[   11.960476] systemd[1]: Created slice User and Session Slice.
[[0;32m  OK  [0m] Created slice User and Session Slice.
[   11.971887] systemd[1]: Listening on udev Control Socket.
[[0;32m  OK  [0m] Listening on udev Control Socket.
[   12.005735] systemd[1]: Reached target Swap.
[[0;32m  OK  [0m] Reached target Swap.
[   12.067767] systemd[1]: Started Trigger resolvconf update for networkd DNS.
[[0;32m  OK  [0m] Started Trigger resolvconf update for networkd DNS.
[   12.211868] systemd[1]: Reached target Encrypted Volumes.
[[0;32m  OK  [0m] Reached target Encrypted Volumes.
[   12.265030] systemd[1]: Started Forward Password Requests to Wall Directory Watch.
[[0;32m  OK  [0m] Started Forward Password Requests to Wall Directory Watch.
[   12.375578] systemd[1]: Listening on Device-mapper event daemon FIFOs.
[[0;32m  OK  [0m] Listening on Device-mapper event daemon FIFOs.
[   12.435704] systemd[1]: Listening on Journal Socket (/dev/log).
[[0;32m  OK  [0m] Listening on Journal Socket (/dev/log).
[   12.549490] systemd[1]: Reached target System Time Synchronized.
[[0;32m  OK  [0m] Reached target System Time Synchronized.
[   12.603544] systemd[1]: Listening on LVM2 poll daemon socket.
[[0;32m  OK  [0m] Listening on LVM2 poll daemon socket.
[   12.671464] systemd[1]: Listening on udev Kernel Socket.
[[0;32m  OK  [0m] Listening on udev Kernel Socket.
[   12.695343] systemd[1]: Set up automount Arbitrary Executable File Formats File System Automount Point.
[[0;32m  OK  [0m] Set up automount Arbitrary Executab...ats File System Automount Point.
[   12.931771] systemd[1]: Listening on Journal Socket.
[[0;32m  OK  [0m] Listening on Journal Socket.
[   12.976987] systemd[1]: Listening on Journal Audit Socket.
[[0;32m  OK  [0m] Listening on Journal Audit Socket.
[   12.980450] systemd[1]: Created slice System Slice.
[[0;32m  OK  [0m] Created slice System Slice.
[   13.091712] systemd[1]: Starting Remount Root and Kernel File Systems...
[   13.103206] random: nonblocking pool is initialized
         Starting Remount Root and Kernel[   13.126710] EXT4-fs (sda1): re-mounted. Opts: (null)
 File Systems...
[   13.163918] systemd[1]: Starting Nameserver information manager...
         Starting Nameserver information manager...
[   13.247423] systemd[1]: Mounting Huge Pages File System...
         Mounting Huge Pages File System...
[   13.326152] systemd[1]: Reached target Slices.
[[0;32m  OK  [0m] Reached target Slices.
[   13.416233] systemd[1]: Created slice system-serial\x2dgetty.slice.
[[0;32m  OK  [0m] Created slice system-serial\x2dgetty.slice.
[   13.531666] systemd[1]: Starting Uncomplicated firewall...
         Starting Uncomplicated firewall...
[   13.555246] systemd[1]: Mounting Debug File System...
         Mounting Debug File System...
[   13.627700] systemd[1]: Starting Monitoring of LVM2 mirrors, snapshots etc. using dmeventd or progress polling...
         Starting Monitoring of LVM2 mirrors... dmeventd or progress polling...
[   13.728508] systemd[1]: Starting Set console keymap...
         Starting Set console keymap...
[   13.793351] systemd[1]: Starting Create list of required static device nodes for the current kernel...
         Starting Create list of required st... nodes for the current kernel...
[   13.931449] systemd[1]: Mounting POSIX Message Queue File System...
         Mounting POSIX Message Queue File System...
[   13.987840] systemd[1]: Listening on Syslog Socket.
[[0;32m  OK  [0m] Listening on Syslog Socket.
[   14.016023] systemd[1]: Starting Journal Service...
         Starting Journal Service...
[   14.087727] systemd[1]: Starting Load Kernel Modules...
[   14.101141] Loading iSCSI transport class v2.0-870.
         Starting Load Kernel Modules...
[   14.107715] systemd[1]: Mounted Huge Pages File System.
[   14.110612] iscsi: registered transport (tcp)
[[0;32m  OK  [0m] Mounted Huge Pages File System.
[   14.131462] systemd[1]: Mounted POSIX Message Queue File System.
[[0;32m  OK  [0[   14.141858] iscsi: registered transport (iser)
m] Mounted POSIX Message Queue File System.
[   14.204091] systemd[1]: Mounted Debug File System.
[[0;32m  OK  [0m] Mounted Debug File System.
[   14.228072] systemd[1]: Started Journal Service.
[[0;32m  OK  [0m] Started Journal Service.
[[0;32m  OK  [0m] Started Remount Root and Kernel File Systems.
[[0;32m  OK  [0m] Started Uncomplicated firewall.
[[0;32m  OK  [0m] Started Set console keymap.
[[0;32m  OK  [0m] Started Create list of required sta...ce nodes for the current kernel.
[[0;32m  OK  [0m] Started Load Kernel Modules.
[[0;32m  OK  [0m] Started Nameserver information manager.
[[0;32m  OK  [0m] Started LVM2 metadata daemon.
         Starting Apply Kernel Variables...
         Mounting FUSE Control File System...
         Starting Create Static Device Nodes in /dev...
         Starting udev Coldplug all Devices...
         Starting Load/Save Random Seed...
         Starting Flush Journal to Persistent Storage...
[[0;32m  OK  [0m] Mounted FUSE Control File System.
[[0;32m  OK  [0m] Started Apply Kernel Variables.
[[0;32m  OK  [0m] Started Create Static Device Nodes in /dev.
[[0;32m  OK  [0m] Started Load/Save Random Seed.
[[0;32m  OK  [0m] Started udev Coldplug all Devices.
[[0;32m  OK  [0m] Started Monitoring of LVM2 mirrors,...ng dmeventd or progress polling.
[[0;32m  OK  [0m] Started Flush Journal to Persistent Storage.
         Starting udev Kernel Device Manager...
[[0;32m  OK  [0m] Started udev Kernel Device Manager.
[[0;32m  OK  [0m] Reached target Local File Systems (Pre).
[[0;32m  OK  [0m] Reached target Local File Systems.
         Starting Tell Plymouth To Write Out Runtime Data...
         Starting Set console font and keymap...
         Starting LSB: AppArmor initialization...
         Starting Initial cloud-init job (pre-networking)...
         Starting Create Volatile Files and Directories...
[[0;32m  OK  [0m] Started Dispatch Password Requests to Console Directory Watch.
[[0;32m  OK  [0m] Started Tell Plymouth To Write Out Runtime Data.
[[0;32m  OK  [0m] Started Create Volatile Files and Directories.
         Starting Update UTMP about System Boot/Shutdown...
[[0;32m  OK  [0m] Found device /dev/ttyS0.
[[0;32m  OK  [0m] Started LSB: AppArmor initialization.
[[0;32m  OK  [0m] Started Update UTMP about System Boot/Shutdown.
[[0;32m  OK  [0m] Listening on Load/Save RF Kill Switch Status /dev/rfkill Watch.
[[0;32m  OK  [0m] Found device 82540EM Gigabit Ethern...r (PRO/1000 MT Desktop Adapter).
[[0;32m  OK  [0m] Started Set console font and keymap.
[[0;32m  OK  [0m] Created slice system-getty.slice.
[   12.524398] cloud-init[483]: Cloud-init v. 18.3-9-g2e62cb8a-0ubuntu1~16.04.2 running 'init-local' at Wed, 24 Oct 2018 06:08:11 +0000. Up 12.02 seconds.
[[0;32m  OK  [0m] Started Initial cloud-init job (pre-networking).
[[0;32m  OK  [0m] Reached target Network (Pre).
[[0;32m  OK  [0m] Started ifup for enp0s3.
         Starting Raise network interfaces...
[[0;32m  OK  [0m] Started Raise network interfaces.
[[0;32m  OK  [0m] Reached target Network.
         Starting Initial cloud-init job (metadata service crawler)...
[   13.901928] cloud-init[968]: Cloud-init v. 18.3-9-g2e62cb8a-0ubuntu1~16.04.2 running 'init' at Wed, 24 Oct 2018 06:08:13 +0000. Up 13.51 seconds.
[   13.960714] cloud-init[968]: ci-info: ++++++++++++++++++++++++++++++++++++++Net device info+++++++++++++++++++++++++++++++++++++++
[   14.028765] cloud-init[968]: ci-info: +--------+-------+----------------------------+---------------+--------+-------------------+
[   14.029119] cloud-init[968]: ci-info: | Device |   Up  |          Address           |      Mask     | Scope  |     Hw-Address    |
[[0;32m  OK  [0m] Started Initial cloud-init job (metadata service crawler).
[   14.029281] cloud-init[968]: ci-info: +--------+-------+----------------------------+---------------+--------+-------------------+
[[   14.175900] cloud-init[968]: ci-info: | enp0s3 |  True |         10.0.2.15          | 255.255.255.0 | global | 02:20:67:8c:d5:af |
[0;32m  OK  [0m] Reached target System Initialization.
[   14.177091] cloud-init[968]: ci-info: | enp0s3 |  True | fe80::20:67ff:fe8c:d5af/64 |       .       |  link  | 02:20:67:8c:d5:af |
[   14.281002] cloud-init[968]: ci-info: | enp0s8 | False |             .              |       .       |   .    | 08:00:27:8b:2b:0f |
[   14.281639] cloud-init[968]: ci-info: |   lo   |  True |         127.0.0.1          |   255.0.0.0   |  host  |         .         |
[[0;32m  OK  [0m] Started Daily apt download activities.
         Starting Socket activation for snappy daemon.
[   14.281817] cloud-init[968]: ci-info: |   lo   |  True |          ::1/128           |       .       |  host  |         .         |
[   14.383691] cloud-init[968]: ci-info: +--------+-------+----------------------------+---------------+--------+-------------------+
[[0;32m  OK  [0m] Started Daily Cleanup of Temporary Directories.
[   14.384834] cloud-init[968]: ci-info: +++++++++++++++++++++++++++Route IPv4 info++++++++++++++++++++++++++++
[[0;32m  OK  [0m] Started Daily apt upgrade and clean activities.
[   14.442840] cloud-init[968]: ci-info: +-------+-------------+----------+---------------+-----------+-------+
[   14.485341] cloud-init[968]: ci-info: | Route | Destination | Gateway  |    Genmask    | Interface | Flags |
[   14.485876] cloud-init[968]: ci-info: +-------+-------------+----------+---------------+-----------+-------+
         Starting LXD - unix socket.
[   14.486138] cloud-init[968]: ci-info: |   0   |   0.0.0.0   | 10.0.2.2 |    0.0.0.0    |   enp0s3  |   UG  |
[   14.596898] cloud-init[968]: ci-info: |   1   |   10.0.2.0  | 0.0.0.0  | 255.255.255.0 |   enp0s3  |   U   |
[   14.597936] cloud-init[968]: ci-info: +-------+-------------+----------+---------------+-----------+-------+
[[0;32m  OK  [0m] Started ACPI Events Check.
[   14.598372] cloud-init[968]: ci-info: +++++++++++++++++++Route IPv6 info+++++++++++++++++++
[[0;32m  OK  [0m] Reached target Paths.[   14.652605] 
cloud-init[968]: ci-info: +-------+-------------+---------+-----------+-------+
[   14.780587] cloud-init[968]: ci-info: | Route | Destination | Gateway | Interface | Flags |
[   14.780952] cloud-init[968]: ci-info: +-------+-------------+---------+-----------+-------+
[[0;32m  OK  [0m] Reached target Timers.
[[   14.781233] cloud-init[968]: ci-info: |   0   |  fe80::/64  |    ::   |   enp0s3  |   U   |
[   14.867897] cloud-init[968]: ci-info: |   3   |   ff00::/8  |    ::   |   enp0s3  |   U   |
[0;32m  OK  [0m] Listening on D-Bus System Message Bus Socket.
[   14.868037] cloud-init[968]: ci-info: +-------+-------------+---------+-----------+-------+
[[0;32m  OK  [0m] Listening on ACPID Listen Socket.
[[0;32m  OK  [0m] Listening on UUID daemon activation socket.
[[0;32m  OK  [0m] Reached target Network is Online.
         Starting iSCSI initiator daemon (iscsid)...
[[0;32m  OK  [0m] Reached target Cloud-config availability.
[[0;32m  OK  [0m] Listening on Socket activation for snappy daemon.
[[0;32m  OK  [0m] Listening on LXD - unix socket.
[[0;32m  OK  [0m] Started iSCSI initiator daemon (iscsid).
         Starting Login to default iSCSI targets...
[[0;32m  OK  [0m] Reached target Sockets.
[[0;32m  OK  [0m] Reached target Basic System.
         Starting LXD - container startup/shutdown...
[[0;32m  OK  [0m] Started ACPI event daemon.
         Starting Virtualbox guest utils...
         Starting OpenBSD Secure Shell server...
         Starting /etc/rc.local Compatibility...
         Starting Login Service...
[[0;32m  OK  [0m] Started Regular background program processing daemon.
         Starting MySQL Community Server...
         Starting LSB: Record successful boot for GRUB...
[[0;32m  OK  [0m] Started Unattended Upgrades Shutdown.
         Starting LSB: MD monitoring daemon...
[[0;32m  OK  [0m] Started FUSE filesystem for LXC.
[[0;32m  OK  [0m] Started "Datadog Agent".
[[0;32m  OK  [0m] Started "Datadog Process Agent".
         Starting Accounts Service...
[[0;32m  OK  [0m] Started "Datadog Trace Agent (APM)".
[[0;32m  OK  [0m] Started Deferred execution scheduler.
         Starting System Logging Service...
[[0;32m  OK  [0m] Started D-Bus System Message Bus.
         Starting Snappy daemon...
[[0;32m  OK  [0m] Started System Logging Service.
[[0;32m  OK  [0m] Started LXD - container startup/shutdown.
[[0;32m  OK  [0m] Started /etc/rc.local Compatibility.
[[0;32m  OK  [0m] Started OpenBSD Secure Shell server.
[[0;32m  OK  [0m] Started LSB: Record successful boot for GRUB.
[[0;32m  OK  [0m] Started LSB: MD monitoring daemon.
[[0;32m  OK  [0m] Started Login to default iSCSI targets.
[[0;32m  OK  [0m] Started Login Service.
         Starting Authenticate and Authorize Users to Run Privileged Tasks...
[[0;32m  OK  [0m] Reached target Remote File Systems (Pre).
[[0;32m  OK  [0m] Reached target Remote File Systems.
         Starting LSB: Set the CPU Frequency Scaling governor to "ondemand"...
         Starting LSB: daemon to balance interrupts for SMP systems...
         Starting Permit User Sessions...
         Starting LSB: automatic crash report generation...
[[0;32m  OK  [0m] Started Permit User Sessions.
[[0;32m  OK  [0m] Started Authenticate and Authorize Users to Run Privileged Tasks.
[[0;32m  OK  [0m] Started Accounts Service.
[[0;32m  OK  [0m] Started Virtualbox guest utils.
         Starting Hold until boot process finishes up...
         Starting Terminate Plymouth Boot Screen...
[[0;32m  OK  [0m] Started LSB: Set the CPU Frequency Scaling governor to "ondemand".
[[0;32m  OK  [0m] Started Hold until boot process finishes up.
[[0;32m  OK  [0m] Started Terminate Plymouth Boot Screen.
         Starting Set console scheme...
[[0;32m  OK  [0m] Started Getty on tty1.
[[0;32m  OK  [0m] Started Serial Getty on ttyS0.
[[0;32m  OK  [0m] Reached target Login Prompts.
[[0;32m  OK  [0m] Started Snappy daemon.
[[0;32m  OK  [0m] Started LSB: daemon to balance interrupts for SMP systems.
[[0;32m  OK  [0m] Started LSB: automatic crash report generation.
[[0;32m  OK  [0m] Started Set console scheme.
[[0;32m  OK  [0m] Created slice User Slice of vagrant.
         Starting User Manager for UID 1000...
[[0;32m  OK  [0m] Started Session 1 of user vagrant.
         Starting Wait until snapd is fully seeded...
[[0;32m  OK  [0m] Started User Manager for UID 1000.
[[0;32m  OK  [0m] Started Wait until snapd is fully seeded.
         Starting Apply the settings specified in cloud-config...
[[0;32m  OK  [0m] Started MySQL Community Server.
[[0;32m  OK  [0m] Reached target Multi-User System.
[[0;32m  OK  [0m] Reached target Graphical Interface.
         Starting Update UTMP about System Runlevel Changes...
[[0;32m  OK  [0m] Started Update UTMP about System Runlevel Changes.
[   18.520791] cloud-init[1318]: Cloud-init v. 18.3-9-g2e62cb8a-0ubuntu1~16.04.2 running 'modules:config' at Wed, 24 Oct 2018 06:08:17 +0000. Up 18.13 seconds.
[[0;32m  OK  [0m] Started Apply the settings specified in cloud-config.
         Starting Execute cloud user/final scripts...
[   19.417011] cloud-init[1394]: Cloud-init v. 18.3-9-g2e62cb8a-0ubuntu1~16.04.2 running 'modules:final' at Wed, 24 Oct 2018 06:08:19 +0000. Up 19.21 seconds.
[   19.460159] cloud-init[1394]: Cloud-init v. 18.3-9-g2e62cb8a-0ubuntu1~16.04.2 finished at Wed, 24 Oct 2018 06:08:19 +0000. Datasource DataSourceNoCloud [seed=/dev/sdb][dsmode=net].  Up 19.40 seconds
[[0;32m  OK  [0m] Started Execute cloud user/final scripts.
[[0;32m  OK  [0m] Reached target Cloud-init target.

Ubuntu 16.04.5 LTS ubuntu-xenial ttyS0

ubuntu-xenial login: 