[  0.000000] Linux version 4.15.0-39-geric (buildd@lgw01-md6-054) (gcc vesin 7..0 (Uunu 7.3.-16ubuntu3)) #42-Ubuntu SMP Tue Oct 23 15:48:01 UTC 2018 (Ubuntu 4.15.0-39.42-genericc 4.1518)
[  0000000] ommad ine: BO_IMAGE=/boot/vmlinu-4150-39-genericroot=UUID=e84f4d15-c041-4927-809a-c1a45c8f5601 ro console=tty1 console=ttyS0
[    0.000000] KERNEL supported cpus:
[    0.000000]   Intel GenuineIntel
[    0.000000]   AMD AuthenticAMD
[    0.000000]   Centaur CentaurHauls
[    0.000000] x86/fpu: Supporting XSAVE feature 0x001: 'x87 floating point registers'
[    0.000000] x86/fpu: Supporting XSAVE feature 0x002: 'SSE registers'
[    0.000000] x86/fpu: Supporting XSAVE feature 0x004: 'AVX registers'
[    0.000000] x86/fpu: xstate_offset[2]:  576, xstate_sizes[2]:  256
[    0.000000] x86/fpu: Enabled xstate features 0x7, context size is 832 bytes, using 'standard' format.
[    0.000000] e820: BIOS-provided physical RAM map:
[    0.000000] BIOS-e820: [mem 0x0000000000000000-0x000000000009fbff] usable
[    0.000000] BIOS-e820: [mem 0x000000000009fc00-0x000000000009ffff] reserved
[    0.000000] BIOS-e820: [mem 0x00000000000f0000-0x00000000000fffff] reserved
[    0.000000] BIOS-e820: [mem 0x0000000000100000-0x00000000babeffff] usable
[    0.000000] BIOS-e820: [mem 0x00000000babf0000-0x0000000abffffACPI dat
[    0.00000] IOS-e80:[mem0x0000000fec00000-0x00000000fec00fff] reserved
[    0.00000] BIOSe820: [mem 0x00000000ffee00000-0x00000000fee00fff] reserved
[    0.000000] BIOS-e820: [mem 0x00000000fffc0000-0x00000000ffffffff] reserved
[    0.000000] NX (Execute Disable) protection: active
[    0.000000] SMBIOS 2.5 present.
[    0.000000] DMI: innotek GmbH VirtualBox/VirtualBox, BIOS VirtualBox 12/01/2006
[    0.000000] Hypervisor detected: KVM
[    0.000000] e820: last_pfn = 0xbabf0 max_arch_pfn = 0x400000000
[    0.000000] MTRR: Disabled
[    0.000000] x86/PAT: MTRRs disabled, skipping PAT initialization too.
[    0.000000] CPU MTRRs all blank - virtualized system.
[    0.000000] x86/PAT: Configuration [0-7]: WB  WT  UC- UC  WB  WT  UC- UC  
[    0.000000] found SMP MPtable at [mem 0x0009fff0-0x0009ffff] mapped t [        (ptrval)]
[    0.0000] Scanning 1 areas for low memory corruption
[    0.000000] RAMDISK: [mem 0x30d45000-0xx34699fff]
[    0.000000] ACPI: Early tble checksum verification disabled
[    0.000000] ACPI: RSDP 0x00000000000E0000 000024(v02 VBOX  )
[   0.00000] ACPI: XSDT 0x00000000BABF0030 00003C (v01 VBOX   VBOXXSDT 00000001 ASL  00000061)
[  0.000000] CP: FACP 0x000000BAB000 0000 (v04 VBOX   VBOXFA 00000001 ASL  00000061)
[    0.000000] ACPI: DSDT 0x00000000BABF0470 0021FF (v02 VBOX   VBOXBIOS 00000002 INTL 20100528)
[    0.000000] ACPI: FACS 0x00000000BABF0200 000040
[    0.000000] ACPI: FACS 0x00000000BABF0200 000040
[    0.000000] ACPI: APIC 0x00000000BABF0240 00005C (v02 VBOX  BOXAPIC 00000001 ASL  00000061)
[    0.000000] ACPI: SSDT 0x00000000BBF02A0 0001CC(v1 VBX  VBOXCT 00000002 INTL 20100528)
[    0.000000] No NUMA configuration found
[   0.000000] Faking a node at [mem 0x0000000000000000-0x00000000babeffff]
[    .000000] NODEDATA(0) allocated [mem 0xbabc5000-0xbabeffff]
[   0.000000] kvm-clock: cpu 0, msr 0:bab44001, primary cpu clock
[    0.000000] kvmclock: Using msrs 4b564d01 and 4b564d00
[    0.00000] kvm-clock: using sched offset of 549095469 cycles
[    0.00000] locksource: kvm-clock: mask: 0xffffffffffffffff max_cycles: 0x1cd42e4dffb, max_idle_ns: 881590591483 ns
[    0.000000] Zone ranges:
[    0.000000]   DMA      [mem 0x0000000000001000-0x000000000fffff]
[    0.000000]   DMA32    [mem 0x0000000001000000-0x00000000babeffff]
[    0.000000]   Normal   empty
[    0.000000]   Device   empty
[    0.000000] Movable zone start for each node
[    0.000000] Early memory node ranges
[    0.000000]   node   0: [mm 0x0000000000001000-0x00000000009efff]
    .000000] node   0: [me 0x00000000001000000x00000000babefff]
[   .00000] Initmem etp node 0 [m 0x00000000001000-0x0000000baeffff]
[   0.000000] Reserved but unavailable: 98 pages
[    0.000000] ACPI: PM-Timer IO Port: 0x4008
[    0.000000] IOAPIC[0]: apic_id 2, version 32, address 0xfec00000, GSI 0-2
[    0.00000] ACPI: INT_SRC_OVR (bus 0 bus_irq 0 global_irq 2 dfl dfl)
[    0.000000] ACPI: INT_SRC_OVR (bus 0 bus_irq 9 global_irq 9 low level)
[    0.000000] Using ACPI (MADT) fo SMP configuration information
[    0.000000] smpboot: Allowing 2 CPUs, 0 hotplug CPUs
[    0.000000] PM: Registered nosave memory: [mem 0x00000000-0x00000fff]
[    0.000000] PM: Registered nosave memory: [mem 0x0009f000-0x0009ffff]
[    0.000000] PM: Registered nosave memory: [mem 0x000a0000-0x000efff]
[    0.000000] PM: Registre nosaveemry: me 0x000f0000-0x000fffff]
[    0.0000] 20 [m xbac000-0xfebfffff] availle or PCIdeices
[   0.0000] Btingpaavirtlied krnl onKVM
[    0.00000] clocksoure:refined-jifis: mask: 0xfffffff max_cycles: 0xffffffff, max_idle_ns: 7645519600211568 ns
[    0.000000] random: get_random_bytes called from start_kernel+0x99/0x4fd with crng_init=0
[    0.000000] setup_percpu: NRCPUS:8192 nr_cpumask_bits:2 nr_cpu_ids:2 nr_node_ids:1
[    0.000000] percpu: Embedded 46 pages/cpu @       (ptrvl)s15152r819 d8672 u10485
[   0.000000] PV qspinlockhash tbl entie: 256 (ode: , 496bytes)
[  0.000000] Built 1 zonelists, mobility grouping on  Total pages: 752841
[    0.000000] Policy zone: DMA32
[    0.000000] Kernel command line: BOOT_IMAGE=/boot/vmlinuz-4.15.0-39-generic root=UUID=e84f4d15-c041-492809a-c1458f5601 ro console=tty1 console=ttS0
[   0.0000 Memory: 2922244K/3059256K avaiable (12300K kernel code, 2472K rwdata, 4248K rodata, 2408K init, 2416K bss, 137012K reserved, 0K cma-reserved)
[    0.000000] SLUB: HWalign=64, Oder=0-3, MinObjects=0, Us=2,Noes=1
[    0.000000] Kernel/User page tables isolation: enabled
[    0.000000] ftrace: allocating 39178 entries in 154 pages
[    0.004000] Hierarchical RCU implementation.
[    0.004000] 	RCU restricting CPUs from NR_CPUS=8192 to nr_cpu_ids=2.
[    0.004000] 	Tasks RCU enabled.
[    0.004000] RU: Adusing gemery f ru_fanout_leaf=16, nr_cpu_ids=2
[  0.004000]NRIRQS: 4544, nr_is: 440, preallocated irqs: 16
[  0.00400 Conle colurVGA+ 80x25
[    .04000] cnsoe [tty1] naled
[    0.004000] console [ttyS0] enabled
[    0.004000] ACPI: Core revision 20170831
[    0.004000] ACPI2 CPI AMtables successuly acqred and loaded
[    0.004000] APIC: Switch to symmetric I/O mode setup
[    0.004332] x2apic enabled
[    0.005480] Switched APIC routing to physical x2apic.
[    0.009204] ..TIMER: vector=0x30 apic1=0 pin1=2 apic2=-1 pin2=-1
[    0.012005] tsc: Detected 2304.000 MHz processor
[    0.013470] Calibrating delay loop (skipped) preset value.. 4608.00 BogoMIPS (lpj=9216000)
[    0.016006] pid_max: default: 32768 minimum: 301
[    0.017321] Security Framework initialized
[    0.020003] Yama: becoming mindful.
[    0.024031] AppArmor: AppArmor initialized
[    0.028118] Dentry cache hash table entries: 524288 (order: 10, 4194304 bytes)
[    0.032123] Inode-cache hash table entries: 262144 (order: 9, 2097152 bytes)
[    0.036024] Mount-cache hash table entries: 8192 (order: 4, 65536 bytes)
[    0.040017] Mountpoint-cache hash table entries: 8192 (order: 4, 65536 bytes)
[    0.044238] mce: CPU supports 0 MCE banks
[    0.045774] Last level iTLB entries: 4KB 64, 2MB 8, 4MB 8
[    0.048005] Last level dTLB entries: 4KB 64, 2MB 0, 4MB 0, 1GB 4
[    0.052006] Spectre V2 : Mitigation: Full generic retpoline
[    0.053286] Spectre V2 : Spectre v2 / SpectreRSB mitigation: Filling RSB on context switch
[    0.055232] Speculative Store Bypass: Vulnerable
[    0.056080] Freeing SMP alternatives memory: 36K
[    0.060000] smpboot: CPU0: Intel(R) Core(TM) i5-8259U CPU @ 2.30GHz (family: 0x6, model: 0x8e, stepping: 0xa)
[    0.060082] Performance Events: unsupported p6 CPU model 142 no PMU driver, software events only.
[    0.064056] Hierarchical SRCU implementation.
[    0.068534] NMI watchdog: Perf event create on CPU 0 failed with -2
[    0.072007] NMI watchdog: Perf NMI watchdog permanently disabled
[    0.076069] smp: Bringing up secondary CPUs ...
[    0.081769] x86: Booting SMP configuration:
[    0.084009] .... node  #0, CPUs:      #1
[    0.004000] kvm-clock: cpu 1, msr 0:bab44041, secondary cpu clock
[    0.004000] mce: CPU supports 0 MCE banks
[    0.252022] smp: Brought up 1 node, 2 CPUs
[    0.256033] smpboot: Max logical packages: 1
[    0.260009] smpboot: Total of 2 processors activated (9216.00 BogoMIPS)
[    0.268052] devtmpfs: initialized
[    0.272057] x86/mm: Memory block size: 128MB
[    0.276242] evm: security.selinux
[    0.280006] evm: security.SMACK64
[    0.284006] evm: security.SMACK64EXEC
[    0.288005] evm: security.SMACK64TRANSMUTE
[    0.292006] evm: security.SMACK64MMAP
[    0.296007] evm: security.apparmor
[    0.300007] evm: security.ima
[    0.304008] evm: security.capability
[    0.305515] clocksource: jiffies: mask: 0xffffffff max_cycles: 0xffffffff, max_idle_ns: 7645041785100000 ns
[    0.308040] futex hash table entries: 512 (order: 3, 32768 bytes)
[    0.312078] pinctrl core: initialized pinctrl subsystem
[    0.316134] RTC time:  3:42:08, date: 11/26/18
[    0.320246] NET: Registered protocol family 16
[    0.324112] audit: initializing netlink subsys (disabled)
[    0.325853] audit: type=2000 audit(1543203728.072:1): state=initialized audit_enabled=0 res=1
[    0.328015] cpuidle: using governor ladder
[    0.329054] cpuidle: using governor menu
[    0.332053] ACPI: bus type PCI registered
[    0.333266] acpiphp: ACPI Hot Plug PCI Controller Driver version: 0.5
[    0.336224] PCI: Using configuration type 1 for base access
[    0.340152] HugeTLB registered 2.00 MiB page size, pre-allocated 0 pages
[    0.344112] ACPI: Added _OSI(Module Device)
[    0.345449] ACPI: Added _OSI(Processor Device)
[    0.348031] ACPI: Added _OSI(3.0 _SCP Extensions)
[    0.352012] ACPI: Added _OSI(Processor Aggregator Device)
[    0.353772] ACPI: Added _OSI(Linux-Dell-Video)
[    0.356014] ACPI: Added _OSI(Linux-Lenovo-NV-HDMI-Audio)
[    0.357850] ACPI: Executed 1 blocks of module-level executable AML code
[    0.362997] ACPI: Interpreter enabled
[    0.364021] ACPI: (supports S0 S5)
[    0.364913] ACPI: Using IOAPIC for interrupt routing
[    0.366479] PCI: Using host bridge windows from ACPI; if necessary, use "pci=nocrs" and report a bug
[    0.368241] ACPI: Enabled 2 GPEs in block 00 to 07
[    0.377830] ACPI: PCI Root Bridge [PCI0] (domain 0000 [bus 00-ff])
[    0.380018] acpi PNP0A03:00: _OSC: OS supports [ASPM ClockPM Segments MSI]
[    0.384055] acpi PNP0A03:00: _OSC: not requesting OS control; OS requires [ExtendedConfig ASPM ClockPM MSI]
[    0.388030] acpi PNP0A03:00: fail to add MMCONFIG information, can't access extended PCI configuration space under this bridge.
[    0.392534] PCI host bridge to bus 0000:00
[    0.396009] pci_bus 0000:00: root bus resource [io  0x0000-0x0cf7 window]
[    0.400010] pci_bus 0000:00: root bus resource [io  0x0d00-0xffff window]
[    0.404009] pci_bus 0000:00: root bus resource [mem 0x000a0000-0x000bffff window]
[    0.408010] pci_bus 0000:00: root bus resource [mem 0xbac00000-0xfdffffff window]
[    0.412010] pci_bus 0000:00: root bus resource [bus 00-ff]
[    0.419262] pci 0000:00:01.1: legacy IDE quirk: reg 0x10: [io  0x01f0-0x01f7]
[    0.420010] pci 0000:00:01.1: legacy IDE quirk: reg 0x14: [io  0x03f6]
[    0.424009] pci 0000:00:01.1: legacy IDE quirk: reg 0x18: [io  0x0170-0x0177]
[    0.428026] pci 0000:00:01.1: legacy IDE quirk: reg 0x1c: [io  0x0376]
[    0.457711] pci 0000:00:07.0: quirk: [io  0x4000-0x403f] claimed by PIIX4 ACPI
[    0.460039] pci 0000:00:07.0: quirk: [io  0x4100-0x410f] claimed by PIIX4 SMB
[    0.478436] ACPI: PCI Interrupt Link [LNKA] (IRQs 5 9 10 *11)
[    0.480503] ACPI: PCI Interrupt Link [LNKB] (IRQs 5 9 *10 11)
[    0.481973] ACPI: PCI Interrupt Link [LNKC] (IRQs 5 *9 10 11)
[    0.484198] ACPI: PCI Interrupt Link [LNKD] (IRQs 5 9 10 *11)
[    0.488456] SCSI subsystem initialized
[    0.492075] pci 0000:00:02.0: vgaarb: setting as boot VGA device
[    0.496000] pci 0000:00:02.0: vgaarb: VGA device added: decodes=io+mem,owns=io+mem,locks=none
[    0.496012] pci 0000:00:02.0: vgaarb: bridge control possible
[    0.500008] vgaarb: loaded
[    0.501104] ACPI: bus type USB registered
[    0.502552] usbcore: registered new interface driver usbfs
[    0.504021] usbcore: registered new interface driver hub
[    0.508045] usbcore: registered new device driver usb
[    0.509903] EDAC MC: Ver: 3.0.0
[    0.512399] PCI: Using ACPI for IRQ routing
[    0.514152] NetLabel: Initializing
[    0.516020] NetLabel:  domain hash size = 128
[    0.518394] NetLabel:  protocols = UNLABELED CIPSOv4 CALIPSO
[    0.520029] NetLabel:  unlabeled traffic allowed by default
[    0.524189] clocksource: Switched to clocksource kvm-clock
[    0.540676] VFS: Disk quotas dquot_6.6.0
[    0.542288] VFS: Dquot-cache hash table entries: 512 (order 0, 4096 bytes)
[    0.545822] AppAmor: AppArmor Filesystem Enabled
[   .578] p:PnAC ini

[    0.887] p:PnP ACPI: found 3 devices
[    1.067179]clcksource: ac_p mk:0xfff x_ccls: 0ffff m_idle_ns: 208570102 n
[    1.670723] NET: Registered protocol family 2

[    1.672764] TCP established hash table entries: 32768 (order: 6, 262144 bytes)
[    1.675890] TCP bind hash table entri: 32768 (order: 7, 524288 bytes)
[    1.727484] TCP: Ha tables configure (taished 376bi 3768)
[  20653 U hh tale eri: 48(oer4,6536yts)[    2.715063] UDP-Lite hash table entries: 2048 (order: 4, 65536 bytes)
[    2.744742] NET: Registered protocol family 1
[    2.746129] pci 0000:00:00.0: Limiting direct PCI/PCI transfers
[    2.748237] pci 0000:00:0.0: Activating ISA DMA hang workarounds
[    2.774666] pci 0000:00:02.0: Video device with shadowed ROM at [mem 0x000c0000-0x000dffff]
[    2.777088] Unpackin itrfs...

[    3.659082] Freeing initrd memory: 58708K
[    3.726729] platform rtc_cmos: registered platform RTC device (no PNP device found)
[    3.822664] Scanning for low memory corruption every 60 seconds
[    3.825978] Initialise system trusted keyrings
[    3.829293] Key type blacklist registered
[    3.830559] workingset: timestamp_bits=36 max_order=20 bucket_order=0
[    3.834067] zbud: loaded
[    3.836874] squashfs: version 4.0 (2009/01/31) Phillip Lougher
[    3.838844] fuse init (API version 7.26)
[    3.844686] Key type asymmetric registered
[    3.846042] Asymmetric key parser 'x509' registered
[    3.849299] Block layer SCSI generic (bsg) driver version 0.4 loaded (major 246)
[    3.852958] io scheduler noop registered
[    3.854142] io scheduler deadline registered
[    3.855525] io scheduler cfq registered (default)
[    3.857910] ACPI: AC Adapter [AC] (on-line)
[    3.859657] input: Power Button as /devices/LNXSYSTM:00/LNXPWRBN:00/input/input0
[    3.863017] ACPI: Power Button [PWRF]
[    3.864186] input: Sleep Button as /devices/LNXSYSTM:00/LNXSLPBN:00/input/input1
[    3.868575] ACPI: Sleep Button [SLPF]
[    3.871818] virtio-pci 0000:00:03.0: virtio_pci: leaving for legacy driver
[    3.872421] ACPI: Battery Slot [BAT0] (battery present)
[    3.878976] Serial: 8250/16550 driver, 32 ports, IRQ sharing enabled
[    3.909730] 00:02: ttyS0 at I/O 0x3f8 (irq = 4, base_baud = 115200) is a 16550A
[    3.979828] Linux agpgart interface v0.103
[    3.982714] loop: module loaded
[    3.984528] scsi host0: ata_piix
[    3.985457] scsi host1: ata_piix
[    3.986256] ata1: PATA max UDMA/33 cmd 0x1f0 ctl 0x3f6 bmdma 0xd000 irq 14
[    3.987777] ata2: PATA max UDMA/33 cmd 0x170 ctl 0x376 bmdma 0xd008 irq 15
[    3.989421] libphy: Fixed MDIO Bus: probed
[    3.995834] tun: Universal TUN/TAP device driver, 1.6
[    3.997188] PPP generic driver version 2.4.2
[    3.998367] ehci_hcd: USB 2.0 'Enhanced' Host Controller (EHCI) Driver
[    4.050856] ehci-pci: EHCI PCI platform driver
[    4.053325] ehci-platform: EHCI generic platform driver
[    4.054599] ohci_hcd: USB 1.1 'Open' Host Controller (OHCI) Driver
[    4.056086] ohci-pci: OHCI PCI platform driver
[    4.057263] ohci-platform: OHCI generic platform driver
[    4.058580] uhci_hcd: USB Universal Host Controller Interface driver
[    4.060200] i8042: PNP: PS/2 Controller [PNP0303:PS2K,PNP0f03:PS2M] at 0x60,0x64 irq 1,12
[    4.062489] serio: i8042 KBD port at 0x60,0x64 irq 1
[    4.063804] serio: i8042 AUX port at 0x60,0x64 irq 12
[    4.065466] mousedev: PS/2 mouse device common for all mice
[    4.067499] rtc_cmos rtc_cmos: rtc core: registered rtc_cmos as rtc0
[    4.069009] input: AT Translated Set 2 keyboard as /devices/platform/i8042/serio0/input/input2
[    4.070956] rtc_cmos rtc_cmos: alarms up to one day, 114 bytes nvram
[    4.072508] i2c /dev entries driver
[    4.073323] pcie_mp2_amd: AMD(R) PCI-E MP2 Communication Driver Version: 1.0
[    4.124257] device-mapper: uevent: version 1.0.3
[    4.196972] device-mapper: ioctl: 4.37.0-ioctl (2017-09-20) initialised: dm-devel@redhat.com
[    4.320915] ledtrig-cpu: registered to indicate activity on CPUs
[    4.387004] NET: Registered protocol family 10
[    4.462797] Segment Routing with IPv6
[    4.503302] NET: Registered protocol family 17
[    4.574238] Key type dns_resolver registered
[    4.631453] RAS: Correctable Errors collector initialized.
[    4.645144] sched_clock: Marking stable (4645071611, 0)->(12990190524, -8345118913)
[    4.647288] registered taskstats version 1
[    4.648398] Loading compiled-in X.509 certificates
[    4.651603] Loaded X.509 cert 'Build time autogenerated kernel key: 28c680bedc8638650c29d29ff1fd33ae66a2014d'
[    4.657274] zswap: loaded using pool lzo/zbud
[    4.702620] Key type big_key registered
[    4.763864] Key type trusted registered
[    4.764173] tsc: Refined TSC clocksource calibration: 2304.036 MHz
[    4.764178] clocksource: tsc: mask: 0xffffffffffffffff max_cycles: 0x213619b76a9, max_idle_ns: 440795207028 ns
[    4.929006] Key type encrypted registered
[    4.931980] AppArmor: AppArmor sha1 policy hashing enabled
[    4.935766] ima: No TPM chip found, activating TPM-bypass! (rc=-19)
[    4.939345] ima: Allocated hash algorithm: sha1
[    4.941128] evm: HMAC attrs: 0x1
[    4.942948]   Magic number: 10:983:715
[    4.944504] rtc_cmos rtc_cmos: setting system clock to 2018-11-26 03:42:14 UTC (1543203734)
[    4.948522] BIOS EDD facility v0.16 2004-Jun-25, 0 devices found
[    4.950660] EDD information not available.
[    4.956709] Freeing unused kernel memory: 2408K
[    4.976184] Write protecting the kernel read-only data: 20480k
[    4.980600] Freeing unused kernel memory: 2008K
[    4.985048] Freeing unused kernel memory: 1896K
[    4.990379] x86/mm: Checked W+X mappings: passed, no W+X pages found.
[    4.994932] x86/mm: Checking user space page tables
[    5.000410] x86/mm: Checked W+X mappings: passed, no W+X pages found.
Loading, please wait...
starting version 237
[    5.063167] ACPI: Video Device [GFX0] (multi-head: yes  rom: no  post: no)
[    5.121477] input: Video Bus as /devices/LNXSYSTM:00/LNXSYBUS:00/PNP0A03:00/LNXVIDEO:00/input/input4
[    5.189780] Fusion MPT base driver 3.04.20
[    5.257113] Copyright (c) 1999-2008 LSI Corporation
[    5.319134] piix4_smbus 0000:00:07.0: SMBus Host Controller at 0x4100, revision 0
[    5.397774] AVX2 version of gcm_enc/dec engaged.
[    5.481876] AES CTR mode by8 optimization enabled
[    5.490537] virtio_net virtio0 enp0s3: renamed from eth0
[    5.569066] input: ImExPS/2 Generic Explorer Mouse as /devices/platform/i8042/serio1/input/input5
[    5.593283] Fusion MPT SPI Host driver 3.04.20
[    5.604151] mptbase: ioc0: Initiating bringup
[    5.839897] ioc0: LSI53C1030 A0: Capabilities={Initiator}
[    6.933317] scsi host2: ioc0: LSI53C1030 A0, FwRev=00000000h, Ports=1, MaxQ=256, IRQ=20
[    8.441510] scsi 2:0:0:0: Direct-Access     VBOX     HARDDISK         1.0  PQ: 0 ANSI: 5
[    8.576260] scsi target2:0:0: Beginning Domain Validation
[    8.609762] scsi target2:0:0: Domain Validation skipping write tests
[    8.658156] scsi target2:0:0: Ending Domain Validation
[    8.754821] scsi target2:0:0: asynchronous
[    8.808736] random: fast init done
[    8.831477] scsi 2:0:1:0: Direct-Access     VBOX     HARDDISK         1.0  PQ: 0 ANSI: 5
[    8.956456] scsi target2:0:1: Beginning Domain Validation
[    9.000528] scsi target2:0:1: Domain Validation skipping write tests
[    9.041409] scsi target2:0:1: Ending Domain Validation
[    9.044079] scsi target2:0:1: asynchronous
[    9.051719] random: systemd-udevd: uninitialized urandom read (16 bytes read)
[    9.054370] random: systemd-udevd: uninitialized urandom read (16 bytes read)
[    9.056407] sd 2:0:0:0: Attached scsi generic sg0 type 0
[    9.056909] sd 2:0:0:0: [sda] 20971520 512-byte logical blocks: (10.7 GB/10.0 GiB)
[    9.057034] random: systemd-udevd: uninitialized urandom read (16 bytes read)
[    9.057792] sd 2:0:0:0: [sda] Write Protect is off
[    9.057921] sd 2:0:0:0: [sda] Incomplete mode parameter data
[    9.057922] sd 2:0:0:0: [sda] Assuming drive cache: write through
[    9.059974]  sda: sda1
[    9.060665] sd 2:0:0:0: [sda] Attached SCSI disk
[    9.096314] sd 2:0:1:0: Attached scsi generic sg1 type 0
[    9.096751] sd 2:0:1:0: [sdb] 20480 512-byte logical blocks: (10.5 MB/10.0 MiB)
[    9.096861] sd 2:0:1:0: [sdb] Write Protect is off
[    9.097080] sd 2:0:1:0: [sdb] Incomplete mode parameter data
[    9.097081] sd 2:0:1:0: [sdb] Assuming drive cache: write through
[    9.100870] sd 2:0:1:0: [sdb] Attached SCSI disk
Begin: Loading essential drivers ... [   10.768551] raid6: sse2x1   gen() 11893 MB/s
[   10.896296] raid6: sse2x1   xor()  8277 MB/s
[   10.980225] raid6: sse2x2   gen() 14099 MB/s
[   11.056189] raid6: sse2x2   xor()  8958 MB/s
[   11.144119] raid6: sse2x4   gen() 13702 MB/s
[   11.272213] raid6: sse2x4   xor() 10543 MB/s
[   11.324358] raid6: avx2x1   gen() 23388 MB/s
[   11.440067] raid6: avx2x1   xor() 15754 MB/s
[   11.536573] raid6: avx2x2   gen() 26690 MB/s
[   11.620080] raid6: avx2x2   xor() 16038 MB/s
[   11.668581] raid6: avx2x4   gen() 28247 MB/s
[   11.740315] raid6: avx2x4   xor() 19065 MB/s
[   11.800728] raid6: using algorithm avx2x4 gen() 28247 MB/s
[   11.844356] raid6: .... xor() 19065 MB/s, rmw enabled
[   11.910281] raid6: using avx2x2 recovery algorithm
[   12.006325] xor: automatically using best checksumming function   avx       
[   12.062102] async_tx: api initialized (async)
done.
Begin: Running /scripts/init-premount ... done.
Begin: Mounting root file system ... Begin: Running /scripts/local-top ... done.
Begin: Running /scripts/local-premount ... [   12.151079] Btrfs loaded, crc32c=crc32c-intel
Scanning for Btrfs filesystems
done.
Warning: fsck not present, so skipping root file system
[   12.222007] EXT4-fs (sda1): mounted filesystem with ordered data mode. Opts: (null)
done.
Begin: Running /scripts/local-bottom ... done.
Begin: Running /scripts/init-bottom ... done.
[   12.468940] ip_tables: (C) 2000-2006 Netfilter Core Team
[   12.480269] systemd[1]: systemd 237 running in system mode. (+PAM +AUDIT +SELINUX +IMA +APPARMOR +SMACK +SYSVINIT +UTMP +LIBCRYPTSETUP +GCRYPT +GNUTLS +ACL +XZ +LZ4 +SECCOMP +BLKID +ELFUTILS +KMOD -IDN2 +IDN -PCRE2 default-hierarchy=hybrid)
[   12.485296] systemd[1]: Detected virtualization oracle.
[   12.487110] systemd[1]: Detected architecture x86-64.

Welcome to [1mUbuntu 18.04.1 LTS[0m!

[   12.497090] systemd[1]: Set hostname to <ubuntu-xenial>.
[   12.888024] systemd[1]: Reached target System Time Synchronized.
[[0;32m  OK  [0m] Reached target System Time Synchronized.
[   12.890768] systemd[1]: Reached target User and Group Name Lookups.
[[0;32m  OK  [0m] Reached target User and Group Name Lookups.
[   12.893997] systemd[1]: Set up automount Arbitrary Executable File Formats File System Automount Point.
[[0;32m  OK  [0m] Set up automount Arbitrary Executab…rmats File System Automount Point.
[   12.898014] systemd[1]: Started Forward Password Requests to Wall Directory Watch.
[[0;32m  OK  [0m] Started Forward Password Requests to Wall Directory Watch.
[   12.901633] systemd[1]: Reached target Swap.
[[0;32m  OK  [0m] Reached target Swap.
[   12.905272] systemd[1]: Created slice System Slice.
[[0;32m  OK  [0m] Created slice System Slice.
[[0;32m  OK  [0m] Listening on udev Control Socket.
[[0;32m  OK  [0m] Listening on Device-mapper event daemon FIFOs.
[[0;32m  OK  [0m] Listening on Syslog Socket.
[[0;32m  OK  [0m] Listening on udev Kernel Socket.
[[0;32m  OK  [0m] Listening on LVM2 poll daemon socket.
[[0;32m  OK  [0m] Listening on LVM2 metadata daemon socket.
[[0;32m  OK  [0m] Listening on Journal Audit Socket.
[[0;32m  OK  [0m] Listening on /dev/initctl Compatibility Named Pipe.
[[0;32m  OK  [0m] Listening on Journal Socket.
         Starting Set the console keyboard layout...
         Starting Uncomplicated firewall...
         Starting Create list of required st…ce nodes for the current kernel...
         Mounting POSIX Message Queue File System...
         Mounting Huge Pages File System...
         Starting Load Kernel Modules...
         Starting Monitoring of LVM2 mirrors…ng dmeventd or progress polling...
[[0;32m  OK  [0m] Created slice system-serial\x2dgetty.slice.
[[0;32m  OK  [0m] Created slice User and Session Slice.
[[0;32m  OK  [0m] Reached target Slices.
         Starting Remount Root and Kernel File Systems...
         Starting udev Coldplug all Devices...
[[0;32m  OK  [0m] Listening on Journal Socket (/dev/log).
         Starting Journal Service...
         Mounting Kernel Debug File Syste[   13.154970] lp: driver loaded but no devices found
m...
[   13.237915] EXT4-fs (sda1): re-mounted. Opts: (null)
[[0;32m  OK  [0m] Created slice system-postgresql.slice.
[[0;32m  OK  [[   13.298201] ppdev: user-space parallel port driver
0m] Started Unco[   13.307647] Loading iSCSI transport class v2.0-870.
mplicated firewall.
[[0;32m  OK  [0m] Started Journal Service.
[[0;32m  OK  [0m] Started Create list of required sta…vice nodes for the current kernel.
[[0;32m  OK  [0m] Mounted POSIX Message Queue File System.
[[0;32m  OK  [0m] Mounted Huge Pages File System.
[[0;32m  OK  [0m] Started Remount Root and Kernel File Systems.
[[   13.337306] iscsi: registered transport (tcp)
[0;32m  OK  [0m] Mounted Kernel Debug File System.
[[0;32m  OK  [0m] Started LVM2 metadata daemon.
         Starting Load/Save Random Seed...
[   13.360512] iscsi: registered transport (iser)
         Starting Initial cloud-init job (pre-networking)...
         Starting Create Static Device Nodes in /dev...
         Starting Flush Journal to Persistent Storage...
[[0;32m  OK  [0m] Started Load Kernel Modules.
[[0;32m  OK  [0m] Started Monitoring of LVM2 mirrors,…sing dmeventd or progress polling.
[[0;32m  OK  [0m] Started udev Coldplug all Devices.
[[0;32m  OK  [0m] Started Load/Save Random Seed.
         Mounting FUSE Control File System...
         Mounting Kernel Configuration File System...
         Starting Apply Kernel Variables...
[[0;32m  OK  [0m] Mounted FUSE Control File System.
[[0;32m  OK  [0m] Mounted Kern[   13.484946] random: crng init done
[   13.556223] random: 7 urandom warning(s) missed due to ratelimiting
el Configuration File System.
[[0;32m  OK  [0m] Started Set the console keyboard layout.
[   13.599046] systemd-journald[424]: Received request to flush runtime journal from PID 1
[[0;32m  OK  [0m] Started Create Static Device Nodes in /dev.
         Starting udev Kernel Device Manager...
[[0;32m  OK  [0m] Reached target Local File Systems (Pre).
         Mounting Mount unit for core, revision 5897...
[[0;32m  OK  [0m] Reached target Local File Systems.
         Starting ebtables ruleset management...
         Starting Clean up any mess left by 0dns-up...
         Starting AppArmor initialization...
         Starting Tell Plymouth To Write Out Runtime Data...
         Starting Set console font and keymap...
         Mounting Mount unit for gnome-3-26-1604, revision 74...
         Mounting Mount unit for gnome-calculator, revision 260...
         Mounting Mount unit for gtk-common-themes, revision 818...
[[0;32m  OK  [0m] Started Apply Kernel Variables.
[[0;32m  OK  [0m] Started Tell Plymouth To Write Out Runtime Data.
[[0;32m  OK  [0m] Started Set console font and keymap.
[[0;32m  OK  [0m] Started Clean up any mess left by 0dns-up.
         Starting Nameserver information manager...
[[0;32m  OK  [0m] Mounted Mount unit for core, revision 5897.
[[0;32m  OK  [0m] Mounted Mount unit for gnome-calculator, revision 260.
[[0;32m  OK  [0m] Mounted Mount unit for gtk-common-themes, revision 818.
[[0;32m  OK  [0m] Mounted Mount unit for gnome-3-26-1604, revision 74.
[[0;32m  OK  [0m] Started Nameserver information manager.
[[0;32m  OK  [0m] Started udev Kernel Device Manager.
[[0;32m  OK  [0m] Started Dispatch Password Requests to Console Directory Watch.
[[0;32m  OK  [0m] Reached target Local Encrypted Volumes.
[[0;32m  OK  [0m] Started ebtables ruleset management.
[[0;32m  OK  [0m] Started Flush Journal to Persistent Storage.
         Starting Create Volatile Files and Directories...
[[0;32m  OK  [0m] Found device /dev/ttyS0.
[[0;32m  OK  [0m] Started Create Volatile Files and Directories.
         Starting Update UTMP about System Boot/Shutdown...
         Starting Network Name Resolution...
[[0;32m  OK  [0m] Started Update UTMP about System Boot/Shutdown.
[[0;32m  OK  [0m] Started Network Name Resolution.
[[0;32m  OK  [0m] Reached target Host and Network Name Lookups.
[[0;32m  OK  [0m] Listening on Load/Save RF Kill Switch Status /dev/rfkill Watch.
[[0;32m  OK  [0m] Found device Virtio network device.
[[0;32m  OK  [0m] Started AppArmor initialization.
[   17.937663] cloud-init[438]: Cloud-init v. 18.4-0ubuntu1~18.04.1 running 'init-local' at Mon, 26 Nov 2018 03:42:27 +0000. Up 17.72 seconds.
[[0;32m  OK  [0m] Started Initial cloud-init job (pre-networking).
[[0;32m  OK  [0m] Reached target Network (Pre).
         Starting Raise network interfaces...
[[0;32m  OK  [0m] Started ifup for enp0s3.
         Starting Network Time Synchronization...
         Starting Tell Plymouth To Write Out Runtime Data...
         Stopping Network Name Resolution...
[[0;32m  OK  [0m] Started Tell Plymouth To Write Out Runtime Data.
[[0;32m  OK  [0m] Stopped Network Name Resolution.
         Starting Network Name Resolution...
[[0;32m  OK  [0m] Reached target Sound Card.
[[0;32m  OK  [0m] Started Network Time Synchronization.
[[0;32m  OK  [0m] Started Network Name Resolution.
[[0m[0;31m*     [0m] A start job is running for Raise network interfaces (5s / 5min)[K[[0;32m  OK  [0m] Started Raise network interfaces.
         Starting Initial cloud-init job (metadata service crawler)...
[   24.155543] cloud-init[1027]: Cloud-init v. 18.4-0ubuntu1~18.04.1 running 'init' at Mon, 26 Nov 2018 03:42:33 +0000. Up 24.02 seconds.
[   24.162276] cloud-init[1027]: ci-info: ++++++++++++++++++++++++++++++++++++++Net device info++++++++++++++++++++++++++++++++++++++
[   24.166827] cloud-init[1027]: ci-info: +--------+------+----------------------------+---------------+--------+-------------------+
[   24.176201] cloud-init[1027]: ci-info: | Device |  Up  |          Address           |      Mask     | Scope  |     Hw-Address    |
[   24.181962] cloud-init[1027]: ci-info: +--------+------+----------------------------+---------------+--------+-------------------+
[   24.186623] cloud-init[1027]: ci-info: | enp0s3 | True |         10.0.2.15          | 255.255.255.0 | global | 02:48:37:b8:a5:68 |
[   24.191136] cloud-init[1027]: ci-info: | enp0s3 | True | fe80::48:37ff:feb8:a568/64 |       .       |  link  | 02:48:37:b8:a5:68 |
[   24.194999] cloud-init[1027]: ci-info: |   lo   | True |         127.0.0.1          |   255.0.0.0   |  host  |         .         |
[   24.198727] cloud-init[1027]: ci-info: |   lo   | True |          ::1/128           |       .       |  host  |         .         |
[   24.203689] cloud-init[1027]: ci-info: +--------+------+----------------------------+---------------+--------+-------------------+
[   24.209050] cloud-init[1027]: ci-info: +++++++++++++++++++++++++++Route IPv4 info++++++++++++++++++++++++++++
[   24.219013] cloud-init[1027]: ci-info: +-------+-------------+----------+---------------+-----------+-------+
[   24.234137] cloud-init[1027]: ci-info: | Route | Destination | Gateway  |    Genmask    | Interface | Flags |
[   24.260298] cloud-init[1027]: ci-info: +-------+-------------+----------+---------------+-----------+-------+
[   24.273137] cloud-init[1027]: ci-info: |   0   |   0.0.0.0   | 10.0.2.2 |    0.0.0.0    |   enp0s3  |   UG  |
[   24.282794] cloud-init[1027]: ci-info: |   1   |   10.0.2.0  | 0.0.0.0  | 255.255.255.0 |   enp0s3  |   U   |
[   24.286852] cloud-init[1027]: ci-info: |   2   | 169.254.0.0 | 0.0.0.0  |  255.255.0.0  |   enp0s3  |   U   |
[   24.292809] cloud-init[1027]: ci-info: +-------+-------------+----------+---------------+-----------+-------+
[   24.298599] cloud-init[1027]: ci-info: +++++++++++++++++++Route IPv6 info+++++++++++++++++++
[   24.301708] cloud-init[1027]: ci-info: +-------+-------------+---------+-----------+-------+
[   24.316274] cloud-init[1027]: ci-info: | Route | Destination | Gateway | Interface | Flags |
[   24.319274] cloud-init[1027]: ci-info: +-------+-------------+---------+-----------+-------+
[   24.322906] cloud-init[1027]: ci-info: |   1   |  fe80::/64  |    ::   |   enp0s3  |   U   |
[   24.330624] cloud-init[1027]: ci-info: |   3   |    local    |    ::   |   enp0s3  |   U   |
[   24.341612] cloud-init[1027]: ci-info: |   4   |   ff00::/8  |    ::   |   enp0s3  |   U   |
[   24.354776] cloud-init[1027]: ci-info: +-------+-------------+---------+-----------+-------+
[[0;32m  OK  [0m] Started Initial cloud-init job (metadata service crawler).
[[0;32m  OK  [0m] Reached target System Initialization.
[[0;32m  OK  [0m] Started Daily apt download activities.
[[0;32m  OK  [0m] Listening on ACPID Listen Socket.
[[0;32m  OK  [0m] Listening on Open-iSCSI iscsid Socket.
[[0;32m  OK  [0m] Started ACPI Events Check.
[[0;32m  OK  [0m] Started resolvconf-pull-resolved.path.
[[0;32m  OK  [0m] Listening on CUPS Scheduler.
[[0;32m  OK  [0m] Started Trigger anacron every hour.
[[0;32m  OK  [0m] Listening on Avahi mDNS/DNS-SD Stack Activation Socket.
         Starting Socket activation for snappy daemon.
[[0;32m  OK  [0m] Started CUPS Scheduler.
[[0;32m  OK  [0m] Reached target Paths.
[[0;32m  OK  [0m] Started Daily Cleanup of Temporary Directories.
         Starting LXD - unix socket.
[[0;32m  OK  [0m] Listening on D-Bus System Message Bus Socket.
[[0;32m  OK  [0m] Started Daily apt upgrade and clean activities.
[[0;32m  OK  [0m] Started Message of the Day.
[[0;32m  OK  [0m] Started Discard unused blocks once a week.
[[0;32m  OK  [0m] Reached target Timers.
[[0;32m  OK  [0m] Listening on UUID daemon activation socket.
[[0;32m  OK  [0m] Reached target Cloud-config availability.
[[0;32m  OK  [0m] Listening on Socket activation for snappy daemon.
[[0;32m  OK  [0m] Listening on LXD - unix socket.
[[0;32m  OK  [0m] Reached target Sockets.
[[0;32m  OK  [0m] Reached target Basic System.
         Starting Detect the available GPUs and deal with any system changes...
         Starting resolvconf-pull-resolved.service...
         Starting PostgreSQL Cluster 10-main...
         Starting Avahi mDNS/DNS-SD Stack...
[[0;32m  OK  [0m] Started irqbalance daemon.
         Starting System Logging Service...
         Starting Dispatcher daemon for systemd-networkd...
         Starting Accounts Service...
         Starting LXD - container startup/shutdown...
         Starting Login Service...
         Starting Thermal Daemon Service...
[[0;32m  OK  [0m] Started Regular background program processing daemon.
[[0;32m  OK  [0m] Started Run anacron jobs.
[[0;32m  OK  [0m] Started ACPI event daemon.
[[0;32m  OK  [0m] Started FUSE filesystem for LXC.
[[0;32m  OK  [0m] Started D-Bus System Message Bus.
[[0;32m  OK  [0m] Started Login Service.
         Starting WPA supplicant...
         Starting Network Manager...
         Starting Disk Manager...
         Starting Save/Restore Sound Card State...
         Starting LSB: Record successful boot for GRUB...
[[0;32m  OK  [0m] Started Deferred execution scheduler.
         Starting Resets System Activity Data Collector...
[[0;32m  OK  [0m] Started CUPS Scheduler.
         Starting Restore /etc/resolv.conf i…fore the ppp link was shut down...
         Starting Modem Manager...
         Starting Snappy daemon...
[[0;32m  OK  [0m] Started System Logging Service.
[[0;32m  OK  [0m] Started Detect the available GPUs and deal with any system changes.
[[0;32m  OK  [0m] Started resolvconf-pull-resolved.service.
[[0;32m  OK  [0m] Started Thermal Daemon Service.
[[0;32m  OK  [0m] Started Resets System Activity Data Collector.
[[0;32m  OK  [0m] Started Restore /etc/resolv.conf if…before the ppp link was shut down.
[[0;32m  OK  [0m] Started Avahi mDNS/DNS-SD Stack.
[[0;32m  OK  [0m] Started Save/Restore Sound Card State.
[[0;32m  OK  [0m] Started WPA supplicant.
[[0;32m  OK  [0m] Started Make remote CUPS printers available locally.
[[0;32m  OK  [0m] Started Dispatcher daemon for systemd-networkd.
         Starting Hostname Service...
         Starting Authorization Manager...
[[0;32m  OK  [0m] Started Authorization Manager.
[[0;32m  OK  [0m] Started Accounts Service.
[[0;32m  OK  [0m] Started LSB: Record successful boot for GRUB.
[[0;32m  OK  [0m] Started Hostname Service.
[[0;32m  OK  [0m] Started Disk Manager.
[[0;32m  OK  [0m] Started Network Manager.
[[0;32m  OK  [0m] Reached target Network.
[[0;32m  OK  [0m] Started "Datadog Agent".
[[0;32m  OK  [0m] Started "Datadog Process Agent".
[[0;32m  OK  [0m] Started Unattended Upgrades Shutdown.
[[0;32m  OK  [0m] Started "Datadog Trace Agent (APM)".
         Starting Network Manager Wait Online...
[[0;32m  OK  [0m] Started Modem Manager.
         Starting Network Manager Script Dispatcher Service...
[[0;32m  OK  [0m] Started Network Manager Script Dispatcher Service.
[[0;32m  OK  [0m] Started Network Manager Wait Online.
[[0;32m  OK  [0m] Reached target Network is Online.
         Starting OpenBSD Secure Shell server...
[[0;32m  OK  [0m] Reached target Remote File Systems (Pre).
[[0;32m  OK  [0m] Reached target Remote File Systems.
         Starting Tool to automatically coll… submit kernel crash signatures...
         Starting LSB: Speech Dispatcher...
         Starting Permit User Sessions...
         Starting LSB: automatic crash report generation...
         Starting Availability of block devices...
[[0;32m  OK  [0m] Started crash report submission daemon.
[[0;32m  OK  [0m] Started LXD - container startup/shutdown.
[[0;32m  OK  [0m] Started Permit User Sessions.
         Starting GNOME Display Manager...
         Starting Hold until boot process finishes up...
[[0;32m  OK  [0m] Started OpenBSD Secure Shell server.
[[0;32m  OK  [0m] Started Tool to automatically colle…nd submit kernel crash signatures.
[[0;32m  OK  [0m] Started Hold until boot process finishes up.
         Starting Set console scheme...
[[0;32m  OK  [0m] Started Serial Getty on ttyS0.
[[0;32m  OK  [0m] Reached target Login Prompts.
[[0;32m  OK  [0m] Started LSB: Speech Dispatcher.
[[0;32m  OK  [0m] Started Availability of block devices.
[[0;32m  OK  [0m] Started Set console scheme.
[[0;32m  OK  [0m] Created slice system-getty.slice.
[[0;32m  OK  [0m] Started GNOME Display Manager.
[[0;32m  OK  [0m] Created slice User Slice of vagrant.
         Starting User Manager for UID 1000...
[[0;32m  OK  [0m] Started LSB: automatic crash report generation.
[[0;32m  OK  [0m] Started Session 1 of user vagrant.
[[0;32m  OK  [0m] Started User Manager for UID 1000.
[[0;32m  OK  [0m] Created slice User Slice of gdm.
         Starting User Manager for UID 126...
[[0;32m  OK  [0m] Started Session c1 of user gdm.
[[0;32m  OK  [0m] Started Snappy daemon.
         Starting Wait until snapd is fully seeded...
[[0;32m  OK  [0m] Started User Manager for UID 126.
[[0;32m  OK  [0m] Started Wait until snapd is fully seeded.
         Starting Apply the settings specified in cloud-config...
[   28.655156] cloud-init[1831]: Cloud-init v. 18.4-0ubuntu1~18.04.1 running 'modules:config' at Mon, 26 Nov 2018 03:42:38 +0000. Up 28.45 seconds.
[[0;32m  OK  [0m] Started Apply the settings specified in cloud-config.
         Starting Daemon for power management...
[[0;32m  OK  [0m] Started Daemon for power management.
[[0;32m  OK  [0m] Started PostgreSQL Cluster 10-main.
         Starting PostgreSQL RDBMS...
[[0;32m  OK  [0m] Started PostgreSQL RDBMS.
[[0;32m  OK  [0m] Reached target Multi-User System.
[[0;32m  OK  [0m] Reached target Graphical Interface.
         Starting Update UTMP about System Runlevel Changes...
         Starting Execute cloud user/final scripts...
[[0;32m  OK  [0m] Started Update UTMP about System Runlevel Changes.
[   30.226866] cloud-init[1968]: Cloud-init v. 18.4-0ubuntu1~18.04.1 running 'modules:final' at Mon, 26 Nov 2018 03:42:39 +0000. Up 30.12 seconds.
[   30.230148] cloud-init[1968]: Cloud-init v. 18.4-0ubuntu1~18.04.1 finished at Mon, 26 Nov 2018 03:42:39 +0000. Datasource DataSourceNoCloud [seed=/dev/sdb][dsmode=net].  Up 30.21 seconds
[[0;32m  OK  [0m] Started Execute cloud user/final scripts.
[[0;32m  OK  [0m] Reached target Cloud-init target.

Ubuntu 18.04.1 LTS ubuntu-xenial ttyS0

ubuntu-xenial login: 